// Log of Currently Installed WeiDU Mods
// The top of the file is the 'oldest' mod
// ~TP2_File~ #language_number #component_number // [Subcomponent Name -> ] Component Name [ : Version]
~TOBEX/TOBEX.TP2~ #0 #100 // TobEx - Core: v28
~TOBEX/TOBEX.TP2~ #0 #101 // Apply Concentration Check On Damage [WIP]: v28
~TOBEX/TOBEX.TP2~ #0 #102 // Awaken On Damage: v28
~TOBEX/TOBEX.TP2~ #0 #103 // Blindness As Spell Description: v28
~TOBEX/TOBEX.TP2~ #0 #104 // Disable Stoneskin Grey Colour [C]: v28
~TOBEX/TOBEX.TP2~ #0 #105 // No Spell Interruption On Zero Damage: v28
~TOBEX/TOBEX.TP2~ #0 #106 // Use Caster Level On Mirror Image [C]: v28
~TOBEX/TOBEX.TP2~ #0 #109 // Disable Experience Boost: v28
~TOBEX/TOBEX.TP2~ #0 #111 // Disable Silence On Charm: v28
~TOBEX/TOBEX.TP2~ #0 #112 // Level One Proficiency Restrictions: v28
~TOBEX/TOBEX.TP2~ #0 #113 // Remain Hidden On Pickpocket Success [C]: v28
~TOBEX/TOBEX.TP2~ #0 #114 // Rest Spawns Advance Time: v28
~TOBEX/TOBEX.TP2~ #0 #115 // Dialogue Greeting Subtitles: v28
~TOBEX/TOBEX.TP2~ #0 #116 // Enable Animation Attack Sounds: v28
~TOBEX/TOBEX.TP2~ #0 #118 // Subtitles For Standard Soundsets: v28
~TOBEX/TOBEX.TP2~ #0 #120 // Drop Inventory on Disintegrate: v28
~TOBEX/TOBEX.TP2~ #0 #121 // Drop Inventory on Frozen Death: v28
~TOBEX/TOBEX.TP2~ #0 #122 // Drop Inventory on Stone Death: v28
~TOBEX/TOBEX.TP2~ #0 #123 // Enable Auto-Pause On All Screens: v28
~TOBEX/TOBEX.TP2~ #0 #124 // Make All Attack Animations Genuine Attacks: v28
~TOBEX_AFTERLIFE/TOBEX_AFTERLIFE.TP2~ #0 #200 // TobEx AfterLife: v29.10
~BG2FIXPACK/SETUP-BG2FIXPACK.TP2~ #0 #0 // BG2 Fixpack - Core Fixes: v13
~BG2FIXPACK/SETUP-BG2FIXPACK.TP2~ #0 #3 // BETA Core Fixes (please check the readme!): v13
~BG2FIXPACK/SETUP-BG2FIXPACK.TP2~ #0 #100 // Party Gets XP for Sending Keldorn to Reconcile With Maria: v13
~BG2FIXPACK/SETUP-BG2FIXPACK.TP2~ #0 #101 // Improved Spell Animations: v13
~BG2FIXPACK/SETUP-BG2FIXPACK.TP2~ #0 #103 // Mixed-Use Dagger Fixes: v13
~BG2FIXPACK/SETUP-BG2FIXPACK.TP2~ #0 #104 // Ghreyfain's Holy Symbol Fixes: v13
~BG2FIXPACK/SETUP-BG2FIXPACK.TP2~ #0 #106 // Giants Receive Penalties When Attacking Halflings, Dwarves, and Gnomes: v13
~BG2FIXPACK/SETUP-BG2FIXPACK.TP2~ #0 #107 // Remove Dual-Classing Restriction from Archers and Stalkers: v13
~BG2FIXPACK/SETUP-BG2FIXPACK.TP2~ #0 #108 // Remove Second Attribute Bonus for Evil Path in Wrath Hell Trial: v13
~BG2FIXPACK/SETUP-BG2FIXPACK.TP2~ #0 #109 // Corrected Summoned Demon Behavior: v13
~BG2FIXPACK/SETUP-BG2FIXPACK.TP2~ #0 #110 // Additional Script Fixes: v13
~BG2FIXPACK/SETUP-BG2FIXPACK.TP2~ #0 #111 // Bard Song Fixes: v13
~BG2FIXPACK/SETUP-BG2FIXPACK.TP2~ #0 #112 // Wizard Slayers Cause Miscast Magic on Ranged Attacks: v13
~BG2FIXPACK/SETUP-BG2FIXPACK.TP2~ #0 #113 // Additional Alignment Fixes: v13
~BG2FIXPACK/SETUP-BG2FIXPACK.TP2~ #0 #115 // Paws from Shapeshifting Can Not Be Dispelled: v13
~BG2FIXPACK/SETUP-BG2FIXPACK.TP2~ #0 #116 // Remove Thieving Start Bonuses from Bard and Ranger Skills: v13
~BG2GTUEESTYLE/SETUP-BG2GTUEESTYLE.TP2~ #0 #0 // BG2 GTU EE-style (English only): 2.2
~BG2GTUEESTYLE/SETUP-BG2GTUEESTYLE.TP2~ #0 #10 // Additional voice over for three NPCs: 2.2
~BGT/BGT.TP2~ #0 #0 // Baldur's Gate Trilogy - Core: v1.23
~BGGO/BGGO.TP2~ #0 #0 // BGGO for EET, BGT, BGEE, BG2EE, ToB and Tutu: v3.0 beta
~TXTMUSIC/TXTMUSIC.TP2~ #0 #0 // Restored Textscreen Music for BG1TuTu, EasyTutu, and BGT-WeiDU: 9 (22 Mar 13)
~BG2IMPROVEDGUI/BG2IMPROVEDGUI.TP2~ #0 #3000 // Innate/Ability/Spell Description Screen on Right Click (includes Icon/Item Abilities/Tooltip fixes and Innate/Ability text update by Prozh): 5.6
~1PP/1PP.TP2~ #0 #101 // 1ppv4: Core paperdolls (main component): v4.2.1
~1PP/1PP.TP2~ #0 #103 // 1ppv4: Extended palette entries -> Full install (recommended): v4.2.1
~1PP/1PP.TP2~ #0 #105 // 1ppv4: Avatar fixes: v4.2.1
~1PP/1PP.TP2~ #0 #106 // 1ppv4: Female Dwarves -> Separate Avatars for Female Dwarves - Baldur's Gate II: v4.2.1
~1PP/1PP.TP2~ #0 #111 // 1ppv4: Thieves Galore -> BGII - Unique Thief Avatars: v4.2.1
~1PP/1PP.TP2~ #0 #114 // 1ppv4: Softer Spell Effects: v4.2.1
~1PP/1PP.TP2~ #0 #205 // 1ppv4: Legacy Shields: v4.2.1
~1PP/1PP.TP2~ #0 #206 // 1ppv4: Additional Shield Animations (core): v4.2.1
~1PP/1PP.TP2~ #0 #207 // 1ppv4: Wizards' Staves (core): v4.2.1
~1PP/1PP.TP2~ #0 #208 // 1ppv4: Additional Helmet Animations (core): v4.2.1
~1PP/1PP.TP2~ #0 #209 // 1ppv4: Attachable wings (core): v4.2.1
~1PP/1PP.TP2~ #0 #300 // 1ppv4: Fixed animations for solars and elementals: v4.2.1
~1PP/1PP.TP2~ #0 #301 // 1ppv4: Miscellaneous content fixes: v4.2.1
~C#ENDLESSBG1/C#ENDLESSBG1.TP2~ #0 #0 // Endless BG1: Main Component (Required): 17
~C#ENDLESSBG1/C#ENDLESSBG1.TP2~ #0 #3 // Sarevok's Unique Items: 17
~C#ENDLESSBG1/C#ENDLESSBG1.TP2~ #0 #4 // Sarevok's Sword: 17
~C#ENDLESSBG1/C#ENDLESSBG1.TP2~ #0 #5 // Imoen and Duke Jannath (Imoen Gets Residence Inside Palace): 17
~C#ENDLESSBG1/C#ENDLESSBG1.TP2~ #0 #6 // Duke Eltan Is in the Palace: 17
~C#ENDLESSBG1/C#ENDLESSBG1.TP2~ #0 #7 // Flaming Fist After Final Fight: 17
~C#ENDLESSBG1/C#ENDLESSBG1.TP2~ #0 #9 // Elminster Makes an Appearance -> Restored BG1 Text: 17
~C#ENDLESSBG1/C#ENDLESSBG1.TP2~ #0 #12 // Denkod in Thieves' Guild Comments on Sarevok's Death: 17
~C#ENDLESSBG1/C#ENDLESSBG1.TP2~ #0 #13 // Skip Thieves' Maze Once After Sarevok's Death: 17
~NTOTSC/NTOTSC.TP2~ #0 #0 // Northern Tales of the Sword Coast (NTotSC) for BGT-Weidu, BG:EE, and EET: 5.0.0
~NTOTSC/NTOTSC.TP2~ #0 #1 // Spawn less Monsters depending on Game Difficulty: 5.0.0
~NTOTSC/NTOTSC.TP2~ #0 #2 // Keelor the Dwarf: 5.0.0
~NTOTSC/NTOTSC.TP2~ #0 #3 // Llindellyn's Lucky Arrow: 5.0.0
~NTOTSC/NTOTSC.TP2~ #0 #4 // Nim Furlwing's Hunting Hounds: 5.0.0
~NTOTSC/NTOTSC.TP2~ #0 #9 // Fighting Encounters: 5.0.0
~NTOTSC/NTOTSC.TP2~ #0 #10 // Improved Lesser Fiends: 5.0.0
~NTOTSC/NTOTSC.TP2~ #0 #11 // Improved Haeball: 5.0.0
~NTOTSC/NTOTSC.TP2~ #0 #12 // Improved Ghotal: 5.0.0
~NTOTSC/NTOTSC.TP2~ #0 #14 // Reduce Number of Shaman Cloaks -> Make Cloaks Undroppable: 5.0.0
~BONEHILLV275/SETUP-BONEHILLV275.TP2~ #0 #0 // Secret of BoneHill (Requires BGT or Tutu): v2.75c BWP Fix
~DRIZZTSAGA/DRIZZTSAGA.TP2~ #0 #1 // The Drizzt Saga for BGEE/Tutu/BGT -> BP-BGT Worldmap version: all areas added to worldmap (requires BP-BGT Worldmap): v3.00
~DRIZZTSAGA/DRIZZTSAGA.TP2~ #0 #3 // Delayed start: Drizzt joins after Durlag's Tower: v3.00
~DRIZZTSAGA/DRIZZTSAGA.TP2~ #0 #4 // Fewer NPC's items exploit: v3.00
~DRIZZTSAGA/DRIZZTSAGA.TP2~ #0 #5 // Magical Items Nerfing: v3.00
~BGQE/SETUP-BGQE.TP2~ #0 #0 // Slime Quest: 26.1
~BGQE/SETUP-BGQE.TP2~ #0 #1 // Beregost Family Quest: 26.1
~BGQE/SETUP-BGQE.TP2~ #0 #2 // Babysitting Quest, including the Carnival Encounter...: 26.1
~BGQE/SETUP-BGQE.TP2~ #0 #3 // Nashkel Monster Quest: 26.1
~BGQE/SETUP-BGQE.TP2~ #0 #4 // Fallen Paladin Quest: 26.1
~BGQE/SETUP-BGQE.TP2~ #0 #5 // Undying Love Quest: 26.1
~BGQE/SETUP-BGQE.TP2~ #0 #6 // Lovesick Half-Orc: 26.1
~BGQE/SETUP-BGQE.TP2~ #0 #7 // Unexpected Help Quest: 26.1
~BGQE/SETUP-BGQE.TP2~ #0 #8 // Many Little Paws: 26.1
~BGQE/SETUP-BGQE.TP2~ #0 #9 // Drunk near Beregost Temple: 26.1
~BGQE/SETUP-BGQE.TP2~ #0 #10 // A Warm Place for Noober: 26.1
~BGQE/SETUP-BGQE.TP2~ #0 #11 // Brage's Sword: 26.1
~BGQE/SETUP-BGQE.TP2~ #0 #12 // Legal Sea Charts Sources: 26.1
~BGQE/SETUP-BGQE.TP2~ #0 #13 // Additions to the Lady's Hall and the Bitch Queen's Temple: 26.1
~BGQE/SETUP-BGQE.TP2~ #0 #14 // A Worried Farmer: 26.1
~BGQE/SETUP-BGQE.TP2~ #0 #15 // Bodies for a Good Cause: 26.1
~BGQE/SETUP-BGQE.TP2~ #0 #16 // Finish Cordyr's Quest without killing Sil: 26.1
~SIRINESCALL/SETUP-SIRINESCALL.TP2~ #0 #0 // The Lure of the Sirine's Call: v16.3
~SIRINESCALL/SETUP-SIRINESCALL.TP2~ #0 #1 // Extended Lighthouse Area: v16.3
~AC_QUEST/AC_QUEST.TP2~ #1 #0 // A Job Well-Paid: 5.0
~AC_QUEST/AC_QUEST.TP2~ #1 #1 // A Feast for the Gnolls: 5.0
~AC_QUEST/AC_QUEST.TP2~ #1 #2 // Jumper: 5.0
~AC_QUEST/AC_QUEST.TP2~ #1 #3 // The Lost Son: 5.0
~AC_QUEST/AC_QUEST.TP2~ #1 #4 // Of Wolves and Men -> Quest uses hut near Thalantyr in High Hedge.: 5.0
~AC_QUEST/AC_QUEST.TP2~ #1 #6 // The Great Carlini: 5.0
~AC_QUEST/AC_QUEST.TP2~ #1 #7 // A Home for the Gibberlings: 5.0
~AC_QUEST/AC_QUEST.TP2~ #1 #8 // Fangirls: 5.0
~AC_QUEST/AC_QUEST.TP2~ #1 #10 // The Serpents of Abbathor -> Tweaked version: quest can be finished in BG1.: 5.0
~THECALLING/THECALLING.TP2~ #0 #0 // The Calling: v3
~THECALLING/THECALLING.TP2~ #0 #20 // Peaceful Werewolf Isle Resolution: v3
~THECALLING/THECALLING.TP2~ #0 #40 // Exotic Item Pack: v3
~BST/SETUP-BST.TP2~ #0 #0 // The BS Company presents Balduran's Seatower: vEAOB.8
~BG1NPC/BG1NPC.TP2~ #0 #0 // The BG1 NPC Project: Required Modifications: v32
~BG1NPC/BG1NPC.TP2~ #0 #10 // The BG1 NPC Project: Banters, Quests, and Interjections: v32
~BG1NPC/BG1NPC.TP2~ #0 #20 // The BG1 NPC Project: Ajantis Romance Core (teen content) -> Speed: 1 hour real time (standard) minimum between LoveTalks: v32
~BG1NPC/BG1NPC.TP2~ #0 #30 // The BG1 NPC Project: Branwen's Romance Core (teen content) -> Speed: 1 hour real time (standard) minimum between LoveTalks: v32
~BG1NPC/BG1NPC.TP2~ #0 #40 // The BG1 NPC Project: Coran's Romance Core (adult content) -> Speed: 1 hour real time (standard) minimum between LoveTalks: v32
~BG1NPC/BG1NPC.TP2~ #0 #50 // The BG1 NPC Project: Dynaheir's Romance Core (teen content) -> Speed: 1 hour real time (standard) minimum between LoveTalks: v32
~BG1NPC/BG1NPC.TP2~ #0 #60 // The BG1 NPC Project: Shar-Teel Relationship Core (adult content) -> Speed: 1 hour real time (standard) minimum between LoveTalks: v32
~BG1NPC/BG1NPC.TP2~ #0 #70 // The BG1 NPC Project: Xan's Romance Core (teen content) -> Speed: 1 hour real time (standard) minimum between LoveTalks: v32
~BG1NPC/BG1NPC.TP2~ #0 #80 // The BG1 NPC Project: Female Romance Challenges, Ajantis vs Xan vs Coran: v32
~BG1NPC/BG1NPC.TP2~ #0 #100 // Jason Compton's Accelerated Banter Script: v32
~BG1NPC/BG1NPC.TP2~ #0 #120 // The BG1 NPC Project: Bardic Reputation Adjustment: v32
~BG1NPC/BG1NPC.TP2~ #0 #130 // The BG1 NPC Project: Sarevok's Diary Adjustments -> SixofSpades Extended Sarevok's Diary: v32
~BG1NPC/BG1NPC.TP2~ #0 #241 // The BG1 NPC Project: Kivan's Proficiency -> Kivan uses halberds: v32
~BG1NPCMUSIC/SETUP-BG1NPCMUSIC.TP2~ #0 #0 // The BG1 NPC Project Music Pack -> Install All Audio: v6
~BG1RE/SETUP-BG1RE.TP2~ #0 #103 // Main Component: Amount of -ahem- details and BG-style vs. description text! (Required) -> BG-style Version [Adult content] and Show/Install all Components with Warnings.: 10.1
~BG1RE/SETUP-BG1RE.TP2~ #0 #2 // Scar's Spare Time, by jastey: 10.1
~BG1RE/SETUP-BG1RE.TP2~ #0 #4 // Extension of Bjornin Encounter (Personal Wound Treatment), by jastey: 10.1
~BG1RE/SETUP-BG1RE.TP2~ #0 #5 // No Starch in the Maypole: 10.1
~BG1RE/SETUP-BG1RE.TP2~ #0 #6 // Duke Eltan's Spare Minute, by jastey: 10.1
~BG1RE/SETUP-BG1RE.TP2~ #0 #8 // Laurel's Post-Hunting, by jastey: 10.1
~BG1RE/SETUP-BG1RE.TP2~ #0 #9 // Bartus' Seduction, by jastey: 10.1
~BG1RE/SETUP-BG1RE.TP2~ #0 #10 // Lina's Massage, by jastey: 10.1
~BG1RE/SETUP-BG1RE.TP2~ #0 #11 // First Night with Quentin, by Kulyok: 10.1
~BG1RE/SETUP-BG1RE.TP2~ #0 #13 // Slythe and Krystin, by Kulyok (mature content. WARNING - refer to the readme!): 10.1
~BG1RE/SETUP-BG1RE.TP2~ #0 #14 // No Regrets: 10.1
~BG1RE/SETUP-BG1RE.TP2~ #0 #15 // Purchased Love, by Thimblerig: 10.1
~BG1RE/SETUP-BG1RE.TP2~ #0 #17 // Late Night with Jaheira, by Kulyok: 10.1
~BG1RE/SETUP-BG1RE.TP2~ #0 #18 // Sil's Blessing, by Lava: 10.1
~BG1RE/SETUP-BG1RE.TP2~ #0 #19 // Melicamp: The Poultry Boy, by Lava: 10.1
~BG1RE/SETUP-BG1RE.TP2~ #0 #20 // Reading with Rinnie, by Western Paladin: 10.1
~BG1RE/SETUP-BG1RE.TP2~ #0 #21 // Molly the Husband-Grabber, by Kulyok: 10.1
~BG1RE/SETUP-BG1RE.TP2~ #0 #22 // The Mourning of Centeol, the Spider Lady, by Lava: 10.1
~BG1RE/SETUP-BG1RE.TP2~ #0 #24 // The Harvestmen Lair, by Lava (mature content): 10.1
~BG1RE/SETUP-BG1RE.TP2~ #0 #25 // The Great Zudini, by Kulyok (mature content): 10.1
~BG1RE/SETUP-BG1RE.TP2~ #0 #26 // The Messenger, by Thimblerig: 10.1
~BG1RE/SETUP-BG1RE.TP2~ #0 #27 // Ender Sai, the Hero's Reward, by Thimblerig (WARNING - refer to the readme!): 10.1
~BG1RE/SETUP-BG1RE.TP2~ #0 #28 // The Novelists, by Thimblerig: 10.1
~BG1RE/SETUP-BG1RE.TP2~ #0 #29 // The Honest Lies of Two Riversides, By Lava: 10.1
~BG1RE/SETUP-BG1RE.TP2~ #0 #30 // Necromancer's Trouble, by jastey: 10.1
~BG1RE/SETUP-BG1RE.TP2~ #0 #31 // Dinner with Thalantyr, by jastey: 10.1
~BG1RE/SETUP-BG1RE.TP2~ #0 #32 // Girdle of Gender Reactions, by Thimblerig, Kulyok, Domi, Lava, Lastknightleft, Twani, Jastey, Daisy Ninja Girl: 10.1
~BG1RE/SETUP-BG1RE.TP2~ #0 #33 // The Surgeon's Dream, by Kulyok: 10.1
~BG1RE/SETUP-BG1RE.TP2~ #0 #34 // All That Left Was, by Lava and Thimblerig: 10.1
~BG1RE/SETUP-BG1RE.TP2~ #0 #35 // A Childhood Friend, by Kulyok: 10.1
~BG1RE/SETUP-BG1RE.TP2~ #0 #36 // Arlene the Working Girl, by Kulyok: 10.1
~BG1RE/SETUP-BG1RE.TP2~ #0 #37 // Della May from Thay, by Kulyok: 10.1
~BG1RE/SETUP-BG1RE.TP2~ #0 #39 // Phoenix Flame, by Kulyok (mature content): 10.1
~BG1RE/SETUP-BG1RE.TP2~ #0 #40 // Mikala the Monk, by Twani: 10.1
~BG1RE/SETUP-BG1RE.TP2~ #0 #41 // The Messenger 2: Rain or Snow or Gloom of Night, by Thimblerig and tibicina: 10.1
~BG1RE/SETUP-BG1RE.TP2~ #0 #42 // Camryn and Tamah, by tibicina: 10.1
~BG1RE/SETUP-BG1RE.TP2~ #0 #43 // Minor Disclosures, by jastey: 10.1
~BG1RE/SETUP-BG1RE.TP2~ #0 #44 // Cloakwood Lovers, by tibicina: 10.1
~BG1UB/SETUP-BG1UB.TP2~ #0 #0 // Ice Island Level Two Restoration: v16.4
~BG1UB/SETUP-BG1UB.TP2~ #0 #1 // The Mysterious Vial: v16.4
~BG1UB/SETUP-BG1UB.TP2~ #0 #8 // Safana the Flirt: v16.4
~BG1UB/SETUP-BG1UB.TP2~ #0 #9 // Appropriate Albert and Rufie Reward: v16.4
~BG1UB/SETUP-BG1UB.TP2~ #0 #10 // Place Entar Silvershield in His Home: v16.4
~BG1UB/SETUP-BG1UB.TP2~ #0 #11 // Scar and the Sashenstar's Daughter: v16.4
~BG1UB/SETUP-BG1UB.TP2~ #0 #12 // Quoningar, the Cleric: v16.4
~BG1UB/SETUP-BG1UB.TP2~ #0 #13 // Shilo Chen and the Ogre-Magi: v16.4
~BG1UB/SETUP-BG1UB.TP2~ #0 #14 // Edie, the Merchant League Applicant: v16.4
~BG1UB/SETUP-BG1UB.TP2~ #0 #15 // Flaming Fist Mercenary Reinforcements: v16.4
~BG1UB/SETUP-BG1UB.TP2~ #0 #16 // Creature Corrections: v16.4
~BG1UB/SETUP-BG1UB.TP2~ #0 #17 // Creature Restorations: v16.4
~BG1UB/SETUP-BG1UB.TP2~ #0 #18 // Creature Name Restorations: v16.4
~BG1UB/SETUP-BG1UB.TP2~ #0 #19 // Minor Dialogue Restorations: v16.4
~BG1UB/SETUP-BG1UB.TP2~ #0 #20 // Audio Restorations: v16.4
~BG1UB/SETUP-BG1UB.TP2~ #0 #21 // Store, Tavern and Inn Fixes and Restorations: v16.4
~BG1UB/SETUP-BG1UB.TP2~ #0 #22 // Item Corrections and Restorations: v16.4
~BG1UB/SETUP-BG1UB.TP2~ #0 #23 // Area Corrections and Restorations: v16.4
~BG1UB/SETUP-BG1UB.TP2~ #0 #24 // Permanent Corpses: v16.4
~BG1UB/SETUP-BG1UB.TP2~ #0 #28 // Prism and the Emeralds Tweak: v16.4
~BG1UB/SETUP-BG1UB.TP2~ #0 #29 // Duke Eltan in the Harbor Master's Building: v16.4
~BG1UB/SETUP-BG1UB.TP2~ #0 #34 // Chapter 6 Dialogue Restorations: v16.4
~MUR'NETH/MUR'NETH.TP2~ #0 #0 // The Mur'Neth NPC Mod: v13.1
~MUR'NETH/MUR'NETH.TP2~ #0 #1 // Remove Rare selection sounds: v13.1
~ACBRE/ACBRE.TP2~ #1 #0 // Breagar: Contents: 12.0.0
~ACBRE/ACBRE.TP2~ #1 #10 // Change Breagar's dialog timer? (Default is 30 minutes between dialogues.) -> 45 minutes real time between talks: 12.0.0
~GARRICK-TT/SETUP-GARRICK-TT.TP2~ #1 #0 // Garrick: Tales of a Troubadour: 1.26
~CHATTYIMOEN/SETUP-CHATTYIMOEN.TP2~ #0 #0 // Chatty Imoen: Expanded Character Sounds: v1.3
~CHATTYIMOEN/SETUP-CHATTYIMOEN.TP2~ #0 #1 // Chatty Imoen: Add NPC Interactions: v1.3
~BW_HERBS/SETUP-BW_HERBS.TP2~ #0 #0 // Herbs and Potions Add-in (BG1 / BG1Tutu / BGT) by Baronius: v1.0.3 BWP Tweak
~SETUP-BGTTWEAK.TP2~ #0 #100 // Eldoth reminds of Skie's ransom: 11 (5 Feb 12) BWP Fix
~SETUP-BGTTWEAK.TP2~ #0 #400 // Add Semaj's Cloak and Upgraded Koveras' Ring of Protection: 11 (5 Feb 12) BWP Fix
~SETUP-BGTTWEAK.TP2~ #0 #901 // Random activated traps in the pirate cave -> Install-time randomisation: 11 (5 Feb 12) BWP Fix
~SETUP-BGTTWEAK.TP2~ #0 #1101 // Altered spawns -> TuTu-style levelled spawns: 11 (5 Feb 12) BWP Fix
~SETUP-BGTTWEAK.TP2~ #0 #1502 // Altered item shattering -> Make armor and shields shatter: 11 (5 Feb 12) BWP Fix
~SETUP-BGTTWEAK.TP2~ #0 #2002 // Protagonist's biography modifications -> Set BG2 biography upon Shadows of Amn transition: 11 (5 Feb 12) BWP Fix
~SETUP-BGTTWEAK.TP2~ #0 #2500 // Access Ulgoth's Beard west of Wyrm's Crossing only: 11 (5 Feb 12) BWP Fix
~SETUP-BGTTWEAK.TP2~ #0 #2600 // Prevent access to Durlag's Tower from adjacent areas: 11 (5 Feb 12) BWP Fix
~SETUP-BGTTWEAK.TP2~ #0 #2800 // Reputation Resets at Beginning of BG2: 11 (5 Feb 12) BWP Fix
~BG_TRAVEL/SETUP-BG_TRAVEL.TP2~ #0 #66 // New travel system between Baldur's Gate City areas -> Full version of component: v2.1
~BP-BALANCER/SETUP-BP-BALANCER.TP2~ #0 #26 // Item and XP Balancing for 'Secret of Bone Hill (v2.75)' -> Keep custom items: v0.35
~ASCENSION/ASCENSION.TP2~ #0 #0 // Rewritten Final Chapter of Throne of Bhaal: 2.0.26
~ASCENSION/ASCENSION.TP2~ #0 #10 // Balthazar can be redeemed: 2.0.26
~ASCENSION/ASCENSION.TP2~ #0 #20 // Improved Sarevok-Player Interactions: 2.0.26
~ASCENSION/ASCENSION.TP2~ #0 #30 // Improved Imoen-Player Interactions in Throne of Bhaal: 2.0.26
~ASCENSION/ASCENSION.TP2~ #0 #40 // Restored Bhaalspawn Powers: 2.0.26
~ASCENSION/ASCENSION.TP2~ #0 #50 // Improved Slayer Transformation: 2.0.26
~ASCENSION/ASCENSION.TP2~ #0 #61 // Expanded Epilogues for Bioware NPCs -> Alternate epilogues by Shawne: 2.0.26
~ASCENSION/ASCENSION.TP2~ #0 #1000 // Tougher Abazigal: 2.0.26
~ASCENSION/ASCENSION.TP2~ #0 #1100 // Tougher Balthazar: 2.0.26
~ASCENSION/ASCENSION.TP2~ #0 #1200 // Tougher Demogorgon: 2.0.26
~ASCENSION/ASCENSION.TP2~ #0 #1300 // Tougher Gromnir: 2.0.26
~ASCENSION/ASCENSION.TP2~ #0 #1400 // Tougher Illasera: 2.0.26
~ASCENSION/ASCENSION.TP2~ #0 #2400 // Slightly improved cutscenes, by DavidW: 2.0.26
~GBTHFKP/GBTHFKP.TP2~ #0 #0 // Expanded Thief Stronghold: v3.0.0
~EMAD/SETUP-EMAD.TP2~ #0 #0 // A Z-rated Adventure - an IM4 Non-Entry: v11
~EMAD/SETUP-EMAD.TP2~ #0 #1 // The Promise of a Troll: v11
~EMAD/SETUP-EMAD.TP2~ #0 #2 // A Bhaalspawn's Best Friend: v11
~EMAD/SETUP-EMAD.TP2~ #0 #3 // Under Her Spell: v11
~EMAD/SETUP-EMAD.TP2~ #0 #5 // Character Medley: v11
~BWQUEST.TP2~ #0 #0 // Black Rose Part I: Market Prices
~C#SB_SILBER/SETUP-C#SB_SILBER.TP2~ #0 #0 // Adalon's Blood - Modification for BGII by Gandalf the white: 14
~TOD/TOD.TP2~ #0 #0 // Tower of Deception Mod (Requires Throne of Bhaal): v4.0.3
~TOD/TOD.TP2~ #0 #1 // Improved Astral Shard Guardian: v4.0.3
~TOD/TOD.TP2~ #0 #2 // Encounter with Ustrain: v4.0.3
~DC/DC.TP2~ #0 #0 // Dungeon Crawl: v13.1
~ASSASSINATIONS/ASSASSINATIONS.TP2~ #0 #0 // Assassinations mod for Baldur's Gate II: v18
~BACKBRYNNLAW/BACKBRYNNLAW.TP2~ #0 #0 // Back to Brynnlaw mod for Baldur's Gate II: v9
~SELLSWORDS/SELLSWORDS.TP2~ #0 #0 // The Sellswords mod for Baldur's Gate II: v9.1
~TOTDG/TOTDG.TP2~ #0 #0 // Colours of Infinity: Tales of the Deep Gardens -> Yes, but don't patch the existing save games: 12.9
~INNERSHADE/SETUP-INNERSHADE.TP2~ #0 #0 // Colours of Infinity: Innershade -> Yes, but don't patch the existing save games: 11.1
~WHITEQUEEN/WHITEQUEEN.TP2~ #0 #0 // Colours of Infinity - The White Queen -> Yes, but don't patch the existing save games: 6.93
~ISNF/ISNF.TP2~ #0 #0 // Colours of Infinity: I Shall Never Forget: 6.1.1
~EILISTRAEE/SETUP-EILISTRAEE.TP2~ #0 #0 // Eilistraee's Song -> Yes, but don't patch the existing save games: 7.2
~FISHINGFORTROUBLE/FISHINGFORTROUBLE.TP2~ #0 #0 // Fishing for Trouble by Yovaneth: v3.2.8
~SOUTHERNEDGE/SOUTHERNEDGE.TP2~ #0 #0 // Southern Edge: the new district of Athkatla -> Yes, but don't patch the existing save games: 4.2
~OOZE/OOZE.TP2~ #0 #0 // Athkatlan Grounds: The Ooze's Lounge - a new area under Athkatlan Slums: 2.93
~TANGLEDISLE/TANGLEDISLE.TP2~ #0 #0 // Athkatlan Grounds: The Tangled Oak Isle -> Yes, but don't patch existing save games: v4.2
~BRIDGESBLOCK/BRIDGESBLOCK.TP2~ #0 #0 // Athkatlan Grounds: The Bridge's Block: 1.6
~ALABASTERSANDS/ALABASTERSANDS.TP2~ #0 #0 // Alabaster Sands: the new area of Athkatla -> Yes, but don't patch existing save games: v1.3
~FADINGPROMISES/SETUP-FADINGPROMISES.TP2~ #0 #0 // Fading Promises: v9
~HIDDENADVENTURE/HIDDENADVENTURE.TP2~ #1 #0 // Lady Elgea's extended plot: Beta_7
~HIDDENADVENTURE/HIDDENADVENTURE.TP2~ #1 #1 // Anomen's extended plot: Beta_7
~HIDDENADVENTURE/HIDDENADVENTURE.TP2~ #1 #3 // Elven holy water in the Temple of Lathander: Beta_7
~HIDDENADVENTURE/HIDDENADVENTURE.TP2~ #1 #6 // Bards can spend the night at their stronghold (Five Flagons): Beta_7
~AIP/AIP.TP2~ #0 #0 // Adventures in Papperland: v6.0
~SETUP-TURNIPGOLEM.TP2~ #0 #0 // Turnip Golem Encounter: v4
~SNAKES/SNAKES.TP2~ #0 #0 // The Slithering Menace (for BGII:ToB only): v4.0.0
~THOGHMA/SETUP-THOGHMA.TP2~ #2 #0 // A Quest in the service of Oghma: v1.7
~SHARDSOFICE/SETUP-SHARDSOFICE.TP2~ #0 #0 // The Price Of Friendship: v7
~SHARDSOFICE/SETUP-SHARDSOFICE.TP2~ #0 #1 // Some of My Best Friends Are Slimes: v7
~SHARDSOFICE/SETUP-SHARDSOFICE.TP2~ #0 #2 // You Could Restore the Summon Cow Spell, But Why?: v7
~LUCY/LUCY.TP2~ #0 #0 // Lucy the Wyvern: v5.0
~SLANDOR/SLANDOR.TP2~ #1 #0 // The Minotaur and Lilacor: 2.1
~ZALNOYA/SETUP-ZALNOYA.TP2~ #0 #0 // Zalnoya and the Shadow Thieves
~ZALNOYA/SETUP-ZALNOYA.TP2~ #0 #1 // Standard vampire encounters fix
~REUNION/REUNION.TP2~ #0 #0 // The Reunion mod for Baldur's Gate II: v7
~ARESTORATIONP/ARESTORATIONP.TP2~ #1 #0 // Restored Locations: v9.1
~ARESTORATIONP/ARESTORATIONP.TP2~ #1 #1 // Restored Characters and Dialogs: v9.1
~ARESTORATIONP/ARESTORATIONP.TP2~ #1 #2 // Restored Sounds: v9.1
~ARESTORATIONP/ARESTORATIONP.TP2~ #1 #3 // Restored Items: v9.1
~ARESTORATIONP/ARESTORATIONP.TP2~ #1 #4 // Restored Wish Options: v9.1
~ARESTORATIONP/ARESTORATIONP.TP2~ #1 #5 // Restored XP for Minor Things: v9.1
~ARESTORATIONP/ARESTORATIONP.TP2~ #1 #6 // Lich Deril: v9.1
~ARESTORATIONP/ARESTORATIONP.TP2~ #1 #7 // Restored Random Encounters: v9.1
~ARESTORATIONP/ARESTORATIONP.TP2~ #1 #8 // Minor Restorations: v9.1
~ARESTORATIONP/ARESTORATIONP.TP2~ #1 #11 // Restored Final Slayer Dream: v9.1
~ARESTORATIONP/ARESTORATIONP.TP2~ #1 #13 // Restored Waukeen's Promenade Cutscene: v9.1
~SETUP-VALEN.TP2~ #0 #0 // Valen: v45 BWP Fix
~TYRISFLARE/SETUP-TYRISFLARE.TP2~ #0 #0 // Tyris Flare NPC: v9
~VARSHOON/VARSHOON.TP2~ #0 #0 // Varshoon - an illithid NPC for BG2: v8.0a
~VARSHOON/VARSHOON.TP2~ #0 #1 // New paperdoll for illithids (inventory illustration): v8.0a
~YVETTE/SETUP-YVETTE.TP2~ #0 #0 // Yvette Romance - BG2 Romance Character: 5.1
~FOUNDLING/FOUNDLING.TP2~ #0 #0 // Foundling: Between the Shades -> Yes, but don't patch the existing save games: 5.3
~C#SOLAUFEIN/C#SOLAUFEIN.TP2~ #1 #0 // Solaufein's Rescue: Jastey's Solaufein NPC for BGII: 4.1
~C#SOLAUFEIN/C#SOLAUFEIN.TP2~ #1 #1 // Give Solaufein in Ust Natha the Mod's Portrait: 4.1
~SETUP-GOO.TP2~ #0 #0 // Goo the Disembodied Floating Eyeball: v6
~SHEENA/SETUP-SHEENA.TP2~ #0 #0 // Install A Half Dragon Tale: v2.6 BWP Fix
~HUBELPOT/HUBELPOT.TP2~ #0 #0 // Hubelpot Thistledown, the Vegetable Merchant NPC mod -> Hubelpot is a Totemic Druid (default kit): v2.1.0
~HUBELPOT/HUBELPOT.TP2~ #0 #10 // Alternate Portrait by Enkida: v2.1.0
~DEARNISE/DEARNISE.TP2~ #0 #0 // de'Arnise Romance for Baldur's Gate II: v7
~BANTERPACK/SETUP-BANTERPACK.TP2~ #0 #0 // Pocket Plane Banter Pack for BG2: Shadows of Amn: v16
~BANTERPACK/SETUP-BANTERPACK.TP2~ #0 #2 // Pocket Plane Banter Pack for BG2: Throne of Bhaal: v16
~BANTERPACK/SETUP-BANTERPACK.TP2~ #0 #3 // Install TOB Banter Accelerator script? (Increases the frequency of interparty banter): v16
~IEPBANTERS/IEPBANTERS.TP2~ #0 #0 // Extended NPC-NPC Interaction SoA: v5.9
~IEPBANTERS/IEPBANTERS.TP2~ #0 #1 // Extended Minsc/Aerie Interaction ToB: v5.9
~IEPBANTERS/IEPBANTERS.TP2~ #0 #2 // Imoen "Retrospection" dialogue for BGII: ToB: v5.9
~IEPBANTERS/IEPBANTERS.TP2~ #0 #3 // Wake-Up dialogue for Anomen Romance (By David Gaider with additions from Kulyok): v5.9
~IEPBANTERS/IEPBANTERS.TP2~ #0 #4 // NPC Conflict Revisions: v5.9
~IEPBANTERS/IEPBANTERS.TP2~ #0 #5 // Restored Aerie/Jaheira/Anomen interjection in Underdark: v5.9
~IMOENFRIENDSHIP/IMOENFRIENDSHIP.TP2~ #0 #0 // Imoen Friendship: v3.6
~VICONIA/VICONIA.TP2~ #0 #0 // Viconia Friendship: v4.5
~MAZZY/MAZZY.TP2~ #0 #0 // Mazzy Friendship: v3.5
~YOSHIMO/YOSHIMO.TP2~ #0 #0 // Yoshimo Friendship Mod for BGII: SoA: v4.6
~ALCOOL/ALCOOL.TP2~ #1 #0 // A Night out in the Taverns: V0.12
~JANQUEST/SETUP-JANQUEST.TP2~ #1 #0 // Jan's Extended Quest
~KORGAN/KORGAN.TP2~ #1 #0 // Korgan's Redemption: v10.0.0
~KORGANFRIENDSHIP/KORGANFRIENDSHIP.TP2~ #0 #0 // Korgan Friendship for BG2: ToB: v1.6
~VALYGARFRIENDSHIP/VALYGARFRIENDSHIP.TP2~ #0 #0 // Valygar Corthala Friendship: v1.5
~SAREVOKFRIENDSHIP/SAREVOKFRIENDSHIP.TP2~ #0 #0 // Sarevok Friendship for BGII: ToB: v2.6
~NPCFLIRT/SETUP-NPCFLIRT.TP2~ #0 #0 // Aerie Flirt Pack For SOA: v1.07
~NPCFLIRT/SETUP-NPCFLIRT.TP2~ #0 #2 // Aerie Flirt Pack For TOB: v1.07
~NPCFLIRT/SETUP-NPCFLIRT.TP2~ #0 #4 // Jaheira Flirt Pack for SOA: v1.07
~NPCFLIRT/SETUP-NPCFLIRT.TP2~ #0 #6 // Jaheira Flirt Pack for TOB: v1.07
~NPCFLIRT/SETUP-NPCFLIRT.TP2~ #0 #8 // Viconia Flirt Pack for SOA: v1.07
~NPCFLIRT/SETUP-NPCFLIRT.TP2~ #0 #10 // Viconia Flirt Pack for TOB: v1.07
~NPCFLIRT/SETUP-NPCFLIRT.TP2~ #0 #12 // Anomen Flirt Pack for SOA: v1.07
~NPCFLIRT/SETUP-NPCFLIRT.TP2~ #0 #14 // Anomen Flirt Pack for TOB: v1.07
~RE/SETUP-RE.TP2~ #0 #0 // Aerie, Anomen, Jaheira and Viconia React to Romantic Encounters: v15
~RE/SETUP-RE.TP2~ #0 #1 // Storms and Lightning, by berelinde (Weathermistress Ada, adult content): v15
~RE/SETUP-RE.TP2~ #0 #2 // Aimi's Magic, by berelinde (adult content): v15
~RE/SETUP-RE.TP2~ #0 #3 // Anishai's Deft Hands, by cmorgan: v15
~RE/SETUP-RE.TP2~ #0 #6 // Bodhi's Allure, by Kulyok (adult content): v15
~RE/SETUP-RE.TP2~ #0 #7 // Trademeet with Guildmistress Busya, by magrat: v15
~RE/SETUP-RE.TP2~ #0 #9 // Chanelle's Gifts, by cmorgan (adult content): v15
~RE/SETUP-RE.TP2~ #0 #13 // A Lonely Dryad, by Kulyok (adult content): v15
~RE/SETUP-RE.TP2~ #0 #22 // Ilona, a Merchant's Daughter, by Kulyok: v15
~RE/SETUP-RE.TP2~ #0 #24 // A Night with Lais in Imnesvale, by Kulyok: v15
~RE/SETUP-RE.TP2~ #0 #28 // Mira's Special Stock, by berelinde: v15
~RE/SETUP-RE.TP2~ #0 #30 // Rebecca the Gypsy, by Kulyok: v15
~RE/SETUP-RE.TP2~ #0 #31 // Renal Bloodscalp: A Dangerous Affair, by cmorgan (adult content): v15
~RE/SETUP-RE.TP2~ #0 #35 // Dreaming of Sendai, by Kulyok: v15
~RE/SETUP-RE.TP2~ #0 #36 // Sheri the Bardess, by cmorgan (adult content): v15
~RE/SETUP-RE.TP2~ #0 #41 // Isabelle's Fears, by gertjanvh (adult content): v15
~RE/SETUP-RE.TP2~ #0 #42 // Anne's Rescue, by gertjanvh (adult content): v15
~RE/SETUP-RE.TP2~ #0 #43 // The Queen, by Domi: v15
~RE/SETUP-RE.TP2~ #0 #45 // Rehearsal with Chandra, by Western Paladin: v15
~RE/SETUP-RE.TP2~ #0 #50 // Cernick's Confession, by Cal Jones: v15
~RE/SETUP-RE.TP2~ #0 #52 // Minsc. Takes. A Bath, by Thimblerig: v15
~RE/SETUP-RE.TP2~ #0 #53 // Nizidramanii'yt's Vanity, by Thimblerig: v15
~HAERDALIS_FRIENDSHIP/HAERDALIS_FRIENDSHIP.TP2~ #0 #0 // Haer'Dalis Friendship for BG2: ToB: v1.2
~CERND/CERND.TP2~ #0 #0 // Cernd Friendship for BG2: ToB: v1.4
~MINSCFRIENDSHIP/MINSCFRIENDSHIP.TP2~ #0 #0 // Minsc Friendship for BG2 and ToB: v1.3
~UB/SETUP-UB.TP2~ #0 #0 // The Kidnapping of Boo by Cliffette: v29
~UB/SETUP-UB.TP2~ #0 #1 // The Suna Seni/Valygar Relationship: v29
~UB/SETUP-UB.TP2~ #0 #2 // Kalah and What He Was Promised: v29
~UB/SETUP-UB.TP2~ #0 #4 // Gorje Hilldark and the Extended Illithium Quest: v29
~UB/SETUP-UB.TP2~ #0 #5 // The Pai'Na/Spider's Bane Quest: v29
~UB/SETUP-UB.TP2~ #0 #6 // Restored Crooked Crane Inn: v29
~UB/SETUP-UB.TP2~ #0 #7 // Restored Encounters: v29
~UB/SETUP-UB.TP2~ #0 #9 // Corrected "Xzar's Creations": v29
~UB/SETUP-UB.TP2~ #0 #10 // Restored Hell Minions, by SimDing0: v29
~UB/SETUP-UB.TP2~ #0 #12 // Item Restorations: v29
~UB/SETUP-UB.TP2~ #0 #15 // NPC Portrait Restorations: v29
~UB/SETUP-UB.TP2~ #0 #17 // Corrected Character Names and Biographies: v29
~UB/SETUP-UB.TP2~ #0 #18 // Restored Minor Dialogs: v29
~UB/SETUP-UB.TP2~ #0 #20 // Extended ToB Item Descriptions: v29
~UB/SETUP-UB.TP2~ #0 #21 // Throne of Bhaal Minor Restorations: v29
~UB/SETUP-UB.TP2~ #0 #25 // The Murder of Acton Balthis, by Kulyok: v29
~SETUP-D0QUESTPACK.TP2~ #0 #0 // General AI Improvements: v3.5
~SETUP-D0QUESTPACK.TP2~ #0 #4 // Miscellaneous Enhancements -> With Additional Random Encounters: v3.5
~SETUP-D0QUESTPACK.TP2~ #0 #6 // Alternative Harper/Xzar Plot: v3.5
~SETUP-D0QUESTPACK.TP2~ #0 #7 // Extended Reynald Sequence: v3.5
~SETUP-D0QUESTPACK.TP2~ #0 #8 // Intrigue In The Copper Coronet: v3.5
~SETUP-D0QUESTPACK.TP2~ #0 #9 // Rahul Kanakia's Potion Quest: v3.5
~SETUP-D0QUESTPACK.TP2~ #0 #10 // Revised Hell Trials: v3.5
~SETUP-D0QUESTPACK.TP2~ #0 #11 // Improved Oasis II -> IO2 Dialogue & Combat Enhancement: v3.5
~SETUP-D0QUESTPACK.TP2~ #0 #13 // Saving Sanik In Brynnlaw: v3.5
~SETUP-D0QUESTPACK.TP2~ #0 #14 // Burglary Of The Bookkeeper: v3.5
~SETUP-D0QUESTPACK.TP2~ #0 #15 // New Fate For The Dryads' Acorns: v3.5
~SETUP-D0QUESTPACK.TP2~ #0 #16 // The Tragedy Of Besamen: v3.5
~SETUP-D0QUESTPACK.TP2~ #0 #17 // Further Slaver Involvement: v3.5
~SETUP-D0QUESTPACK.TP2~ #0 #18 // Sending The Solamnic Knights Home: v3.5
~SETUP-D0QUESTPACK.TP2~ #0 #19 // Nazariel The Lich: v3.5
~SETUP-D0QUESTPACK.TP2~ #0 #20 // Reward Negotiation: v3.5
~SETUP-D0QUESTPACK.TP2~ #0 #21 // Infernal Thievery: v3.5
~LONGERROAD/LONGERROAD.TP2~ #0 #0 // Longer Road: 2.0.5
~CROSSMODBG2/SETUP-CROSSMODBG2.TP2~ #0 #0 // Crossmod Banter Pack for Shadows of Amn: v21
~CROSSMODBG2/SETUP-CROSSMODBG2.TP2~ #0 #1 // Crossmod Banter Pack for Throne of Bhaal: v21
~CROSSMODBG2/SETUP-CROSSMODBG2.TP2~ #0 #2 // Crossmod Romance Conflicts: v21
~ACBRE/ACBRE.TP2~ #1 #2 // Breagar: Crossmods and PID: 12.0.0
~SONG_AND_SILENCE/SETUP-SONG_AND_SILENCE.TP2~ #0 #1 // Add new bardic store and thief items: v16
~BW_HERBS_BG2/SETUP-BW_HERBS_BG2.TP2~ #0 #0 // Herbs and Potions Add-in for BG2 by Baronius: v1.0.5 BWP Patch
~1PP/1PP.TP2~ #0 #200 // 1ppv4: Core content patches: v4.2.1
~1PP/1PP.TP2~ #0 #202 // 1ppv4: Spell tweaks: v4.2.1
~1PP/1PP.TP2~ #0 #203 // 1ppv4: Restored flame sword animations: v4.2.1
~1PP/1PP.TP2~ #0 #204 // 1ppv4: Colourable Quarterstaves: v4.2.1
~1PP/1PP.TP2~ #0 #210 // 1ppv4: Increased paperdoll object variety (core): v4.2.1
~1PP/1PP.TP2~ #0 #400 // 1ppv4: Core updates and item patches: v4.2.1
~1PP/1PP.TP2~ #0 #401 // 1ppv4: Improved projectile effects: v4.2.1
~HAMMERS/SETUP-HAMMERS.TP2~ #0 #0 // Thrown Hammers: v6.1.0
~HAMMERS/SETUP-HAMMERS.TP2~ #0 #15 // Thrown Spiritual Hammers: v6.1.0
~HAMMERS/SETUP-HAMMERS.TP2~ #0 #25 // Normal throwing hammers: v6.1.0
~HAMMERS/SETUP-HAMMERS.TP2~ #0 #35 // +1 throwing weapons: v6.1.0
~HAMMERS/SETUP-HAMMERS.TP2~ #0 #50 // Additional magic items: v6.1.0
~HEARTWOOD/HEARTWOOD.TP2~ #0 #0 // Heart of the Wood (WeiDU version): 7.0.0
~VALHORN/SETUP-VALHORN.TP2~ #0 #0 // Improved Horns of Valhalla: v2
~CLIFFKEY/SETUP-CLIFFKEY.TP2~ #0 #1 // A Mod for the Orderly - Add a Keyring to Faerun! See readme for more details about the choices below. -> Consistency Plus version: v7
~RUPERT/RUPERT.TP2~ #0 #0 // Rupert the Dye Merchant: v3.0.0
~RR/SETUP-RR.TP2~ #0 #7 // Additional equipment for Thieves and Bards: v4.92
~RR/SETUP-RR.TP2~ #0 #8 // Upgradeable Equipment: v4.92
~IWDIFICATION/SETUP-IWDIFICATION.TP2~ #0 #60 // ?????? -> : ???
~SWORDAP/SWORDAP.TP2~ #0 #0 // Improved Haer'Dalis' swords (special for Kania): v3.1.0
~RUAD/RUAD.TP2~ #0 #0 // Ruad Ro'fhessa (SoA): v29.4.0
~RUAD/RUAD.TP2~ #0 #10 // Ruad Ro'fhessa (ToB): v29.4.0
~MWYVMTAN/SETUP-MWYVMTAN.TP2~ #0 #10 // Wyvern Animation Fix: v2
~MWYVMTAN/SETUP-MWYVMTAN.TP2~ #0 #20 // Tanar'ri Animation Fix: v2
~INFINITYANIMATIONS/SETUP-INFINITYANIMATIONS.TP2~ #0 #0 // Infinity Animations: v5.1.1_TR
~INFINITYANIMATIONS/SETUP-INFINITYANIMATIONS.TP2~ #0 #25 // Humanoid Animation Fixes: v5.1.1_TR
~INFINITYANIMATIONS/SETUP-INFINITYANIMATIONS.TP2~ #0 #50 // Distinctive Genies: v5.1.1_TR
~INFINITYANIMATIONS/SETUP-INFINITYANIMATIONS.TP2~ #0 #100 // Distinctive Fiends: v5.1.1_TR
~INFINITYANIMATIONS/SETUP-INFINITYANIMATIONS.TP2~ #0 #400 // Distinctive Undead: v5.1.1_TR
~INFINITYANIMATIONS/SETUP-INFINITYANIMATIONS.TP2~ #0 #500 // More Base Animations: v5.1.1_TR
~INFINITYANIMATIONS/SETUP-INFINITYANIMATIONS.TP2~ #0 #550 // More Icewind Dale Animations: v5.1.1_TR
~INFINITYANIMATIONS/SETUP-INFINITYANIMATIONS.TP2~ #0 #600 // More Icewind Dale II Animations: v5.1.1_TR
~INFINITYANIMATIONS/SETUP-INFINITYANIMATIONS.TP2~ #0 #650 // More Neverwinter Nights Animations: v5.1.1_TR
~BEAR_ANIMATIONS_D2/SETUP-BEAR_ANIMATIONS_D2.TP2~ #0 #0 // Bear & Werebear animations from D2 - REQUIRES the [Infinity Animation core mod] to be installed.
~SENTRIZEAL_AA_PACK/SETUP-SENTRIZEAL_AA_PACK.TP2~ #0 #0 // Sentrizeal's Wizard 4 Missing Animation Fix: v1.3.1
~SENTRIZEAL_AA_PACK/SETUP-SENTRIZEAL_AA_PACK.TP2~ #0 #1 // Sentrizeal's Elven Ranger Avatar (Female): v1.3.1
~SENTRIZEAL_AA_PACK/SETUP-SENTRIZEAL_AA_PACK.TP2~ #0 #2 // Sentrizeal's Elven Ranger Avatar (Male): v1.3.1
~SENTRIZEAL_AA_PACK/SETUP-SENTRIZEAL_AA_PACK.TP2~ #0 #3 // Sentrizeal's Elven Ranger Weapon Fix: v1.3.1
~SENTRIZEAL_AA_PACK/SETUP-SENTRIZEAL_AA_PACK.TP2~ #0 #4 // Sentrizeal's Human Gladiator Avatar (Female): v1.3.1
~SENTRIZEAL_AA_PACK/SETUP-SENTRIZEAL_AA_PACK.TP2~ #0 #6 // Sentrizeal's Human Mercenary Avatar (Female): v1.3.1
~TNT/TNT.TP2~ #0 #0 // Smarter familiars: v8.28
~TNT/TNT.TP2~ #0 #15 // Non-disarmable Davaeorn's Battle Horrors: v8.28
~TNT/TNT.TP2~ #0 #29 // Sensible Cloak of Mirroring: v8.28
~TNT/TNT.TP2~ #0 #32 // Sensible wand of frost -> AoE: v8.28
~TNT/TNT.TP2~ #0 #33 // Potion of Really Mirrored Eyes: v8.28
~TNT/TNT.TP2~ #0 #34 // Unlimited goodberries stacking: v8.28
~TNT/TNT.TP2~ #0 #35 // Improved Shandalar's cloak: v8.28
~TNT/TNT.TP2~ #0 #36 // Algernon's cloak: usable once per day: v8.28
~TNT/TNT.TP2~ #0 #37 // Improved Equalizer: v8.28
~TNT/TNT.TP2~ #0 #46 // True True Sight: v8.28
~TNT/TNT.TP2~ #0 #50 // Unstack Chaos Shield: v8.28
~TNT/TNT.TP2~ #0 #53 // Sensible Blade spins: v8.28
~TNT/TNT.TP2~ #0 #64 // Can't steal Carsomyr: v8.28
~TNT/TNT.TP2~ #0 #67 // Bloodless deeds: v8.28
~TNT/TNT.TP2~ #0 #68 // Improved strongholds: v8.28
~IWDIFICATION/SETUP-IWDIFICATION.TP2~ #0 #90 // ?????? -> : ???
~IWDIFICATION/SETUP-IWDIFICATION.TP2~ #0 #30 // ?????? -> : ???
~IWDIFICATION/SETUP-IWDIFICATION.TP2~ #0 #40 // ?????? -> : ???
~SETUP-BGTTWEAK.TP2~ #0 #2300 // Disable hostile reaction after charm: 11 (5 Feb 12) BWP Fix
~TB#TWEAKS/TB#TWEAKS.TP2~ #0 #100 // Nature's Beauty Tweak.
~TOBEX_AFTERLIFE/TOBEX_AFTERLIFE.TP2~ #0 #300 // Remove doubled Improved Invisibility saving throws +4 bonuses: v29.10
~CELESTIALS/SETUP-CELESTIALS.TP2~ #0 #0 // PnP Celestials: v9
~CELESTIALS/SETUP-CELESTIALS.TP2~ #0 #1 // Deva and Planetar Animations: v9
~SOTSC/SOTSC.TP2~ #0 #0 // Shades of the Sword Coast - Expansion Pack for BGEE: 8.0a_BGT
~C#SOLAUFEIN/C#SOLAUFEIN.TP2~ #1 #2 // Enable Drider Animations in this Mod: 4.1
~JA#BGT_ADVPACK/SETUP-JA#BGT_ADVPACK.TP2~ #1 #0 // Useful Tweaks & Repairs: 0.9.0 beta3
~JA#BGT_ADVPACK/SETUP-JA#BGT_ADVPACK.TP2~ #1 #1 // Extended Tavern Guard System: 0.9.0 beta3
~JA#BGT_ADVPACK/SETUP-JA#BGT_ADVPACK.TP2~ #1 #2 // Ramazith: 0.9.0 beta3
~JA#BGT_ADVPACK/SETUP-JA#BGT_ADVPACK.TP2~ #1 #3 // Dukal Palace and Husam Story: 0.9.0 beta3
~JA#BGT_ADVPACK/SETUP-JA#BGT_ADVPACK.TP2~ #1 #4 // Gervisse and Voltine: 0.9.0 beta3
~JA#BGT_ADVPACK/SETUP-JA#BGT_ADVPACK.TP2~ #1 #5 // Seven Suns: 0.9.0 beta3
~JA#BGT_ADVPACK/SETUP-JA#BGT_ADVPACK.TP2~ #1 #6 // Arkhstuff: 0.9.0 beta3
~JA#BGT_ADVPACK/SETUP-JA#BGT_ADVPACK.TP2~ #1 #7 // Aldeth's hunter comrade: 0.9.0 beta3
~JA#BGT_ADVPACK/SETUP-JA#BGT_ADVPACK.TP2~ #1 #8 // Svlast - the fallen Paladin: 0.9.0 beta3
~JA#BGT_ADVPACK/SETUP-JA#BGT_ADVPACK.TP2~ #1 #9 // Amnis2 - Amnish Soldier: 0.9.0 beta3
~JA#BGT_ADVPACK/SETUP-JA#BGT_ADVPACK.TP2~ #1 #10 // Velvet - Cockfight: 0.9.0 beta3
~JA#BGT_ADVPACK/SETUP-JA#BGT_ADVPACK.TP2~ #1 #11 // Nim Furlwing: 0.9.0 beta3
~JA#BGT_ADVPACK/SETUP-JA#BGT_ADVPACK.TP2~ #1 #12 // Merch03 - Caravane Merchant: 0.9.0 beta3
~JA#BGT_ADVPACK/SETUP-JA#BGT_ADVPACK.TP2~ #1 #14 // Phandalyn to the Jopalins Tavern: 0.9.0 beta3
~JA#BGT_ADVPACK/SETUP-JA#BGT_ADVPACK.TP2~ #1 #15 // Suthie & Sthief at Silence's Store: 0.9.0 beta3
~JA#BGT_ADVPACK/SETUP-JA#BGT_ADVPACK.TP2~ #1 #16 // Warehouse Workers: 0.9.0 beta3
~JA#BGT_ADVPACK/SETUP-JA#BGT_ADVPACK.TP2~ #1 #17 // Nobles: 0.9.0 beta3
~JA#BGT_ADVPACK/SETUP-JA#BGT_ADVPACK.TP2~ #1 #18 // Ignatio Phleed: 0.9.0 beta3
~JA#BGT_ADVPACK/SETUP-JA#BGT_ADVPACK.TP2~ #1 #19 // Shalasin: 0.9.0 beta3
~JA#BGT_ADVPACK/SETUP-JA#BGT_ADVPACK.TP2~ #1 #21 // Pilar & Gheldehar: 0.9.0 beta3
~JA#BGT_ADVPACK/SETUP-JA#BGT_ADVPACK.TP2~ #1 #22 // Llindellyn - the archer: 0.9.0 beta3
~JA#BGT_ADVPACK/SETUP-JA#BGT_ADVPACK.TP2~ #1 #23 // Mal-Kalen - Ulcaster's Adept: 0.9.0 beta3
~JA#BGT_ADVPACK/SETUP-JA#BGT_ADVPACK.TP2~ #1 #24 // Keelor & Nasha: 0.9.0 beta3
~JA#BGT_ADVPACK/SETUP-JA#BGT_ADVPACK.TP2~ #1 #25 // Marl & the Guard: 0.9.0 beta3
~JA#BGT_ADVPACK/SETUP-JA#BGT_ADVPACK.TP2~ #1 #26 // Item-descriptions - Rythe's Last Arrow: 0.9.0 beta3
~JA#BGT_ADVPACK/SETUP-JA#BGT_ADVPACK.TP2~ #1 #27 // IMPROVED/FIXED: Counting House: 0.9.0 beta3
~JA#BGT_ADVPACK/SETUP-JA#BGT_ADVPACK.TP2~ #1 #28 // Aldeth Sashenstar & the Merchant League: 0.9.0 beta3
~JA#BGT_ADVPACK/SETUP-JA#BGT_ADVPACK.TP2~ #1 #29 // Tenya Extended Plot & Temple of Umberlee: 0.9.0 beta3
~JA#BGT_ADVPACK/SETUP-JA#BGT_ADVPACK.TP2~ #1 #31 // Imoen's Extended Play: 0.9.0 beta3
~JA#BGT_ADVPACK/SETUP-JA#BGT_ADVPACK.TP2~ #1 #32 // Priest of Oghma, Gond and Ilmater in Baldur's Gate: 0.9.0 beta3
~JA#BGT_ADVPACK/SETUP-JA#BGT_ADVPACK.TP2~ #1 #33 // Extended-Improved Dialogues in BG1: 0.9.0 beta3
~JA#BGT_ADVPACK/SETUP-JA#BGT_ADVPACK.TP2~ #1 #34 // Hulrik and his cows: 0.9.0 beta3
~JA#BGT_ADVPACK/SETUP-JA#BGT_ADVPACK.TP2~ #1 #35 // Improved Business of Silence: 0.9.0 beta3
~JA#BGT_ADVPACK/SETUP-JA#BGT_ADVPACK.TP2~ #1 #36 // Ender Sai in Taverne: 0.9.0 beta3
~JA#BGT_ADVPACK/SETUP-JA#BGT_ADVPACK.TP2~ #1 #37 // Sorcerous Sundries: 0.9.0 beta3
~JA#BGT_ADVPACK/SETUP-JA#BGT_ADVPACK.TP2~ #1 #38 // Mini-Quest: "The mystery of the silent ghost voice": 0.9.0 beta3
~JA#BGT_ADVPACK/SETUP-JA#BGT_ADVPACK.TP2~ #1 #39 // Black Alaric's Cave: 0.9.0 beta3
~JA#BGT_ADVPACK/SETUP-JA#BGT_ADVPACK.TP2~ #1 #40 // UNDEFINED STRING:   @2121: 0.9.0 beta3
~C#ENDLESSBG1/C#ENDLESSBG1.TP2~ #0 #1 // More Flavor to Hero of Baldur's Gate (Includes PC's Residence Inside Palace): 17
~HERTHIMONEY/HERTHIMONEY.TP2~ #1 #0 // Component 1. Interjections & Mini-quests (by Austin & Arcanecoast Team): 4.3.1
~HERTHIMONEY/HERTHIMONEY.TP2~ #1 #10 // Component 2. First Calimport Bank Pack (by Scheele & Austin & Arcanecoast Team): 4.3.1
~HERTHIMONEY/HERTHIMONEY.TP2~ #1 #20 // Component 3. Shadow-Covered Love & Death (by Alisia & Austin): 4.3.1
~HERTHIMONEY/HERTHIMONEY.TP2~ #1 #30 // Component 4. The Missing Troll Case (by Alisia & Austin): 4.3.1
~HERTHIMONEY/HERTHIMONEY.TP2~ #1 #40 // Component 5. Unlocked original dialogs of all NPC (by Tipun & Austin): 4.3.1
~AURORA/SETUP-AURORA.TP2~ #0 #0 // Aurora's Shoes and Boots: v5.2.2
~AURORA/SETUP-AURORA.TP2~ #0 #10 // Small portraits for NPCs -> Merchants and minor NPCs: v5.2.2
~G3ANNIVERSARY/SETUP-G3ANNIVERSARY.TP2~ #0 #0 // The Gibberlings Three Anniversary Mod: v13
~DJINNICOMPANION/DJINNICOMPANION.TP2~ #0 #0 // Afaaq, the Djinni Companion -> Full Version (includes quests, banters and more): v2.9
~DJINNICOMPANION/DJINNICOMPANION.TP2~ #0 #102 // Change banter frequency (only affects the djinni, default: 60 Minutes) -> 30 Minutes: v2.9
~DJINNICOMPANION/DJINNICOMPANION.TP2~ #0 #300 // Alternate djinni portrait by Ulb: v2.9
~DJINNICOMPANION/DJINNICOMPANION.TP2~ #0 #900 // Add Infinity Animation creatures?: v2.9
~THE_OLD_GOLD/SETUP-THE_OLD_GOLD.TP2~ #0 #100 // The Old Gold core content: 0.2
~NPCKIT/NPCKIT.TP2~ #0 #30 // Improved Specialist Mage Descriptions: v5
~NPCKIT/NPCKIT.TP2~ #0 #31 // Replace Berserker Kit with Battlerager for Dwarves: v5
~SETUP-TURAMBAR_FIXES_TWEAKS.TP2~ #0 #12 // Inactive creatures fix: v1.8.1 BWP Fix
~SETUP-TURAMBAR_FIXES_TWEAKS.TP2~ #0 #13 // Gerde's quest and other related fixes: v1.8.1 BWP Fix
~SETUP-TURAMBAR_FIXES_TWEAKS.TP2~ #0 #15 // Creature fixes: v1.8.1 BWP Fix
~SETUP-TURAMBAR_FIXES_TWEAKS.TP2~ #0 #17 // Fix Anomen's proficiencies: v1.8.1 BWP Fix
~SETUP-TURAMBAR_FIXES_TWEAKS.TP2~ #0 #18 // Fixes for SoBH: v1.8.1 BWP Fix
~SETUP-TURAMBAR_FIXES_TWEAKS.TP2~ #0 #2003 // Fenten buys more ankheg shells (Baldur's Gate) -> Infinite shells: v1.8.1 BWP Fix
~SETUP-TURAMBAR_FIXES_TWEAKS.TP2~ #0 #2005 // Helmet of alignment change: v1.8.1 BWP Fix
~SETUP-TURAMBAR_FIXES_TWEAKS.TP2~ #0 #2010 // Enhanced Nalia's ring: v1.8.1 BWP Fix
~SETUP-TURAMBAR_FIXES_TWEAKS.TP2~ #0 #2020 // Daystar protects from level drain: v1.8.1 BWP Fix
~SETUP-TURAMBAR_FIXES_TWEAKS.TP2~ #0 #2023 // Cespenar can improve the Daystar with the Tyr's Eye: v1.8.1 BWP Fix
~SETUP-TURAMBAR_FIXES_TWEAKS.TP2~ #0 #4000 // Amazon kit (needed for Shar Teel): v1.8.1 BWP Fix
~SETUP-OVERSIGHT.TP2~ #0 #4 // Improved Continuity: 16 BWP Fix
~SETUP-OVERSIGHT.TP2~ #0 #6 // Monk High Level Abilities: 16 BWP Fix
~PHORD_DRUIDKITS/SETUP-PHORD_DRUIDKITS.TP2~ #0 #0 // Druid Kit Revisions: v1.0
~PHORD_DRUIDKITS/SETUP-PHORD_DRUIDKITS.TP2~ #0 #1 // Make Cernd Totemic: v1.0
~A7#IMPROVEDARCHER/A7#IMPROVEDARCHER.TP2~ #0 #0 // Improved Archer Kit: v4.0
~A7#IMPROVEDARCHER/A7#IMPROVEDARCHER.TP2~ #0 #10 // Add fighter kit: Marksman: v4.0
~A7#IMPROVEDARCHER/A7#IMPROVEDARCHER.TP2~ #0 #20 // Add paladin kit: Bow Knight: v4.0
~A7#IMPROVEDARCHER/A7#IMPROVEDARCHER.TP2~ #0 #30 // Add thief kit: Sharpshooter: v4.0
~A7#IMPROVEDARCHER/A7#IMPROVEDARCHER.TP2~ #0 #100 // Add +4 arrows, bolts and powerful bows to the game: v4.0
~DIVINE_REMIX/SETUP-DIVINE_REMIX.TP2~ #0 #10 // Install new spells -> Overwrite spells from other mods: 9.0a_TotoR
~DIVINE_REMIX/SETUP-DIVINE_REMIX.TP2~ #0 #100 // Cleric Remix: 9.0a_TotoR
~DIVINE_REMIX/SETUP-DIVINE_REMIX.TP2~ #0 #102 // Exaltation: 9.0a_TotoR
~DIVINE_REMIX/SETUP-DIVINE_REMIX.TP2~ #0 #200 // Druid Remix: 9.0a_TotoR
~DIVINE_REMIX/SETUP-DIVINE_REMIX.TP2~ #0 #202 // Druid & Ranger Kit: 9.0a_TotoR
~RR/SETUP-RR.TP2~ #0 #0 // Proper dual-wielding implementation for Thieves and Bards: v4.92
~RR/SETUP-RR.TP2~ #0 #1 // Thief kit revisions: v4.92
~RR/SETUP-RR.TP2~ #0 #2 // Thief High Level Ability revisions: v4.92
~RR/SETUP-RR.TP2~ #0 #3 // Proper racial adjustments for thieving skills: v4.92
~RR/SETUP-RR.TP2~ #0 #4 // Bard kit revisions: v4.92
~RR/SETUP-RR.TP2~ #0 #5 // Bard High Level Ability revisions: v4.92
~RR/SETUP-RR.TP2~ #0 #6 // Proper spell progression for Bards: v4.92
~RR/SETUP-RR.TP2~ #0 #11 // Chosen of Cyric encounter: v4.92
~RR/SETUP-RR.TP2~ #0 #12 // Shadow Thief Improvements: v4.92
~IWDIFICATION/SETUP-IWDIFICATION.TP2~ #0 #50 // ?????? -> : ???
~IWDIFICATION/SETUP-IWDIFICATION.TP2~ #0 #100 // ?????? -> : ???
~WSR/WSR.TP2~ #0 #100 // Wizard Slayer kit revision: v1.14
~WSR/WSR.TP2~ #0 #200 // Wizard Slayer High Level Ability revision: v1.14
~WSR/WSR.TP2~ #0 #302 // Revised Wizard Slayer item restrictions -> Moderate changes: v1.14
~WSR/WSR.TP2~ #0 #999 // BG2-style icons for WSR content: v1.14
~NPCKIT/NPCKIT.TP2~ #0 #400 // Anomen Gains Helm Kit on Passing Knighthood Test: v5
~NPCKIT/NPCKIT.TP2~ #0 #410 // Anomen Gains Berserker Kit on Failing Knighthood Test: v5
~NPCKIT/NPCKIT.TP2~ #0 #900 // Add Red Wizard to Edwin's Kit Description: v5
~NPCKIT/NPCKIT.TP2~ #0 #1400 // Give Imoen Adventurer Kit: v5
~NPCKIT/NPCKIT.TP2~ #0 #2100 // Change Korgan's Kit to Battlerager: v5
~NPCKIT/NPCKIT.TP2~ #0 #2200 // Give Mazzy a Proper Truesword of Arvoreen Kit: v5
~NPCKIT/NPCKIT.TP2~ #0 #2300 // Change Minsc's Title to Rashemaar Ranger: v5
~NPCKIT/NPCKIT.TP2~ #0 #2500 // Give Nalia Adventurer Kit: v5
~NPCKIT/NPCKIT.TP2~ #0 #2515 // Give Nalia a Mage Kit -> Invoker: v5
~NPCKIT/NPCKIT.TP2~ #0 #2800 // Give Sarevok a Proper Deathbringer Kit: v5
~SONG_AND_SILENCE/SETUP-SONG_AND_SILENCE.TP2~ #0 #0 // Changes to trueclass bards and thieves, and unmodded game kits (required for other components): v16
~SONG_AND_SILENCE/SETUP-SONG_AND_SILENCE.TP2~ #0 #2 // Install Acrobat bard kit: v16
~SONG_AND_SILENCE/SETUP-SONG_AND_SILENCE.TP2~ #0 #3 // Install Chorister bard kit: v16
~SONG_AND_SILENCE/SETUP-SONG_AND_SILENCE.TP2~ #0 #4 // Install Dirgesinger bard kit: v16
~SONG_AND_SILENCE/SETUP-SONG_AND_SILENCE.TP2~ #0 #5 // Install Luring Piper bard kit: v16
~SONG_AND_SILENCE/SETUP-SONG_AND_SILENCE.TP2~ #0 #6 // Install Adventurer thief kit: v16
~SONG_AND_SILENCE/SETUP-SONG_AND_SILENCE.TP2~ #0 #7 // Install Burglar thief kit: v16
~SONG_AND_SILENCE/SETUP-SONG_AND_SILENCE.TP2~ #0 #8 // Install Soulknife thief kit: v16
~SONG_AND_SILENCE/SETUP-SONG_AND_SILENCE.TP2~ #0 #10 // Install Shadowdancer thief kit: v16
~ALSAAHIR/ALSAAHIR.TP2~ #0 #0 // Alsaahir: a kit for bard: v1.0
~SETUP-TURAMBAR_FIXES_TWEAKS.TP2~ #0 #5001 // Kit for Shar Teel -> Amazon: v1.8.1 BWP Fix
~SETUP-TURAMBAR_FIXES_TWEAKS.TP2~ #0 #5013 // Jester kit for Eldoth Kron: v1.8.1 BWP Fix
~DIVINE_REMIX/SETUP-DIVINE_REMIX.TP2~ #0 #600 // Install Battleguard of Tempus Kit for Branwen: 9.0a_TotoR
~DIVINE_REMIX/SETUP-DIVINE_REMIX.TP2~ #0 #610 // Install Nightcloak of Shar Kit for Viconia: 9.0a_TotoR
~NPC_STRONGHOLDS/SETUP-NPC_STRONGHOLDS.TP2~ #0 #0 // NPC Strongholds: v8.1
~NPC_STRONGHOLDS/SETUP-NPC_STRONGHOLDS.TP2~ #0 #1 // Soundset Changes (Throne of Bhaal required): v8.1
~JA#BGT_TWEAK/SETUP-JA#BGT_TWEAK.TP2~ #1 #16 // Give Viconia different Skin Color: 2.0.0
~JA#BGT_TWEAK/SETUP-JA#BGT_TWEAK.TP2~ #1 #17 // Change Xan's Avatar Greycloak from Evereska Colors: 2.0.0
~JA#BGT_TWEAK/SETUP-JA#BGT_TWEAK.TP2~ #1 #32 // Balance thief abilities: 2.0.0
~JA#BGT_TWEAK/SETUP-JA#BGT_TWEAK.TP2~ #1 #34 // Match NPC Stats between BG1 and BG2: Minsc, Jaheira, Viconia, Edwin -> Use BG2 Stats: 2.0.0
~JA#BGT_TWEAK/SETUP-JA#BGT_TWEAK.TP2~ #1 #40 // Faldorn: Avenger-Kit: 2.0.0
~JA#BGT_TWEAK/SETUP-JA#BGT_TWEAK.TP2~ #1 #41 // Safana: Swashbuckler-Kit: 2.0.0
~JA#BGT_TWEAK/SETUP-JA#BGT_TWEAK.TP2~ #1 #42 // Kivan: Archer-Kit: 2.0.0
~JA#BGT_TWEAK/SETUP-JA#BGT_TWEAK.TP2~ #1 #43 // Ajantis: Cavalier-Kit: 2.0.0
~JA#BGT_TWEAK/SETUP-JA#BGT_TWEAK.TP2~ #1 #45 // Dynaheir Sorceress: 2.0.0
~JA#BGT_TWEAK/SETUP-JA#BGT_TWEAK.TP2~ #1 #60 // Change Korgan's Alignment to Neutral-Evil: 2.0.0
~JA#BGT_TWEAK/SETUP-JA#BGT_TWEAK.TP2~ #1 #61 // Change Jaheira's Alignment to Neutral-Good: 2.0.0
~JA#BGT_TWEAK/SETUP-JA#BGT_TWEAK.TP2~ #1 #62 // Match Minsc's Alignment -> Change Minsc's Alignment to Chaotic-Good (BG2 - recommended): 2.0.0
~JA#BGT_TWEAK/SETUP-JA#BGT_TWEAK.TP2~ #1 #80 // Change Montaron's Proficiencies: 2.0.0
~JA#BGT_TWEAK/SETUP-JA#BGT_TWEAK.TP2~ #1 #81 // Xan's improved spellbook: 2.0.0
~JA#BGT_TWEAK/SETUP-JA#BGT_TWEAK.TP2~ #1 #82 // Change Kagain's proficiencies : 2.0.0
~JA#BGT_TWEAK/SETUP-JA#BGT_TWEAK.TP2~ #1 #100 // Give BGII Cameos their BG1 Portrait: Garrick, Tiax, Xzar, Coran, Safana, Faldorn, Quayle: 2.0.0
~JA#BGT_TWEAK/SETUP-JA#BGT_TWEAK.TP2~ #1 #130 // Special NPC Items: 2.0.0
~JA#BGT_TWEAK/SETUP-JA#BGT_TWEAK.TP2~ #1 #131 // More Weapons and Armor for Characters: 2.0.0
~JA#BGT_TWEAK/SETUP-JA#BGT_TWEAK.TP2~ #1 #132 // Give Eldoth's poisoned arrows and Perdue's short sword custom Item Icons.: 2.0.0
~JA#BGT_TWEAK/SETUP-JA#BGT_TWEAK.TP2~ #1 #134 // Item Addon: Weapon Types from IWD2: 2.0.0
~JA#BGT_TWEAK/SETUP-JA#BGT_TWEAK.TP2~ #1 #135 // Improved exotic weapons allocation: 2.0.0
~JA#BGT_TWEAK/SETUP-JA#BGT_TWEAK.TP2~ #1 #137 // Custom Weapon Sounds: 2.0.0
~JA#BGT_TWEAK/SETUP-JA#BGT_TWEAK.TP2~ #1 #152 // Make "Lucky Aello's Discount Store" cheap for real: 2.0.0
~JA#BGT_TWEAK/SETUP-JA#BGT_TWEAK.TP2~ #1 #154 // Make Skull for Melicamp Quest special: 2.0.0
~JA#BGT_TWEAK/SETUP-JA#BGT_TWEAK.TP2~ #1 #155 // Set reputation to 9 after leaving Candlekeep: 2.0.0
~JA#BGT_TWEAK/SETUP-JA#BGT_TWEAK.TP2~ #1 #156 // Adapted Reactions of Flaming Fist after Fight in Duchal Palace: 2.0.0
~CDTWEAKS/SETUP-CDTWEAKS.TP2~ #0 #60 // Weapon Animation Tweaks: v16
~CDTWEAKS/SETUP-CDTWEAKS.TP2~ #0 #110 // Icon Improvements: v16
~CDTWEAKS/SETUP-CDTWEAKS.TP2~ #0 #140 // Fix Boo's Squeak: v16
~CDTWEAKS/SETUP-CDTWEAKS.TP2~ #0 #171 // Unique Icons [Lava] -> Replace all icons: v16
~CDTWEAKS/SETUP-CDTWEAKS.TP2~ #0 #182 // Unique Containers [Miloch] -> Unique icons and names: v16
~CDTWEAKS/SETUP-CDTWEAKS.TP2~ #0 #3151 // Remove Annoying Visual Effects from Equipped Items -> Remove all of the above: v16
~CDTWEAKS/SETUP-CDTWEAKS.TP2~ #0 #1010 // More Interjections: v16
~CDTWEAKS/SETUP-CDTWEAKS.TP2~ #0 #1020 // Alter HP Triggers for NPC Wounded Dialogues: v16
~CDTWEAKS/SETUP-CDTWEAKS.TP2~ #0 #1040 // Improved Athkatlan City Guard: v16
~CDTWEAKS/SETUP-CDTWEAKS.TP2~ #0 #1075 // Send BioWare NPCs to an Inn [DavidW/Zed Nocear]: v16
~CDTWEAKS/SETUP-CDTWEAKS.TP2~ #0 #1120 // Stores Sell Higher Stacks of Items: v16
~CDTWEAKS/SETUP-CDTWEAKS.TP2~ #0 #1140 // Gems and Potions Require Identification -> Gems and potions: v16
~CDTWEAKS/SETUP-CDTWEAKS.TP2~ #0 #1170 // Bonus Merchants [Baldurdash]: v16
~CDTWEAKS/SETUP-CDTWEAKS.TP2~ #0 #1180 // Female Edwina [Davide Carte, Wendy Yung, Weimer]: v16
~CDTWEAKS/SETUP-CDTWEAKS.TP2~ #0 #1227 // Adjust Cromwell's Forging Time -> Full 24 hours (BG2EE default, includes sleep): v16
~CDTWEAKS/SETUP-CDTWEAKS.TP2~ #0 #1230 // Allow Cespenar to Use Cromwell Recipes: v16
~CDTWEAKS/SETUP-CDTWEAKS.TP2~ #0 #1270 // Change Cloakwood Mine Chapter End Change Trigger to Non-TotSC Behavior [plainab]: v16
~CDTWEAKS/SETUP-CDTWEAKS.TP2~ #0 #2090 // Change Experience Point Cap -> Remove experience cap: v16
~CDTWEAKS/SETUP-CDTWEAKS.TP2~ #0 #2160 // Alter Weapon Proficiency System -> Rebalanced weapon proficiencies: v16
~CDTWEAKS/SETUP-CDTWEAKS.TP2~ #0 #2192 // Limit Ability of Storekeepers to Identify Items -> Hybrid of both methods: v16
~CDTWEAKS/SETUP-CDTWEAKS.TP2~ #0 #2210 // Change Grandmastery Bonuses -> True grandmastery [Baldurdash]: v16
~CDTWEAKS/SETUP-CDTWEAKS.TP2~ #0 #2245 // Un-Nerfed THAC0 Table: v16
~CDTWEAKS/SETUP-CDTWEAKS.TP2~ #0 #2250 // Un-Nerfed Sorcerer Spell Progression Table: v16
~CDTWEAKS/SETUP-CDTWEAKS.TP2~ #0 #2260 // Alter Mage Spell Progression Table -> Un-nerfed table [Blucher]: v16
~CDTWEAKS/SETUP-CDTWEAKS.TP2~ #0 #2330 // Remove Delay for Magical Traps [Ardanis/GeN1e]: v16
~CDTWEAKS/SETUP-CDTWEAKS.TP2~ #0 #2391 // Alter Paladin Spell Progression Table -> BG2-Style Progression (Up To Level Six Spells) [TotoR]: v16
~CDTWEAKS/SETUP-CDTWEAKS.TP2~ #0 #2401 // Alter Ranger Spell Progression Table -> BG2-Style Progression (Up To Level Five Spells) [TotoR]: v16
~CDTWEAKS/SETUP-CDTWEAKS.TP2~ #0 #2999 // Max HP at Level One: v16
~CDTWEAKS/SETUP-CDTWEAKS.TP2~ #0 #3030 // Easy Spell Learning -> 100% learn spells: v16
~CDTWEAKS/SETUP-CDTWEAKS.TP2~ #0 #3050 // Remove Fatigue from Restoration Spells: v16
~CDTWEAKS/SETUP-CDTWEAKS.TP2~ #0 #3060 // Remove "You Must Gather Your Party..." Sound [Weimer]: v16
~CDTWEAKS/SETUP-CDTWEAKS.TP2~ #0 #3070 // Change Effect of Reputation on Store Prices -> Low Reputation Store Discount [Sabre]: v16
~CDTWEAKS/SETUP-CDTWEAKS.TP2~ #0 #3091 // Increase Jewelry, Gem, and Miscellaneous Item Stacks -> Stacks of 40: v16
~CDTWEAKS/SETUP-CDTWEAKS.TP2~ #0 #3125 // Neutral Characters Make Happy Comments at Mid-Range Reputation [Luiz]: v16
~CDTWEAKS/SETUP-CDTWEAKS.TP2~ #0 #3200 // Sellable Items [icelus]: v16
~CDTWEAKS/SETUP-CDTWEAKS.TP2~ #0 #3220 // Sensible Entrance Points: v16
~CDTWEAKS/SETUP-CDTWEAKS.TP2~ #0 #3230 // Taerom Makes Additional Ankheg Armor [Icendoan/grogerson]: v16
~CDTWEAKS/SETUP-CDTWEAKS.TP2~ #0 #3330 // Make Party Members Less Likely to Die Irreversibly: v16
~CDTWEAKS/SETUP-CDTWEAKS.TP2~ #0 #4000 // Adjust Evil Joinable NPC Reaction Rolls: v16
~CDTWEAKS/SETUP-CDTWEAKS.TP2~ #0 #4010 // Improved Fate Spirit Summoning: v16
~REZMOD/SETUP-REZMOD.TP2~ #0 #100 // Consistent Edwin Portrait: 2.6 BWP Fix
~REZMOD/SETUP-REZMOD.TP2~ #0 #101 // Consistent Imoen Portrait: 2.6 BWP Fix
~REZMOD/SETUP-REZMOD.TP2~ #0 #102 // Consistent Jaheira Portrait: 2.6 BWP Fix
~REZMOD/SETUP-REZMOD.TP2~ #0 #103 // Consistent Minsc Portrait: 2.6 BWP Fix
~REZMOD/SETUP-REZMOD.TP2~ #0 #104 // Consistent Viconia Portrait: 2.6 BWP Fix
~REZMOD/SETUP-REZMOD.TP2~ #0 #105 // Consistent Kivan Portrait: 2.6 BWP Fix
~REZMOD/SETUP-REZMOD.TP2~ #0 #106 // Consistent Ajantis Portrait: 2.6 BWP Fix
~REZMOD/SETUP-REZMOD.TP2~ #0 #107 // Consistent Anomen Portrait: 2.6 BWP Fix
~REZMOD/SETUP-REZMOD.TP2~ #0 #108 // Consistent Yoshimo Portrait: 2.6 BWP Fix
~STRATAGEMS/SETUP-STRATAGEMS.TP2~ #0 #3041 // Reduce the number of Arrows of Dispelling in stores -> Stores sell a maximum of 5 Arrows of Dispelling: 34.3
~STRATAGEMS/SETUP-STRATAGEMS.TP2~ #0 #3501 // Standardise spells between BG and BG2 -> Introduce BG2 spell scrolls into BG1: 34.3
~STRATAGEMS/SETUP-STRATAGEMS.TP2~ #0 #3540 // Reduce the power of Inquisitors' Dispel Magic -> Inquisitors dispel at 1.5 x their level (not twice their level): 34.3
~STRATAGEMS/SETUP-STRATAGEMS.TP2~ #0 #4051 // Decrease the rate at which reputation improves -> Reputation increases at about 1/2 the normal rate: 34.3
~STRATAGEMS/SETUP-STRATAGEMS.TP2~ #0 #4145 // Skip the Candlekeep tutorial sections -> Remove the tutorial NPCs from Candlekeep: 34.3
~STRATAGEMS/SETUP-STRATAGEMS.TP2~ #0 #4150 // Allow the Cowled Wizards to detect spellcasting in most indoor, above-ground areas in Athkatla: 34.3
~STRATAGEMS/SETUP-STRATAGEMS.TP2~ #0 #4160 // Increase the price of a license to practise magic in Athkatla -> License costs 10,000 gp: 34.3
~STRATAGEMS/SETUP-STRATAGEMS.TP2~ #0 #4170 // Increase the price asked by Gaelan Bayle -> Gaelan wants 40,000 gold pieces: 34.3
~STRATAGEMS/SETUP-STRATAGEMS.TP2~ #0 #4210 // Randomise the maze in Watcher's Keep: 34.3
~STRATAGEMS/SETUP-STRATAGEMS.TP2~ #0 #4230 // Delay the arrival of the "bonus merchants" in the Adventurers' Mart and the Copper Coronet: 34.3
~STRATAGEMS/SETUP-STRATAGEMS.TP2~ #0 #4250 // Make spell sequencers and contingencies into innate abilities: 34.3
~STRATAGEMS/SETUP-STRATAGEMS.TP2~ #0 #5000 // Ease-of-use party AI: 34.3
~DIVINE_REMIX/SETUP-DIVINE_REMIX.TP2~ #0 #1000 // Implement sphere system: 9.0a_TotoR
~STRATAGEMS/SETUP-STRATAGEMS.TP2~ #0 #5900 // Initialise AI components (required for all tactical and AI components): 34.3
~STRATAGEMS/SETUP-STRATAGEMS.TP2~ #0 #6000 // Smarter general AI: 34.3
~STRATAGEMS/SETUP-STRATAGEMS.TP2~ #0 #6010 // Better calls for help: 34.3
~STRATAGEMS/SETUP-STRATAGEMS.TP2~ #0 #6030 // Smarter Mages: 34.3
~STRATAGEMS/SETUP-STRATAGEMS.TP2~ #0 #6040 // Smarter Priests: 34.3
~STRATAGEMS/SETUP-STRATAGEMS.TP2~ #0 #6100 // Potions for NPCs: 34.3
~STRATAGEMS/SETUP-STRATAGEMS.TP2~ #0 #6310 // Slightly smarter carrion crawlers: 34.3
~STRATAGEMS/SETUP-STRATAGEMS.TP2~ #0 #6500 // Improved golems: 34.3
~STRATAGEMS/SETUP-STRATAGEMS.TP2~ #0 #6540 // Smarter dragons: 34.3
~STRATAGEMS/SETUP-STRATAGEMS.TP2~ #0 #6550 // Smarter beholders: 34.3
~STRATAGEMS/SETUP-STRATAGEMS.TP2~ #0 #6560 // Smarter mind flayers: 34.3
~STRATAGEMS/SETUP-STRATAGEMS.TP2~ #0 #6570 // Smarter githyanki: 34.3
~STRATAGEMS/SETUP-STRATAGEMS.TP2~ #0 #6580 // Improved Vampires: 34.3
~STRATAGEMS/SETUP-STRATAGEMS.TP2~ #0 #7000 // Improved doppelgangers: 34.3
~STRATAGEMS/SETUP-STRATAGEMS.TP2~ #0 #7010 // Tougher Black Talons and Iron Throne guards: 34.3
~STRATAGEMS/SETUP-STRATAGEMS.TP2~ #0 #7020 // Improved deployment for parties of assassins: 34.3
~STRATAGEMS/SETUP-STRATAGEMS.TP2~ #0 #7030 // Improved kobolds: 34.3
~STRATAGEMS/SETUP-STRATAGEMS.TP2~ #0 #7040 // Relocated bounty hunters: 34.3
~STRATAGEMS/SETUP-STRATAGEMS.TP2~ #0 #7150 // Improved Carsa/Kahrk interaction: 34.3
~STRATAGEMS/SETUP-STRATAGEMS.TP2~ #0 #7900 // Improved minor encounters: 34.3
~STRATAGEMS/SETUP-STRATAGEMS.TP2~ #0 #8000 // Make the starting dungeon slightly harder: 34.3
~STRATAGEMS/SETUP-STRATAGEMS.TP2~ #0 #8040 // Tie difficulty of level-dependent monster groupings to the difficulty slider: 34.3
~STRATAGEMS/SETUP-STRATAGEMS.TP2~ #0 #8050 // Improved Random Encounters: 34.3
~STRATAGEMS/SETUP-STRATAGEMS.TP2~ #0 #8090 // Party's items are taken from them in Spellhold: 34.3
~STRATAGEMS/SETUP-STRATAGEMS.TP2~ #0 #8110 // Improved Sahuagin: 34.3
~STRATAGEMS/SETUP-STRATAGEMS.TP2~ #0 #8120 // Improved Beholder hive: 34.3
~STRATAGEMS/SETUP-STRATAGEMS.TP2~ #0 #8150 // Improved Watcher's Keep: 34.3
~STRATAGEMS/SETUP-STRATAGEMS.TP2~ #0 #8180 // Improved Abazigal's Lair: 34.3
~STRATAGEMS/SETUP-STRATAGEMS.TP2~ #0 #8190 // Improved Minor Encounters: 34.3
~INFINITYANIMATIONS/SETUP-INFINITYANIMATIONS.TP2~ #0 #460 // Seer Animation -> Some slaves: v5.1.1_TR
~INFINITYANIMATIONS/SETUP-INFINITYANIMATIONS.TP2~ #0 #7010 // Moinesse's Avatars for IA -> 50% of relevant non-joinables: v5.1.1_TR
~POLYTWEAK/POLYTWEAK.TP2~ #0 #60 // Improved (less buggy) trolls: v2.00 BWP Fix
~POLYTWEAK/POLYTWEAK.TP2~ #0 #70 // Improved Umberhulks: v2.00 BWP Fix
~POLYTWEAK/POLYTWEAK.TP2~ #0 #80 // Improved Yuan-Ti: v2.00 BWP Fix
~POLYTWEAK/POLYTWEAK.TP2~ #0 #83 // Improved Minotaurs: v2.00 BWP Fix
~POLYLICH/POLYLICH.TP2~ #0 #11 // Purist Demiliches -> Demilich Trap the Soul is preventable by magic resistance, ignores berserk (recommended): v1.00
~RR/SETUP-RR.TP2~ #0 #9 // Revised Thievery -> Use PnP thievery potions and prevent their effects from stacking: v4.92
~RR/SETUP-RR.TP2~ #0 #999 // BG2-style icons for RR content: v4.92
~RBG1MPV/SETUP-RBG1MPV.TP2~ #0 #100 // Restored BG1 Spider Type: Black Widow: v1.0b5
~RBG1MPV/SETUP-RBG1MPV.TP2~ #0 #110 // Restored BG1 Dog Type: Highland: v1.0b5
~RBG1MPV/SETUP-RBG1MPV.TP2~ #0 #121 // Restored Black Bear Animation Soundset Code -> BG1 Palette: v1.0b5
~RBG1MPV/SETUP-RBG1MPV.TP2~ #0 #123 // Patched Existing Black Bear Creatures: v1.0b5
~RBG1MPV/SETUP-RBG1MPV.TP2~ #0 #131 // Restored Cave Bear Animation Soundset Code -> BG1 Palette: v1.0b5
~RBG1MPV/SETUP-RBG1MPV.TP2~ #0 #133 // Patched Existing Cave Bear Creatures: v1.0b5
~RBG1MPV/SETUP-RBG1MPV.TP2~ #0 #140 // Restored Polar Bear Animation Soundset Code: v1.0b5
~RBG1MPV/SETUP-RBG1MPV.TP2~ #0 #141 // Patched Existing Polar Bear Creatures: v1.0b5
~RBG1MPV/SETUP-RBG1MPV.TP2~ #0 #151 // Restored War Dog Animation Soundset Code -> BG1 Palette: v1.0b5
~RBG1MPV/SETUP-RBG1MPV.TP2~ #0 #153 // Patched Existing War Dog Creatures: v1.0b5
~RBG1MPV/SETUP-RBG1MPV.TP2~ #0 #160 // Restored Ghast Animation Soundset Code: v1.0b5
~RBG1MPV/SETUP-RBG1MPV.TP2~ #0 #161 // Patched Existing Ghast Creatures: v1.0b5
~RBG1MPV/SETUP-RBG1MPV.TP2~ #0 #180 // Restored Wolf Animation Soundset Code: v1.0b5
~RBG1MPV/SETUP-RBG1MPV.TP2~ #0 #181 // Patched Existing Wolf Creatures: v1.0b5
~RBG1MPV/SETUP-RBG1MPV.TP2~ #0 #191 // Restored Worg Animation Soundset Code -> BG1 Palette: v1.0b5
~RBG1MPV/SETUP-RBG1MPV.TP2~ #0 #200 // Restored Greater Basilisk Animation Soundset Code: v1.0b5
~RBG1MPV/SETUP-RBG1MPV.TP2~ #0 #201 // Patched Existing Greater Basilisk Creatures: v1.0b5
~RBG1MPV/SETUP-RBG1MPV.TP2~ #0 #210 // Restored BG1 Wild Dog Palette: v1.0b5
~RBG1MPV/SETUP-RBG1MPV.TP2~ #0 #221 // Restored BG1 Giant Spider Palette: v1.0b5
~RBG1MPV/SETUP-RBG1MPV.TP2~ #0 #222 // Restored BG1 Huge Spider Palette: v1.0b5
~RBG1MPV/SETUP-RBG1MPV.TP2~ #0 #223 // Restored BG1 Phase Spider Palette: v1.0b5
~RBG1MPV/SETUP-RBG1MPV.TP2~ #0 #224 // Restored BG1 Sword Spider Palette: v1.0b5
~RBG1MPV/SETUP-RBG1MPV.TP2~ #0 #225 // Restored BG1 Wraith Spider Palette: v1.0b5
~RBG1MPV/SETUP-RBG1MPV.TP2~ #0 #231 // Restored BG1 Dire Wolf Palette: v1.0b5
~RBG1MPV/SETUP-RBG1MPV.TP2~ #0 #232 // Restored BG1 Dread Wolf Palette: v1.0b5
~RBG1MPV/SETUP-RBG1MPV.TP2~ #0 #233 // Restored BG1 Vampiric Wolf Palette: v1.0b5
~ATWEAKS/SETUP-ATWEAKS.TP2~ #0 #100 // Restore innate infravision to Half-Orc characters: v4.54a_TotoR
~ATWEAKS/SETUP-ATWEAKS.TP2~ #0 #101 // Prevent skeletal and incorporeal undead from being affected by Illithids' Devour Brain attack: v4.54a_TotoR
~ATWEAKS/SETUP-ATWEAKS.TP2~ #0 #103 // Allow Dispel/Remove Magic to take down Globes of Invulnerability: v4.54a_TotoR
~ATWEAKS/SETUP-ATWEAKS.TP2~ #0 #104 // PnP Color Spray: v4.54a_TotoR
~ATWEAKS/SETUP-ATWEAKS.TP2~ #0 #110 // Magical arrows and bolts deal bonus damage equal to their enchantment level: v4.54a_TotoR
~ATWEAKS/SETUP-ATWEAKS.TP2~ #0 #125 // Rangers' Animal Empathy improves with experience: v4.54a_TotoR
~ATWEAKS/SETUP-ATWEAKS.TP2~ #0 #130 // Additional racial traits for Dwarves: v4.54a_TotoR
~ATWEAKS/SETUP-ATWEAKS.TP2~ #0 #140 // Additional racial traits for Gnomes: v4.54a_TotoR
~ATWEAKS/SETUP-ATWEAKS.TP2~ #0 #152 // PnP Fiends -> Mod-added fiends are also affected: v4.54a_TotoR
~ATWEAKS/SETUP-ATWEAKS.TP2~ #0 #154 // Revised Fiend Summoning: v4.54a_TotoR
~ATWEAKS/SETUP-ATWEAKS.TP2~ #0 #156 // Fiendish gating: v4.54a_TotoR
~ATWEAKS/SETUP-ATWEAKS.TP2~ #0 #160 // PnP Undead: v4.54a_TotoR
~ATWEAKS/SETUP-ATWEAKS.TP2~ #0 #180 // PnP Mephits: v4.54a_TotoR
~ATWEAKS/SETUP-ATWEAKS.TP2~ #0 #185 // PnP Fey creatures: v4.54a_TotoR
~ATWEAKS/SETUP-ATWEAKS.TP2~ #0 #186 // Revised Call Woodland Beings spell: v4.54a_TotoR
~ATWEAKS/SETUP-ATWEAKS.TP2~ #0 #187 // PnP Spiders, Wyverns and Ettercaps: v4.54a_TotoR
~ATWEAKS/SETUP-ATWEAKS.TP2~ #0 #188 // PnP Ooze creatures: v4.54a_TotoR
~ATWEAKS/SETUP-ATWEAKS.TP2~ #0 #189 // PnP Plant and creatures: v4.54a_TotoR
~ATWEAKS/SETUP-ATWEAKS.TP2~ #0 #190 // PnP Elementals: v4.54a_TotoR
~ATWEAKS/SETUP-ATWEAKS.TP2~ #0 #200 // Allow Breach to take down Stoneskin effects applied by items: v4.54a_TotoR
~ATWEAKS/SETUP-ATWEAKS.TP2~ #0 #202 // Revised Bhaalpowers -> Enhance the Bhaalpowers and standardize their casting time: v4.54a_TotoR
~ATWEAKS/SETUP-ATWEAKS.TP2~ #0 #218 // Regain Bhaalpowers in ToB: v4.54a_TotoR
~ATWEAKS/SETUP-ATWEAKS.TP2~ #0 #203 // Make druidic shapeshifting uninterruptable: v4.54a_TotoR
~ATWEAKS/SETUP-ATWEAKS.TP2~ #0 #204 // Prevent Mislead clones from singing Bard songs: v4.54a_TotoR
~ATWEAKS/SETUP-ATWEAKS.TP2~ #0 #205 // Prevent Project Image and Simulacrum clones from using quickslot items: v4.54a_TotoR
~ATWEAKS/SETUP-ATWEAKS.TP2~ #0 #210 // Restore the Dispel Magic vulnerability to Nishruu and Hakeashars: v4.54a_TotoR
~ATWEAKS/SETUP-ATWEAKS.TP2~ #0 #212 // Make alignment detection spells more accurate: v4.54a_TotoR
~ATWEAKS/SETUP-ATWEAKS.TP2~ #0 #213 // Expanded saving throw bonus tables for Dwarves, Gnomes and Halflings: v4.54a_TotoR
~ATWEAKS/SETUP-ATWEAKS.TP2~ #0 #217 // Bard songs break invisibility -> All Bard songs break invisibility: v4.54a_TotoR
~ATWEAKS/SETUP-ATWEAKS.TP2~ #0 #262 // Altered XP rewards from locks, traps and scrolls -> No XP rewards from locks, traps and scrolls: v4.54a_TotoR
~ATWEAKS/SETUP-ATWEAKS.TP2~ #0 #270 // Unbiased quest rewards: v4.54a_TotoR
~ATWEAKS/SETUP-ATWEAKS.TP2~ #0 #220 // Simple Thief script: v4.54a_TotoR
~ATWEAKS/SETUP-ATWEAKS.TP2~ #0 #230 // Simple Bard script: v4.54a_TotoR
~ATWEAKS/SETUP-ATWEAKS.TP2~ #0 #239 // Simple Cleric/Paladin script: v4.54a_TotoR
~ATWEAKS/SETUP-ATWEAKS.TP2~ #0 #301 // Change the appearance of Valygar's armor: v4.54a_TotoR
~ATWEAKS/SETUP-ATWEAKS.TP2~ #0 #302 // Change the appearance of the Robe of Vecna: v4.54a_TotoR
~ATWEAKS/SETUP-ATWEAKS.TP2~ #0 #310 // Distinctive creature coloring: v4.54a_TotoR
~ATWEAKS/SETUP-ATWEAKS.TP2~ #0 #315 // Distinctive creature soundsets: v4.54a_TotoR
~ATWEAKS/SETUP-ATWEAKS.TP2~ #0 #510 // Expanded temple services: v4.54a_TotoR
~ATWEAKS/SETUP-ATWEAKS.TP2~ #0 #999 // BG2-style icons for aTweaks content: v4.54a_TotoR
~IWDIFICATION/SETUP-IWDIFICATION.TP2~ #0 #80 // ?????? -> : ???
~AURORA/SETUP-AURORA.TP2~ #0 #105 // Change store buying prices -> Reduce to 50%: v5.2.2
~AURORA/SETUP-AURORA.TP2~ #0 #175 // Change store selling prices -> Increase by 150% (recommended): v5.2.2
~AURORA/SETUP-AURORA.TP2~ #0 #257 // Change quest gold rewards -> Fixes only: v5.2.2
~AURORA/SETUP-AURORA.TP2~ #0 #430 // Realistic random treasures -> Both 1 and 2 (25% of treasures lost): v5.2.2
~AURORA/SETUP-AURORA.TP2~ #0 #470 // Change creature gold carried -> Reduce to 50% (recommended): v5.2.2
~AURORA/SETUP-AURORA.TP2~ #0 #500 // PnP Helmed and Battle Horrors: v5.2.2
~AURORA/SETUP-AURORA.TP2~ #0 #520 // Realistic Kobold Commandos: v5.2.2
~TNT/TNT.TP2~ #0 #16 // Extended soundsets for joinable NPCs -> Additions only: v8.28
~TNT/TNT.TP2~ #0 #20 // Compliments and insults -> Reintroduce: v8.28
~TNT/TNT.TP2~ #0 #41 // PnP-like protection items -> 3E-like: no stacking, best bonus takes effect: v8.28
~TNT/TNT.TP2~ #0 #74 // Disable intro movies: v8.28
~1PP/1PP.TP2~ #0 #104 // 1ppv4: GUI additions for BGII: v4.2.1
~1PP/1PP.TP2~ #0 #113 // 1ppv4: Smart Avatar & Armour Switching: v4.2.1
~XPMOD/SETUP-XPMOD.TP2~ #0 #1 // Creature XP Reduction -> Reduce to 50%: 7
~XPMOD/SETUP-XPMOD.TP2~ #0 #16 // Quest XP Reduction -> Reduce to 50%: 7
~INFINITYSOUNDS/INFINITYSOUNDS.TP2~ #0 #120 // Restore BG1 Weapon Sounds: v2.0
~INFINITYSOUNDS/INFINITYSOUNDS.TP2~ #0 #130 // Restore BG1 Armor Sounds: v2.0
~INFINITYSOUNDS/INFINITYSOUNDS.TP2~ #0 #140 // Restore BG1 GUI Sounds: v2.0
~INFINITYSOUNDS/INFINITYSOUNDS.TP2~ #0 #180 // Tweak Sound Channel Volume Levels: v2.0
~INFINITYSOUNDS/INFINITYSOUNDS.TP2~ #0 #189 // Enable Footsteps During Combat: v2.0
~INFINITYSOUNDS/INFINITYSOUNDS.TP2~ #0 #210 // Restore BG1 Ambient Sounds: v2.0
~INFINITYSOUNDS/INFINITYSOUNDS.TP2~ #0 #220 // Restore Environmental Audio (WARNING: check the readme!): v2.0
~INFINITYSOUNDS/INFINITYSOUNDS.TP2~ #0 #230 // Restore & Tweak Soundsets: v2.0
~INFINITYSOUNDS/INFINITYSOUNDS.TP2~ #0 #240 // More Existence Sounds: v2.0
~INFINITYSOUNDS/INFINITYSOUNDS.TP2~ #0 #250 // Tweak Existence Sound Delay: v2.0
~INFINITYSOUNDS/INFINITYSOUNDS.TP2~ #0 #270 // Additional NPC Voiceovers (by Salk): v2.0
~BG2_CBPORTRAITS/SETUP-BG2_CBPORTRAITS.TP2~ #0 #0 // BG2 Color Balanced Portraits
~FISHINGFORTROUBLE/FISHINGFORTROUBLE.TP2~ #0 #1 // Fishing for Trouble - Major character portraits: v3.2.8
~EPORTRAITS/EPORTRAITS.TP2~ #0 #100 // Install portraits to the portrait directory: v2.0 BWP Fix
~EPORTRAITS/EPORTRAITS.TP2~ #0 #102 // Alternate Anomen: v2.0 BWP Fix
~EPORTRAITS/EPORTRAITS.TP2~ #0 #103 // Alternate Cernd: v2.0 BWP Fix
~EPORTRAITS/EPORTRAITS.TP2~ #0 #106 // Alternate Irenicus: v2.0 BWP Fix
~EPORTRAITS/EPORTRAITS.TP2~ #0 #116 // Alternate Viconia: v2.0 BWP Fix
~EPORTRAITS/EPORTRAITS.TP2~ #0 #230 // Alternate Eilistraee's Song portraits: v2.0 BWP Fix
~EPORTRAITS/EPORTRAITS.TP2~ #0 #231 // Alternate Fading Promises portraits: v2.0 BWP Fix
~EPORTRAITS/EPORTRAITS.TP2~ #0 #234 // Alternate Hubelpot: v2.0 BWP Fix
~EPORTRAITS/EPORTRAITS.TP2~ #0 #235 // Alternate Innershade portraits: v2.0 BWP Fix
~EPORTRAITS/EPORTRAITS.TP2~ #0 #217 // Alternate Suna Seni: v2.0 BWP Fix
~EPORTRAITS/EPORTRAITS.TP2~ #0 #249 // Alternate Tales of the Deep Garden portraits: v2.0 BWP Fix
~EPORTRAITS/EPORTRAITS.TP2~ #0 #251 // Alternate White Queen portraits: v2.0 BWP Fix
~BG1NPC/BG1NPC.TP2~ #0 #150 // The BG1 NPC Project: Kivan's "Kivan and Deheriana Companions" portrait: v32
~BG1NPC/BG1NPC.TP2~ #0 #155 // The BG1 NPC Project: Give Coran his "Murder in Baldur's Gate" portrait: v32
~BG1NPC/BG1NPC.TP2~ #0 #160 // The BG1 NPC Project: Add Non-Joinable NPC portraits to quests and dialogues: v32
~SETUP-NSCPORTRAITS.TP2~ #0 #0 // Portraits for BG1 (BGT or EET): v3.1 TR Fix 3
~SETUP-NSCPORTRAITS.TP2~ #0 #1 // Portraits for BG2 and ToB: v3.1 TR Fix 3
~SETUP-NSCPORTRAITS.TP2~ #0 #20 // Portraits for Northern Tales of the Sword Coast: v3.1 TR Fix 3
~SETUP-NSCPORTRAITS.TP2~ #0 #21 // Alternate Portrait for Will Scarlet of NTotSC: v3.1 TR Fix 3
~SETUP-NSCPORTRAITS.TP2~ #0 #30 // Portraits for Secret of Bone Hill: v3.1 TR Fix 3
~SETUP-NSCPORTRAITS.TP2~ #0 #41 // Portraits for Drizzt Saga: v3.1 TR Fix 3
~SETUP-NSCPORTRAITS.TP2~ #0 #300 // Portraits for BG1 Mini-Quests and Encounters: v3.1 TR Fix 3
~SETUP-NSCPORTRAITS.TP2~ #0 #305 // Portraits for Lure of the Sirines Call: v3.1 TR Fix 3
~SETUP-NSCPORTRAITS.TP2~ #0 #1300 // Portraits for Tower of Deception: v3.1 TR Fix 3
~SETUP-NSCPORTRAITS.TP2~ #0 #1310 // Portraits for Assassinations: v3.1 TR Fix 3
~SETUP-NSCPORTRAITS.TP2~ #0 #1320 // Portraits for Dungeon Crawl: v3.1 TR Fix 3
~SETUP-NSCPORTRAITS.TP2~ #0 #1330 // Portraits for BG2 Romantic Encounters: v3.1 TR Fix 3
~SETUP-NSCPORTRAITS.TP2~ #0 #1360 // Portraits for Tales of the Deep Gardens: v3.1 TR Fix 3
~SETUP-NSCPORTRAITS.TP2~ #0 #1380 // Portraits for Ascalon's Questpack: v3.1 TR Fix 3
~SETUP-NSCPORTRAITS.TP2~ #0 #1390 // Portraits for Jan's Quest: v3.1 TR Fix 3
~SETUP-NSCPORTRAITS.TP2~ #0 #1410 // Portraits for Innershade: v3.1 TR Fix 3
~SETUP-NSCPORTRAITS.TP2~ #0 #1420 // Portraits for Fishing for Trouble: v3.1 TR Fix 3
~SETUP-NSCPORTRAITS.TP2~ #0 #1430 // Portraits for Eilistraees Song: v3.1 TR Fix 3
~SETUP-NSCPORTRAITS.TP2~ #0 #1440 // Portraits for Expanded Thief Stronghold: v3.1 TR Fix 3
~SETUP-NSCPORTRAITS.TP2~ #0 #1470 // Portraits for Return to Brynnlaw: v3.1 TR Fix 3
~SETUP-NSCPORTRAITS.TP2~ #0 #1480 // Portraits for Sellswords: v3.1 TR Fix 3
~SETUP-NSCPORTRAITS.TP2~ #0 #1500 // Portraits for Longer Road: v3.1 TR Fix 3
~SETUP-NSCPORTRAITS.TP2~ #0 #1510 // Portraits for Zalnoya: v3.1 TR Fix 3
~SETUP-NSCPORTRAITS.TP2~ #0 #1520 // Portraits for Ding0's Questpack: v3.1 TR Fix 3
~SETUP-NSCPORTRAITS.TP2~ #0 #1530 // Portraits for Slandor (The Minotaur and Lilacor): v3.1 TR Fix 3
~SETUP-NSCPORTRAITS.TP2~ #0 #1540 // Portraits for Sirines: v3.1 TR Fix 3
~SETUP-NSCPORTRAITS.TP2~ #0 #1550 // Portraits for Afaaq (Djinni Companion): v3.1 TR Fix 3
~SETUP-NSCPORTRAITS.TP2~ #0 #1590 // Portraits for ISNF (I Shall Never Forget): v3.1 TR Fix 3
~SETUP-NSCPORTRAITS.TP2~ #0 #1780 // Portraits for BG1 Romantic Encounters: v3.1 TR Fix 3
~SETUP-NSCPORTRAITS.TP2~ #0 #2000 // Portraits for Ascalon's Breagar: v3.1 TR Fix 3
~SETUP-NSCPORTRAITS.TP2~ #0 #3000 // Alternate Portrait for Goo NPC: v3.1 TR Fix 3
~SETUP-NSCPORTRAITS.TP2~ #0 #3020 // Portraits for Baldurans Seatower: v3.1 TR Fix 3
~SETUP-NSCPORTRAITS.TP2~ #0 #3030 // Portraits for Heroes, Thieves and Moneylenders: v3.1 TR Fix 3
~BP-BGT-WORLDMAP/SETUP-BP-BGT-WORLDMAP.TP2~ #0 #0 // Worldmap for Baldur's Gate - including colored Baldur's Gate map icons: v10.2.6
~BP-BGT-WORLDMAP/SETUP-BP-BGT-WORLDMAP.TP2~ #0 #1 // Worldmap for Throne of Bhaal -> Use new Worldmap for Throne of Bhaal as well: v10.2.6
~MAPNAMES/SETUP-MAPNAMES.TP2~ #0 #0 // Sword Coast Map Labels: v2
~MAPNAMES/SETUP-MAPNAMES.TP2~ #0 #25 // Update Map Markers: v2
~BGT/BGT.TP2~ #0 #3 // Baldur's Gate Trilogy - Music -> Full Baldur's Gate/Shadows of Amn/Throne of Bhaal Music (WARNING: patches BGMain.exe): v1.23
~1PP_HQ_MUSIC_BGT/1PP_HQ_MUSIC_BGT.TP2~ #0 #0 // 1pp: High quality music for BGT -> Patch BGT and BGII areas to make full use of updated music (Recommended)
~SETUP-GUI.TP2~ #0 #2 // Game Graphical User Interface (GUI) -> Baldur's Gate Trilogy (Elminster wielding a staff)
~WIDESCREEN/WIDESCREEN.TP2~ #0 #0 // Widescreen Mod: v3.08
~GUI_720/SETUP-GUI_720.TP2~ #0 #2 // BG2 GUI in 1280x720 -> 1pp version + 13inch font (English only): v1.7a
~SETUP-TOOLTIPFIX.TP2~ #0 #0 // Tooltip Fix: v1
~SETUP-AREA_PATCHER.TP2~ #0 #0 // Area Patcher: ALPHA 16
~SETUP-AREA_PATCHER.TP2~ #0 #2001 // Fix AR2300 Script - Prevent infinite loop after Sahuagin king dies: ALPHA 16
~SETUP-AREA_PATCHER.TP2~ #0 #2002 // Fix AR0701 Script - Undeadify the sea troll for Roger the Fence's quest: ALPHA 16
~SETUP-CRE_PATCHER.TP2~ #0 #0 // Cre Patcher: ALPHA 1
~SETUP-LOLFIXER.TP2~ #0 #3 // Creature Stuff - Inventory Cleaner (removes items that don't exist and converts them into already present items where applicable): 19022016
~SETUP-LOLFIXER.TP2~ #0 #10 // Item Stuff - Proper Immunity Assigner: 19022016
~BG2IMPROVEDGUI/BG2IMPROVEDGUI.TP2~ #0 #110 // Loot Panel -> Classic EE mode: 5.6
~BG2IMPROVEDGUI/BG2IMPROVEDGUI.TP2~ #0 #200 // Colorize icon of not memorized scrolls: 5.6
~BG2IMPROVEDGUI/BG2IMPROVEDGUI.TP2~ #0 #300 // Hide 'Write magic' button for already known spells and for opposition schools: 5.6
~BG2IMPROVEDGUI/BG2IMPROVEDGUI.TP2~ #0 #470 // Show Hit Points on NPC/Party ('tab' pressed) -> Ally/Summon/Charmed: 5.6
~BG2IMPROVEDGUI/BG2IMPROVEDGUI.TP2~ #0 #510 // THAC0 and Damage info on Inventory screen -> Background picture by 1pp Mod: 5.6
~BG2IMPROVEDGUI/BG2IMPROVEDGUI.TP2~ #0 #700 // Show Total Roll on Character Generation screen: 5.6
~BG2IMPROVEDGUI/BG2IMPROVEDGUI.TP2~ #0 #820 // Journal with folding quests -> Original text area: 5.6
~BG2IMPROVEDGUI/BG2IMPROVEDGUI.TP2~ #0 #920 // Grayscale background on Pause -> Static GUI icon + switch by keyboard: 5.6
~BG2IMPROVEDGUI/BG2IMPROVEDGUI.TP2~ #0 #1000 // Smart Hand Off Slot: 5.6
~BG2IMPROVEDGUI/BG2IMPROVEDGUI.TP2~ #0 #1125 // Show Character's active effects on right mouse click -> Casted spells + show remaining time only for spells casted by Party (recommended): 5.6
~BG2IMPROVEDGUI/BG2IMPROVEDGUI.TP2~ #0 #1200 // Extended Items/Quest/Spell/WorldMap messages: 5.6
~BG2IMPROVEDGUI/BG2IMPROVEDGUI.TP2~ #0 #1310 // Extended roll/damage combat text -> Type of damage (recommended): 5.6
~BG2IMPROVEDGUI/BG2IMPROVEDGUI.TP2~ #0 #1400 // Do not clear Drained Spell Slots: 5.6
~BG2IMPROVEDGUI/BG2IMPROVEDGUI.TP2~ #0 #1550 // Show Hit Points/Action on Portrait -> Hit Points + Action ('tab' pressed): 5.6
~BG2IMPROVEDGUI/BG2IMPROVEDGUI.TP2~ #0 #1920 // BG1 Style Greeting -> Apply on BG1+BG2: 5.6
~BG2IMPROVEDGUI/BG2IMPROVEDGUI.TP2~ #0 #2110 // Mouse Cursor 30Hz->60Hz Render Rate -> Default render: 5.6
~BG2IMPROVEDGUI/BG2IMPROVEDGUI.TP2~ #0 #2500 // Shift Subtitles Below Movie Frame: 5.6
~BG2IMPROVEDGUI/BG2IMPROVEDGUI.TP2~ #0 #2600 // Improved Store/Bag Interface: 5.6
~BG2IMPROVEDGUI/BG2IMPROVEDGUI.TP2~ #0 #2700 // Exchange "Turn Undead" and "Pick Pockets" buttons for Cleric/Thief multiclass: 5.6
~BG2IMPROVEDGUI/BG2IMPROVEDGUI.TP2~ #0 #2800 // Disable 'Special Abilities' button if all abilities are used: 5.6
~BG2IMPROVEDGUI/BG2IMPROVEDGUI.TP2~ #0 #2900 // Spell Sequencer Panel: 5.6
~BG2IMPROVEDGUI/BG2IMPROVEDGUI.TP2~ #0 #3100 // Disable Portrait Icons Added by Class Abilities/Equipped Items: 5.6
~BG2IMPROVEDGUI/BG2IMPROVEDGUI.TP2~ #0 #3500 // Borderless World Map: 5.6
~BG2IMPROVEDGUI/BG2IMPROVEDGUI.TP2~ #0 #3700 // Auto Switch Spell Book between Priest and Mage: 5.6
~BG2IMPROVEDGUI/BG2IMPROVEDGUI.TP2~ #0 #3820 // Additional Character Information on Record Screen (intoxication, fatigue, luck, casting speed, thac0 specialization bonus) -> Show when above threshold (intoxication >50, fatigue >7, luck >0, casting speed >0): 5.6
~BG2IMPROVEDGUI/BG2IMPROVEDGUI.TP2~ #0 #4100 // Additional Icons on Portrait (improved invisibility, blur/mirror image, morale break): 5.6
~BG2IMPROVEDGUI/BG2IMPROVEDGUI.TP2~ #0 #4300 // Restore BG1/BG2 XP Limits: 5.6
~GENERALIZED_BIFFING/GENERALIZED_BIFFING.TP2~ #0 #1 // Generalized Biffing -> Biff all files (recommended by the Big World Dudes): v2.6