// Log of Currently Installed WeiDU Mods
// The top of the file is the 'oldest' mod
// ~TP2_File~ #language_number #component_number // [Subcomponent Name -> ] Component Name [ : Version]
~EET\EET.TP2~ #0 #0 // EET core (resource importation): V13.4
~EEEX\EEEX.TP2~ #0 #0 // EEex: 0.9.3
~LEUI-SOD\LEUI-SOD.TP2~ #0 #0 // lefreut's Enhanced UI (SoD skin) - Core component: 4.4.2
~IMOEN_FOREVER\IMOEN_FOREVER.TP2~ #0 #0 // Imoen 4 Ever in BGII: Imoen Returns after Talking to Gaelan in Chapter 2: v9
~IMOEN_FOREVER\IMOEN_FOREVER.TP2~ #0 #1 // Imoen 4 Ever in BGII: Give Imoen Dialogue Content in SoA: v9
~IMOEN_FOREVER\IMOEN_FOREVER.TP2~ #0 #2 // Imoen 4 Ever in BGII: Yoshimo Comes to Brynnlaw: v9
~IMOEN_FOREVER\IMOEN_FOREVER.TP2~ #0 #3 // Imoen 4 Ever in BGII: Give Imoen Protection Spell in Chapters 2 & 3: v9
~IMOEN_FOREVER\IMOEN_FOREVER.TP2~ #0 #10 // Imoen 4 Ever in SoD: Imoen Remains in Group in Korlasz' Dungeon: v9
~IMOEN_FOREVER\IMOEN_FOREVER.TP2~ #0 #11 // Imoen 4 Ever in SoD: Imoen Returns to PC in First Coalition Camp (bd1000): v9
~IMOEN_FOREVER\IMOEN_FOREVER.TP2~ #0 #12 // Imoen 4 Ever in SoD: Imoen Gives Better Reason to Stay Behind in Palace: v9
~IMOEN_FOREVER\IMOEN_FOREVER.TP2~ #0 #13 // Imoen 4 Ever in SoD: Play Cutscene With Imoen and Duke Jannath: v9
~IMOEN_FOREVER\IMOEN_FOREVER.TP2~ #0 #14 // Imoen 4 Ever in SoD: Give Imoen Dialogue Content in Chapters 8-12: v9
~IMOEN_FOREVER\IMOEN_FOREVER.TP2~ #0 #20 // Imoen's chest moves with the campaign, too: v9
~C#ENDLESSBG1\C#ENDLESSBG1.TP2~ #0 #0 // Endless BG1: Main Component (Required): 9
~C#ENDLESSBG1\C#ENDLESSBG1.TP2~ #0 #1 // More Flavor to Hero of Baldur's Gate (Includes PC's Residence Inside Palace): 9
~C#ENDLESSBG1\C#ENDLESSBG1.TP2~ #0 #2 // Short Public Hero Tribute: 9
~C#ENDLESSBG1\C#ENDLESSBG1.TP2~ #0 #3 // Sarevok's Unique Items: 9
~C#ENDLESSBG1\C#ENDLESSBG1.TP2~ #0 #4 // Sarevok's Sword: 9
~C#ENDLESSBG1\C#ENDLESSBG1.TP2~ #0 #5 // Imoen and Duke Jannath (Imoen Gets Residence Inside Palace): 9
~C#ENDLESSBG1\C#ENDLESSBG1.TP2~ #0 #6 // Duke Eltan Is in the Palace: 9
~C#ENDLESSBG1\C#ENDLESSBG1.TP2~ #0 #7 // Flaming Fist After Final Fight: 9
~C#ENDLESSBG1\C#ENDLESSBG1.TP2~ #0 #8 // Elminster Makes an Appearance -> jastey's Version: 9
~C#ENDLESSBG1\C#ENDLESSBG1.TP2~ #0 #10 // First Refugees Come to Baldur's Gate: 9
~C#ENDLESSBG1\C#ENDLESSBG1.TP2~ #0 #11 // Ophyllis the Treasurer is Inside Palace Dungeon: 9
~C#ENDLESSBG1\C#ENDLESSBG1.TP2~ #0 #12 // Denkod in Thieves' Guild Comments on Sarevok's Death: 9
~C#ENDLESSBG1\C#ENDLESSBG1.TP2~ #0 #15 // Fenster the Palace Healer Is in the Palace: 9
~C#ENDLESSBG1\C#ENDLESSBG1.TP2~ #0 #16 // Captain Corwin Is in the Palace: 9
~TRANSITIONS\TRANSITIONS.TP2~ #0 #0 // Main component: Allow continued play after Sarevok and/or Irenicus is defeated: v2.2
~TRANSITIONS\TRANSITIONS.TP2~ #0 #10 // Use BGI ending movie as a dream and give new bhaal-spawn power at first rest: v2.2
~TRANSITIONS\TRANSITIONS.TP2~ #0 #30 // Clean-up Quests -> Those supporters that are still alive when Sarevok dies immediately flee the area (to give more clean-up quests): v2.2
~TRANSITIONS\TRANSITIONS.TP2~ #0 #72 // Duke Eltan's reward option: Gray house in NW Beregost: v2.2
~TRANSITIONS\TRANSITIONS.TP2~ #0 #140 // Use Irenicus in hell movie to restore Bhaal-spawn powers after he is defeated: v2.2
~SOTSC\SOTSC.TP2~ #0 #0 // Shades of the Sword Coast - Expansion Pack for BGEE: 6.4
~DSOTSC\DSOTSC.TP2~ #0 #0 // Dark Side of the Sword Coast (DSotSC): v4.1
~DSOTSC\DSOTSC.TP2~ #0 #1 // DSotSC Wizard spells: v4.1
~DSOTSC\DSOTSC.TP2~ #0 #2 // DSotSC Priest spells: v4.1
~DSOTSC\DSOTSC.TP2~ #0 #3 // More common encounters in vanilla areas: v4.1
~DSOTSC\DSOTSC.TP2~ #0 #4 // Distribute DSotSC items also in vanilla content: v4.1
~NTOTSC\NTOTSC.TP2~ #0 #0 // Northern Tales of the Sword Coast (NTotSC) for BGT-Weidu, BG:EE, and EET: 4.2.0
~NTOTSC\NTOTSC.TP2~ #0 #2 // Keelor the Dwarf: 4.2.0
~NTOTSC\NTOTSC.TP2~ #0 #3 // Llindellyn's Lucky Arrow: 4.2.0
~NTOTSC\NTOTSC.TP2~ #0 #5 // Pilar and Gheldehar: 4.2.0
~NTOTSC\NTOTSC.TP2~ #0 #9 // Fighting Encounters: 4.2.0
~IWDIFICATION\SETUP-IWDIFICATION.TP2~ #0 #30 // IWD Arcane Spell Pack: Release Candidate 2
~IWDIFICATION\SETUP-IWDIFICATION.TP2~ #0 #40 // IWD Divine Spell Pack: Release Candidate 2
~IWDIFICATION\SETUP-IWDIFICATION.TP2~ #0 #10 // Icewind Dale Casting Graphics (Andyr): Release Candidate 2
~A7-TOTLM-BG2EE\A7-TOTLM-BG2EE.TP2~ #0 #0 // Trials of the Luremaster for Baldur's Gate: 3.0
~A7-TOTLM-BG2EE\A7-TOTLM-BG2EE.TP2~ #0 #31 // Reduce experience from monsters and quests -> Reduce by 50 percent: 3.0
~CTB\SETUP-CTB.TP2~ #0 #0 // Check The Bodies: 3.0
~CTB\SETUP-CTB.TP2~ #0 #1 // Candlekeep Chores: 3.0
~CTB\SETUP-CTB.TP2~ #0 #2 // Candlekeep Chores Fast Forward (for CtB v2.2 or later): 3.0
~CTB\SETUP-CTB.TP2~ #0 #3 // Other Improvements: 3.0
~BG1RE\SETUP-BG1RE.TP2~ #0 #105 // Main Component: Amount of -ahem- details and BG-style vs. description text! (Required) -> Descriptive Version [Adult content] and Show/Install all Components with Warnings.: 9.0
~BG1RE\SETUP-BG1RE.TP2~ #0 #1 // Bardolan's Briefing, by berelinde: 9.0
~BG1RE\SETUP-BG1RE.TP2~ #0 #2 // Scar's Spare Time, by jastey: 9.0
~BG1RE\SETUP-BG1RE.TP2~ #0 #3 // Kim's Preoccupation, by jastey (WARNING - refer to the readme!): 9.0
~BG1RE\SETUP-BG1RE.TP2~ #0 #4 // Extension of Bjornin Encounter (Personal Wound Treatment), by jastey: 9.0
~BG1RE\SETUP-BG1RE.TP2~ #0 #5 // No Starch in the Maypole: 9.0
~BG1RE\SETUP-BG1RE.TP2~ #0 #6 // Duke Eltan's Spare Minute, by jastey: 9.0
~BG1RE\SETUP-BG1RE.TP2~ #0 #7 // Husam's Personal Preparation, by jastey: 9.0
~BG1RE\SETUP-BG1RE.TP2~ #0 #8 // Laurel's Post-Hunting, by jastey: 9.0
~BG1RE\SETUP-BG1RE.TP2~ #0 #9 // Bartus' Seduction, by jastey: 9.0
~BG1RE\SETUP-BG1RE.TP2~ #0 #10 // Lina's Massage, by jastey: 9.0
~BG1RE\SETUP-BG1RE.TP2~ #0 #11 // First Night with Quentin, by Kulyok: 9.0
~BG1RE\SETUP-BG1RE.TP2~ #0 #12 // Chatting Niklos Up, by Kulyok (mature content. WARNING - refer to the readme!): 9.0
~BG1RE\SETUP-BG1RE.TP2~ #0 #13 // Slythe and Krystin, by Kulyok (mature content. WARNING - refer to the readme!): 9.0
~BG1RE\SETUP-BG1RE.TP2~ #0 #14 // No Regrets: 9.0
~BG1RE\SETUP-BG1RE.TP2~ #0 #15 // Purchased Love, by Thimblerig: 9.0
~BG1RE\SETUP-BG1RE.TP2~ #0 #16 // Hull: Heavy Duty, by Lava: 9.0
~BG1RE\SETUP-BG1RE.TP2~ #0 #17 // Late Night with Jaheira, by Kulyok: 9.0
~BG1RE\SETUP-BG1RE.TP2~ #0 #18 // Sil's Blessing, by Lava: 9.0
~BG1RE\SETUP-BG1RE.TP2~ #0 #19 // Melicamp: The Poultry Boy, by Lava: 9.0
~BG1RE\SETUP-BG1RE.TP2~ #0 #20 // Reading with Rinnie, by Western Paladin: 9.0
~BG1RE\SETUP-BG1RE.TP2~ #0 #21 // Molly the Husband-Grabber, by Kulyok: 9.0
~BG1RE\SETUP-BG1RE.TP2~ #0 #22 // The Mourning of Centeol, the Spider Lady, by Lava: 9.0
~BG1RE\SETUP-BG1RE.TP2~ #0 #23 // The Essential End, by Lava (WARNING - refer to the readme!): 9.0
~BG1RE\SETUP-BG1RE.TP2~ #0 #24 // The Harvestmen Lair, by Lava (mature content): 9.0
~BG1RE\SETUP-BG1RE.TP2~ #0 #25 // The Great Zudini, by Kulyok (mature content): 9.0
~BG1RE\SETUP-BG1RE.TP2~ #0 #26 // The Messenger, by Thimblerig: 9.0
~BG1RE\SETUP-BG1RE.TP2~ #0 #27 // Ender Sai, the Hero's Reward, by Thimblerig (WARNING - refer to the readme!): 9.0
~BG1RE\SETUP-BG1RE.TP2~ #0 #28 // The Novelists, by Thimblerig: 9.0
~BG1RE\SETUP-BG1RE.TP2~ #0 #29 // The Honest Lies of Two Riversides, By Lava: 9.0
~BG1RE\SETUP-BG1RE.TP2~ #0 #30 // Necromancer's Trouble, by jastey: 9.0
~BG1RE\SETUP-BG1RE.TP2~ #0 #31 // Dinner with Thalantyr, by jastey: 9.0
~BG1RE\SETUP-BG1RE.TP2~ #0 #32 // Girdle of Gender Reactions, by Thimblerig, Kulyok, Domi, Lava, Lastknightleft, Twani, Jastey, Daisy Ninja Girl: 9.0
~BG1RE\SETUP-BG1RE.TP2~ #0 #33 // The Surgeon's Dream, by Kulyok: 9.0
~BG1RE\SETUP-BG1RE.TP2~ #0 #34 // All That Left Was, by Lava and Thimblerig: 9.0
~BG1RE\SETUP-BG1RE.TP2~ #0 #35 // A Childhood Friend, by Kulyok: 9.0
~BG1RE\SETUP-BG1RE.TP2~ #0 #36 // Arlene the Working Girl, by Kulyok: 9.0
~BG1RE\SETUP-BG1RE.TP2~ #0 #37 // Della May from Thay, by Kulyok: 9.0
~BG1RE\SETUP-BG1RE.TP2~ #0 #38 // A Dirty Guard in Candlekeep, by Kulyok (mature content. WARNING - refer to the readme!): 9.0
~BG1RE\SETUP-BG1RE.TP2~ #0 #39 // Phoenix Flame, by Kulyok (mature content): 9.0
~BG1RE\SETUP-BG1RE.TP2~ #0 #40 // Mikala the Monk, by Twani: 9.0
~BG1RE\SETUP-BG1RE.TP2~ #0 #41 // The Messenger 2: Rain or Snow or Gloom of Night, by Thimblerig and tibicina: 9.0
~BG1RE\SETUP-BG1RE.TP2~ #0 #42 // Camryn and Tamah, by tibicina: 9.0
~BG1RE\SETUP-BG1RE.TP2~ #0 #43 // Minor Disclosures, by jastey: 9.0
~BG1RE\SETUP-BG1RE.TP2~ #0 #44 // Cloakwood Lovers, by tibicina: 9.0
~ASCENSION\ASCENSION.TP2~ #0 #0 // Rewritten Final Chapter of Throne of Bhaal: 2.0.20
~ASCENSION\ASCENSION.TP2~ #0 #10 // Balthazar can be redeemed: 2.0.20
~ASCENSION\ASCENSION.TP2~ #0 #20 // Improved Sarevok-Player Interactions: 2.0.20
~ASCENSION\ASCENSION.TP2~ #0 #30 // Improved Imoen-Player Interactions in Throne of Bhaal: 2.0.20
~ASCENSION\ASCENSION.TP2~ #0 #50 // Improved Slayer Transformation: 2.0.20
~ASCENSION\ASCENSION.TP2~ #0 #60 // Expanded Epilogues for Bioware NPCs -> David Gaider's expanded epilogues for Bioware NPCs: 2.0.20
~ASCENSION\ASCENSION.TP2~ #0 #2200 // Extended Epilogues for additional Beamdog NPCs, by shawne: 2.0.20
~ASCENSION\ASCENSION.TP2~ #0 #2300 // Sharper portraits of Abazigal and Gromnir for the Enhanced Edition, by DavidW: 2.0.20
~ASCENSION\ASCENSION.TP2~ #0 #2400 // Slightly improved cutscenes, by DavidW: 2.0.20
~WHEELS\SETUP-WHEELS.TP2~ #0 #0 // The Wheels of Prophecy: v8.5
~LONGERROAD\LONGERROAD.TP2~ #0 #0 // Longer Road: 2.0.3
~ARESTORATIONP\ARESTORATIONP.TP2~ #1 #0 // Restored Locations: v8.4
~ARESTORATIONP\ARESTORATIONP.TP2~ #1 #1 // Restored Characters and Dialogs: v8.4
~ARESTORATIONP\ARESTORATIONP.TP2~ #1 #2 // Restored Sounds: v8.4
~ARESTORATIONP\ARESTORATIONP.TP2~ #1 #3 // Restored Items: v8.4
~ARESTORATIONP\ARESTORATIONP.TP2~ #1 #4 // Restored Wish Options: v8.4
~ARESTORATIONP\ARESTORATIONP.TP2~ #1 #5 // Restored XP for Minor Things: v8.4
~ARESTORATIONP\ARESTORATIONP.TP2~ #1 #6 // Lich Deril: v8.4
~ARESTORATIONP\ARESTORATIONP.TP2~ #1 #7 // Restored Random Encounters: v8.4
~ARESTORATIONP\ARESTORATIONP.TP2~ #1 #8 // Minor Restorations: v8.4
~ARESTORATIONP\ARESTORATIONP.TP2~ #1 #11 // Restored Final Slayer Dream: v8.4
~ARESTORATIONP\ARESTORATIONP.TP2~ #1 #12 // Alternate Slayer Change: v8.4
~ARESTORATIONP\ARESTORATIONP.TP2~ #1 #13 // Restored Waukeen's Promenade Cutscene: v8.4
~BGQE\SETUP-BGQE.TP2~ #0 #0 // Slime Quest: v25.2
~BGQE\SETUP-BGQE.TP2~ #0 #1 // Beregost Family Quest: v25.2
~BGQE\SETUP-BGQE.TP2~ #0 #2 // Babysitting Quest, including the Carnival Encounter...: v25.2
~BGQE\SETUP-BGQE.TP2~ #0 #3 // Nashkel Monster Quest: v25.2
~BGQE\SETUP-BGQE.TP2~ #0 #4 // Fallen Paladin Quest: v25.2
~BGQE\SETUP-BGQE.TP2~ #0 #5 // Undying Love Quest: v25.2
~BGQE\SETUP-BGQE.TP2~ #0 #6 // Lovesick Half-Orc: v25.2
~BGQE\SETUP-BGQE.TP2~ #0 #7 // Unexpected Help Quest: v25.2
~BGQE\SETUP-BGQE.TP2~ #0 #8 // Many Little Paws: v25.2
~BGQE\SETUP-BGQE.TP2~ #0 #9 // Drunk near Beregost Temple: v25.2
~BGQE\SETUP-BGQE.TP2~ #0 #10 // A Warm Place for Noober: v25.2
~BGQE\SETUP-BGQE.TP2~ #0 #11 // Brage's Sword: v25.2
~BGQE\SETUP-BGQE.TP2~ #0 #12 // Legal Sea Charts Sources: v25.2
~BGQE\SETUP-BGQE.TP2~ #0 #13 // Additions to the Lady's Hall and the Bitch Queen's Temple: v25.2
~BGQE\SETUP-BGQE.TP2~ #0 #14 // A Worried Farmer: v25.2
~BGQE\SETUP-BGQE.TP2~ #0 #15 // Bodies for a Good Cause: v25.2
~BGQE\SETUP-BGQE.TP2~ #0 #16 // Finish Cordyr's Quest without killing Sil: v25.2
~C#SODTWEAKS\SETUP-C#SODTWEAKS.TP2~ #0 #1 // Ending Independent on PC Replies: v7.2
~C#SODTWEAKS\SETUP-C#SODTWEAKS.TP2~ #0 #2 // Do Not Miss NPC-PC Dialogues -> For NPCs in Party Only: v7.2
~C#SODTWEAKS\SETUP-C#SODTWEAKS.TP2~ #0 #5 // More Dialogue Choices & Prevent Dead Ends: v7.2
~C#SODTWEAKS\SETUP-C#SODTWEAKS.TP2~ #0 #12 // SoD Ending: jastey's Tweaks -> Revised Full Version: v7.2
~C#SODTWEAKS\SETUP-C#SODTWEAKS.TP2~ #0 #20 // Make Portal Close from Dragonspear Castle (Aun Argent survives always): v7.2
~C#SODTWEAKS\SETUP-C#SODTWEAKS.TP2~ #0 #21 // Hephernaan takes Dragonspear Vault Key: v7.2
~SIRINESCALL\SETUP-SIRINESCALL.TP2~ #0 #0 // The Lure of the Sirine's Call: v16.2
~SIRINESCALL\SETUP-SIRINESCALL.TP2~ #0 #1 // Extended Lighthouse Area: v16.2
~SKIECOST\SKIECOST.TP2~ #0 #0 // Skie: The Cost of One Girl's Soul - New quest for Baldur's Gate 2 EE: 3.9
~SKIECOST\SKIECOST.TP2~ #0 #1 // Skie: The Cost of One Girl's Soul - Allow Skie to return as a joinable NPC: 3.9
~SKIECOST\SKIECOST.TP2~ #0 #2 // Skie: The Cost of One Girl's Soul - Add brand new SoD-oriented items to BG2: 3.9
~UB\SETUP-UB.TP2~ #0 #0 // The Kidnapping of Boo by Cliffette: v28
~UB\SETUP-UB.TP2~ #0 #1 // The Suna Seni/Valygar Relationship: v28
~UB\SETUP-UB.TP2~ #0 #2 // Kalah and What He Was Promised: v28
~UB\SETUP-UB.TP2~ #0 #3 // "Cat and Mouse" (Bodhi hunts you in Spellhold) by Ghreyfain: v28
~UB\SETUP-UB.TP2~ #0 #4 // Gorje Hilldark and the Extended Illithium Quest: v28
~UB\SETUP-UB.TP2~ #0 #5 // The Pai'Na/Spider's Bane Quest: v28
~UB\SETUP-UB.TP2~ #0 #6 // Restored Crooked Crane Inn: v28
~UB\SETUP-UB.TP2~ #0 #7 // Restored Encounters: v28
~UB\SETUP-UB.TP2~ #0 #8 // Artemis Entreri in Bodhi's Lair: v28
~UB\SETUP-UB.TP2~ #0 #9 // Corrected "Xzar's Creations": v28
~UB\SETUP-UB.TP2~ #0 #10 // Restored Hell Minions, by SimDing0: v28
~UB\SETUP-UB.TP2~ #0 #12 // Item Restorations: v28
~UB\SETUP-UB.TP2~ #0 #15 // NPC Portrait Restorations: v28
~UB\SETUP-UB.TP2~ #0 #17 // Corrected Character Names and Biographies: v28
~UB\SETUP-UB.TP2~ #0 #18 // Restored Minor Dialogs: v28
~UB\SETUP-UB.TP2~ #0 #20 // Extended ToB Item Descriptions: v28
~UB\SETUP-UB.TP2~ #0 #21 // Throne of Bhaal Minor Restorations: v28
~UB\SETUP-UB.TP2~ #0 #22 // Justifier Kit: v28
~UB\SETUP-UB.TP2~ #0 #23 // Feralan Kit: v28
~UB\SETUP-UB.TP2~ #0 #24 // Sarevok's Remorse: v28
~UB\SETUP-UB.TP2~ #0 #25 // The Murder of Acton Balthis, by Kulyok: v28
~BG1NPC\BG1NPC.TP2~ #0 #0 // The BG1 NPC Project: Required Modifications: v27.1
~BG1NPC\BG1NPC.TP2~ #0 #10 // The BG1 NPC Project: Banters, Quests, and Interjections: v27.1
~BG1NPC\BG1NPC.TP2~ #0 #22 // The BG1 NPC Project: Ajantis Romance Core (teen content) -> Speed: 30 minutes real time minimum between LoveTalks: v27.1
~BG1NPC\BG1NPC.TP2~ #0 #32 // The BG1 NPC Project: Branwen's Romance Core (teen content) -> Speed: 30 minutes real time minimum between LoveTalks: v27.1
~BG1NPC\BG1NPC.TP2~ #0 #42 // The BG1 NPC Project: Coran's Romance Core (adult content) -> Speed: 30 minutes real time minimum between LoveTalks: v27.1
~BG1NPC\BG1NPC.TP2~ #0 #52 // The BG1 NPC Project: Dynaheir's Romance Core (teen content) -> Speed: 30 minutes real time minimum between LoveTalks: v27.1
~BG1NPC\BG1NPC.TP2~ #0 #62 // The BG1 NPC Project: Shar-Teel Relationship Core (adult content) -> Speed: 30 minutes real time minimum between LoveTalks: v27.1
~BG1NPC\BG1NPC.TP2~ #0 #72 // The BG1 NPC Project: Xan's Romance Core (teen content) -> Speed: 30 minutes real time minimum between LoveTalks: v27.1
~BG1NPC\BG1NPC.TP2~ #0 #110 // BGEE Banter Timing Tweak -> Banter Timing: Normal (about 27 minutes between banter dialogs): v27.1
~BG1NPC\BG1NPC.TP2~ #0 #130 // The BG1 NPC Project: Sarevok's Diary Adjustments -> SixofSpades Extended Sarevok's Diary: v27.1
~BG1NPC\BG1NPC.TP2~ #0 #241 // The BG1 NPC Project: Kivan's Proficiency -> Kivan uses halberds: v27.1
~BG1NPC\BG1NPC.TP2~ #0 #160 // The BG1 NPC Project: Add Non-Joinable NPC portraits to quests and dialogues: v27.1
~BG1NPC\BG1NPC.TP2~ #0 #200 // The BG1 NPC Project: Player-Initiated Dialogues: v27.1
~RE\SETUP-RE.TP2~ #0 #0 // Aerie, Anomen, Jaheira and Viconia React to Romantic Encounters: v15
~RE\SETUP-RE.TP2~ #0 #1 // Storms and Lightning, by berelinde (Weathermistress Ada, adult content): v15
~RE\SETUP-RE.TP2~ #0 #2 // Aimi's Magic, by berelinde (adult content): v15
~RE\SETUP-RE.TP2~ #0 #3 // Anishai's Deft Hands, by cmorgan: v15
~RE\SETUP-RE.TP2~ #0 #4 // An Evening with Aran, by Kulyok: v15
~RE\SETUP-RE.TP2~ #0 #5 // Bjornin's Desire, by jastey (adult content): v15
~RE\SETUP-RE.TP2~ #0 #6 // Bodhi's Allure, by Kulyok (adult content): v15
~RE\SETUP-RE.TP2~ #0 #7 // Trademeet with Guildmistress Busya, by magrat: v15
~RE\SETUP-RE.TP2~ #0 #8 // The Gambling Cambion, by Kulyok: v15
~RE\SETUP-RE.TP2~ #0 #9 // Chanelle's Gifts, by cmorgan (adult content): v15
~RE\SETUP-RE.TP2~ #0 #10 // A Night with Coran, by magrat: v15
~RE\SETUP-RE.TP2~ #0 #11 // Cyric's Test, by Kulyok: v15
~RE\SETUP-RE.TP2~ #0 #12 // A Tryst with a Pirate Lord, by Kulyok (Desharik, adult content): v15
~RE\SETUP-RE.TP2~ #0 #13 // A Lonely Dryad, by Kulyok (adult content): v15
~RE\SETUP-RE.TP2~ #0 #14 // Edwin's Softer Side, by Kulyok: v15
~RE\SETUP-RE.TP2~ #0 #15 // Eldoth' Exploits, by Kulyok: v15
~RE\SETUP-RE.TP2~ #0 #16 // Elhan's Expansion, by Kulyok: v15
~RE\SETUP-RE.TP2~ #0 #17 // Firkraag's Unsheathed Sword: v15
~RE\SETUP-RE.TP2~ #0 #18 // Gaelan's Contract, by Evaine Dian: v15
~RE\SETUP-RE.TP2~ #0 #19 // A Walk with Garren Windspear, by Kulyok: v15
~RE\SETUP-RE.TP2~ #0 #20 // Enter Haer'Dalis, by Kulyok: v15
~RE\SETUP-RE.TP2~ #0 #21 // Hendak's Heart, by jastey: v15
~RE\SETUP-RE.TP2~ #0 #22 // Ilona, a Merchant's Daughter, by Kulyok: v15
~RE\SETUP-RE.TP2~ #0 #23 // Jarlaxle's Fascinations, by Catseye: v15
~RE\SETUP-RE.TP2~ #0 #24 // A Night with Lais in Imnesvale, by Kulyok: v15
~RE\SETUP-RE.TP2~ #0 #25 // Laran's Promise, by berelinde (adult content): v15
~RE\SETUP-RE.TP2~ #0 #26 // The Love Song of Logan, Lord Coprith, by Ajnos: v15
~RE\SETUP-RE.TP2~ #0 #27 // Mekrath and Nymphology, by Kulyok: v15
~RE\SETUP-RE.TP2~ #0 #28 // Mira's Special Stock, by berelinde: v15
~RE\SETUP-RE.TP2~ #0 #29 // Noober Returns, by cmorgan: v15
~RE\SETUP-RE.TP2~ #0 #30 // Rebecca the Gypsy, by Kulyok: v15
~RE\SETUP-RE.TP2~ #0 #31 // Renal Bloodscalp: A Dangerous Affair, by cmorgan (adult content): v15
~RE\SETUP-RE.TP2~ #0 #32 // Old Ribald's Speciality, by Evaine Dian: v15
~RE\SETUP-RE.TP2~ #0 #33 // Sir Ryan Trawl, by Kulyok: v15
~RE\SETUP-RE.TP2~ #0 #34 // Saemon, a Pirate, by Kulyok (adult content): v15
~RE\SETUP-RE.TP2~ #0 #35 // Dreaming of Sendai, by Kulyok: v15
~RE\SETUP-RE.TP2~ #0 #36 // Sheri the Bardess, by cmorgan (adult content): v15
~RE\SETUP-RE.TP2~ #0 #37 // Solaufein in the Lust Chambers, by jastey: v15
~RE\SETUP-RE.TP2~ #0 #38 // Phaere's Reward, by berelinde (Talak, pleasure slave, adult content): v15
~RE\SETUP-RE.TP2~ #0 #39 // Spell Research with Teos, by Kulyok: v15
~RE\SETUP-RE.TP2~ #0 #40 // A fling with Yoshimo, by Kulyok: v15
~RE\SETUP-RE.TP2~ #0 #41 // Isabelle's Fears, by gertjanvh (adult content): v15
~RE\SETUP-RE.TP2~ #0 #42 // Anne's Rescue, by gertjanvh (adult content): v15
~RE\SETUP-RE.TP2~ #0 #43 // The Queen, by Domi: v15
~RE\SETUP-RE.TP2~ #0 #44 // Valygar Romance, by Kulyok: v15
~RE\SETUP-RE.TP2~ #0 #45 // Rehearsal with Chandra, by Western Paladin: v15
~RE\SETUP-RE.TP2~ #0 #46 // Goldander Blackenrock: After a Party, by magrat: v15
~RE\SETUP-RE.TP2~ #0 #47 // A Chat with Viekang, by magrat: v15
~RE\SETUP-RE.TP2~ #0 #48 // Bravery or Folly? by Aeryn (Sarevok, adult content): v15
~RE\SETUP-RE.TP2~ #0 #49 // Blame the Moon, by Aeryn (Cernd): v15
~RE\SETUP-RE.TP2~ #0 #50 // Cernick's Confession, by Cal Jones: v15
~RE\SETUP-RE.TP2~ #0 #51 // Valygar Romance ToB, by Kulyok: v15
~RE\SETUP-RE.TP2~ #0 #52 // Minsc. Takes. A Bath, by Thimblerig: v15
~RE\SETUP-RE.TP2~ #0 #53 // Nizidramanii'yt's Vanity, by Thimblerig: v15
~RE\SETUP-RE.TP2~ #0 #54 // Date Night, by SisterVigilante: v15
~EILISTRAEE\SETUP-EILISTRAEE.TP2~ #0 #0 // Eilistraee's Song -> Yes, but don't patch the existing save games: 7.0
~AC_QUEST\AC_QUEST.TP2~ #1 #0 // A Job Well-Paid: 4.0
~AC_QUEST\AC_QUEST.TP2~ #1 #1 // A Feast for the Gnolls: 4.0
~AC_QUEST\AC_QUEST.TP2~ #1 #2 // Jumper: 4.0
~AC_QUEST\AC_QUEST.TP2~ #1 #3 // The Lost Son: 4.0
~AC_QUEST\AC_QUEST.TP2~ #1 #4 // Of Wolves and Men -> Quest uses hut near Thalantyr in High Hedge.: 4.0
~AC_QUEST\AC_QUEST.TP2~ #1 #6 // The Great Carlini: 4.0
~AC_QUEST\AC_QUEST.TP2~ #1 #7 // A Home for the Gibberlings: 4.0
~AC_QUEST\AC_QUEST.TP2~ #1 #8 // Fangirls: 4.0
~AC_QUEST\AC_QUEST.TP2~ #1 #9 // The Serpents of Abbathor: 4.0
~AC_QUEST\AC_QUEST.TP2~ #1 #10 // A Halfling among the Eyeless: 4.0
~BST\SETUP-BST.TP2~ #0 #0 // The BS Company presents Balduran's Seatower: vEAOB.7
~INNERSHADE\SETUP-INNERSHADE.TP2~ #0 #0 // Colours of Infinity: Innershade -> Yes, but don't patch the existing save games: 11.0
~OOZE\OOZE.TP2~ #0 #0 // Athkatlan Grounds: The Ooze's Lounge - a new area under Athkatlan Slums: 2.92
~SOUTHERNEDGE\SOUTHERNEDGE.TP2~ #0 #0 // Southern Edge: the new district of Athkatla -> Yes, but don't patch the existing save games: 3.21
~TOTDG\SETUP-TOTDG.TP2~ #0 #0 // Colours of Infinity: Tales of the Deep Gardens -> Yes, but don't patch the existing save games: 12.6
~SOS\SETUP-SOS.TP2~ #0 #0 // Shadows Over Soubar: 1.16
~SOS\SETUP-SOS.TP2~ #0 #1 // Selence arrives to Waukeens Promenade after the meeting with Gaelan in the slums: 1.16
~EXTRAEXPANDEDENHANCEDENCOUNTERS\EXTRAEXPANDEDENHANCEDENCOUNTERS.TP2~ #0 #0 // EEEE: Melia Quicknight, Crossroads: 2.0
~EXTRAEXPANDEDENHANCEDENCOUNTERS\EXTRAEXPANDEDENHANCEDENCOUNTERS.TP2~ #0 #1 // EEEE: Bimmy's Badgering Bandits: 2.0
~EXTRAEXPANDEDENHANCEDENCOUNTERS\EXTRAEXPANDEDENHANCEDENCOUNTERS.TP2~ #0 #2 // EEEE: Reinforced Gnoll Stronghold: 2.0
~EXTRAEXPANDEDENHANCEDENCOUNTERS\EXTRAEXPANDEDENHANCEDENCOUNTERS.TP2~ #0 #3 // EEEE: Bear Encounter near the Gnoll Stronghold: 2.0
~EXTRAEXPANDEDENHANCEDENCOUNTERS\EXTRAEXPANDEDENHANCEDENCOUNTERS.TP2~ #0 #4 // EEEE: Xan's New Grove (new items in Mulahey's cave): 2.0
~EXTRAEXPANDEDENHANCEDENCOUNTERS\EXTRAEXPANDEDENHANCEDENCOUNTERS.TP2~ #0 #5 // EEEE: Daenni's Bridge Bandits: 2.0
~EXTRAEXPANDEDENHANCEDENCOUNTERS\EXTRAEXPANDEDENHANCEDENCOUNTERS.TP2~ #0 #6 // EEEE: The Fire Drake in the Wyvern Cave: 2.0
~EXTRAEXPANDEDENHANCEDENCOUNTERS\EXTRAEXPANDEDENHANCEDENCOUNTERS.TP2~ #0 #7 // EEEE: Undercity Magma Bulwark Encounter; Red Skeleton-(U.M.B.E.R.S.): 2.0
~EMAD\SETUP-EMAD.TP2~ #0 #0 // A Z-rated Adventure - an IM4 Non-Entry: v11
~EMAD\SETUP-EMAD.TP2~ #0 #1 // The Promise of a Troll: v11
~EMAD\SETUP-EMAD.TP2~ #0 #2 // A Bhaalspawn's Best Friend: v11
~EMAD\SETUP-EMAD.TP2~ #0 #3 // Under Her Spell: v11
~EMAD\SETUP-EMAD.TP2~ #0 #5 // Character Medley: v11
~SHARDSOFICE\SETUP-SHARDSOFICE.TP2~ #0 #0 // The Price Of Friendship: v7
~SHARDSOFICE\SETUP-SHARDSOFICE.TP2~ #0 #1 // Some of My Best Friends Are Slimes: v7
~SHARDSOFICE\SETUP-SHARDSOFICE.TP2~ #0 #2 // You Could Restore the Summon Cow Spell, But Why?: v7
~SETUP-TGC1E.TP2~ #0 #0 // The Grey Clan Episode One: In Candlelight, BGT-WeiDU/EET/BG:EE edition v1.9 -> Normal edition: v1.9
~LUCY\LUCY.TP2~ #0 #0 // Lucy the Wyvern: v5.0
~WHITEQUEEN\WHITEQUEEN.TP2~ #0 #0 // Colours of Infinity - The White Queen -> Yes, but don't patch the existing save games: 6.8
~ISNF\ISNF.TP2~ #0 #0 // Colours of Infinity: I Shall Never Forget: 6.0
~SNAKES\SNAKES.TP2~ #0 #0 // The Slithering Menace (for BGII:ToB only): v4.0.0
~BACKBRYNNLAW\BACKBRYNNLAW.TP2~ #0 #0 // Back to Brynnlaw mod for Baldur's Gate II: v9
~ALTERNATIVES\SETUP-ALTERNATIVES.TP2~ #0 #0 // Alternatives: v15
~IMOEN_FOREVER\IMOEN_FOREVER.TP2~ #0 #9 // Imoen 4 Ever in BGII: Compatibility with Alternatives and Saerileth: v9
~SELLSWORDS\SELLSWORDS.TP2~ #0 #0 // The Sellswords mod for Baldur's Gate II: v9.1
~REUNION\REUNION.TP2~ #0 #0 // The Reunion mod for Baldur's Gate II: v7
~G3ANNIVERSARY\SETUP-G3ANNIVERSARY.TP2~ #0 #0 // The Gibberlings Three Anniversary Mod: v12
~TANGLEDISLE\TANGLEDISLE.TP2~ #0 #0 // Athkatlan Grounds: The Tangled Oak Isle -> Yes, but don't patch existing save games: v2.26
~WILLOWISP\WILLOWISP.TP2~ #0 #0 // Will NPC, shaman stronghold and new shaman kit for BG2EE: 2.0
~WILLOWISP\WILLOWISP.TP2~ #0 #1 // Change shaman .tlk string to remove "Ineligible for any stronghold" line: 2.0
~WILLOWISP\WILLOWISP.TP2~ #0 #2 // New items for shamans and undead NPCs: 2.0
~WILLOWISP\WILLOWISP.TP2~ #0 #3 // Optional: Drider and Dark Treant Enemies: 2.0
~WILLOWISP\WILLOWISP.TP2~ #0 #6 // [CHEAT] Enable shaman stronghold for all classes: 2.0
~COWLEDMENACE\SETUP-COWLEDMENACE.TP2~ #0 #1000 // Main Component: 0.2.1
~COWLEDMENACE\SETUP-COWLEDMENACE.TP2~ #0 #2100 // Appropriate Items for High-Level Spellcasters: 0.2.1
~COWLEDMENACE\SETUP-COWLEDMENACE.TP2~ #0 #3000 // Mages cast Gate far from themselves: 0.2.1
~NPCFLIRT\SETUP-NPCFLIRT.TP2~ #0 #0 // Aerie Flirt Pack For SOA: v1.07
~NPCFLIRT\SETUP-NPCFLIRT.TP2~ #0 #2 // Aerie Flirt Pack For TOB: v1.07
~NPCFLIRT\SETUP-NPCFLIRT.TP2~ #0 #4 // Jaheira Flirt Pack for SOA: v1.07
~NPCFLIRT\SETUP-NPCFLIRT.TP2~ #0 #6 // Jaheira Flirt Pack for TOB: v1.07
~NPCFLIRT\SETUP-NPCFLIRT.TP2~ #0 #8 // Viconia Flirt Pack for SOA: v1.07
~NPCFLIRT\SETUP-NPCFLIRT.TP2~ #0 #10 // Viconia Flirt Pack for TOB: v1.07
~NPCFLIRT\SETUP-NPCFLIRT.TP2~ #0 #12 // Anomen Flirt Pack for SOA: v1.07
~NPCFLIRT\SETUP-NPCFLIRT.TP2~ #0 #14 // Anomen Flirt Pack for TOB: v1.07
~SETUP-D0QUESTPACK.TP2~ #0 #5 // Additional Shadow Thieves Content: v3.4
~SETUP-D0QUESTPACK.TP2~ #0 #6 // Alternative Harper/Xzar Plot: v3.4
~SETUP-D0QUESTPACK.TP2~ #0 #7 // Extended Reynald Sequence: v3.4
~SETUP-D0QUESTPACK.TP2~ #0 #8 // Intrigue In The Copper Coronet: v3.4
~SETUP-D0QUESTPACK.TP2~ #0 #9 // Rahul Kanakia's Potion Quest: v3.4
~SETUP-D0QUESTPACK.TP2~ #0 #10 // Revised Hell Trials: v3.4
~SETUP-D0QUESTPACK.TP2~ #0 #11 // Improved Oasis II -> IO2 Dialogue & Combat Enhancement: v3.4
~SETUP-D0QUESTPACK.TP2~ #0 #13 // Saving Sanik In Brynnlaw: v3.4
~SETUP-D0QUESTPACK.TP2~ #0 #14 // Burglary Of The Bookkeeper: v3.4
~SETUP-D0QUESTPACK.TP2~ #0 #15 // New Fate For The Dryads' Acorns: v3.4
~SETUP-D0QUESTPACK.TP2~ #0 #16 // The Tragedy Of Besamen: v3.4
~SETUP-D0QUESTPACK.TP2~ #0 #17 // Further Slaver Involvement: v3.4
~SETUP-D0QUESTPACK.TP2~ #0 #18 // Sending The Solamnic Knights Home: v3.4
~SETUP-D0QUESTPACK.TP2~ #0 #19 // Nazariel The Lich: v3.4
~SETUP-D0QUESTPACK.TP2~ #0 #20 // Reward Negotiation: v3.4
~SETUP-D0QUESTPACK.TP2~ #0 #21 // Infernal Thievery: v3.4
~DW_LANTHORN\DW_LANTHORN.TP2~ #0 #20 // Restored Rhynn Lanthorn lens quest -> Expanded Version (adds four new locations where lenses can be found): v2
~BRIDGESBLOCK\BRIDGESBLOCK.TP2~ #0 #0 // Athkatlan Grounds: The Bridge's Block: 0.91
~THECALLING\THECALLING.TP2~ #0 #0 // The Calling: v1
~THECALLING\THECALLING.TP2~ #0 #20 // Peaceful Werewolf Isle Resolution: v1
~THECALLING\THECALLING.TP2~ #0 #40 // Exotic Item Pack: v1
~FADINGPROMISES\SETUP-FADINGPROMISES.TP2~ #0 #0 // Fading Promises: v9
~SLANDOR\SLANDOR.TP2~ #1 #0 // The Minotaur and Lilacor: 2.0
~ISRA\ISRA.TP2~ #0 #0 // Isra NPC Mod for BG:EE, EET, BGT and TuTu: v3.5
~ISRA_BG2\ISRA_BG2.TP2~ #0 #0 // Isra for BGII: v3.1
~SIRENE_BG2\SIRENE_BG2.TP2~ #0 #0 // Sirene NPC for BG2:EE
~FADE\SETUP-FADE.TP2~ #0 #0 // Fade: An NPC for Baldur's Gate II: SoA and ToB: 5.6
~FADE\SETUP-FADE.TP2~ #0 #1 // Fade NPC: reactions to Romantic Encounters (RE may be installed before or after this component): 5.6
~ARTISANSKITPACK\ARTISANSKITPACK.TP2~ #0 #0 // Artisan's Kitpack: Arcane Archer Fighter Kit: 2.1
~ARTISANSKITPACK\ARTISANSKITPACK.TP2~ #0 #1 // Artisan's Kitpack: Vanguard Fighter Kit: 2.1
~ARTISANSKITPACK\ARTISANSKITPACK.TP2~ #0 #2 // Artisan's Kitpack: The Art of Slaughter (Berserker Rework): 2.1
~ARTISANSKITPACK\ARTISANSKITPACK.TP2~ #0 #3 // Artisan's Kitpack: Art of the Sword Saint (Kensai Rework): 2.1
~ARTISANSKITPACK\ARTISANSKITPACK.TP2~ #0 #5 // Artisan's Kitpack: Dark Hunter Ranger Kit: 2.1
~ARTISANSKITPACK\ARTISANSKITPACK.TP2~ #0 #6 // Artisan's Kitpack: Divine Champion Paladin Kit: 2.1
~ARTISANSKITPACK\ARTISANSKITPACK.TP2~ #0 #7 // Artisan's Kitpack: Mystic Fire Paladin Kit: 2.1
~ARTISANSKITPACK\ARTISANSKITPACK.TP2~ #0 #9 // Artisan's Kitpack: Elementalist Druid Kit: 2.1
~ARTISANSKITPACK\ARTISANSKITPACK.TP2~ #0 #10 // Artisan's Kitpack: Hivemaster Druid Kit: 2.1
~ARTISANSKITPACK\ARTISANSKITPACK.TP2~ #0 #11 // Artisan's Kitpack: Rogue Archer Thief Kit: 2.1
~ARTISANSKITPACK\ARTISANSKITPACK.TP2~ #0 #12 // Artisan's Kitpack: Magekiller Thief Kit: 2.1
~ARTISANSKITPACK\ARTISANSKITPACK.TP2~ #0 #13 // Artisan's Kitpack: Trickster Thief Kit: 2.1
~EMILY\EMILY.TP2~ #0 #0 // Emily NPC for BG1EE: 1.65
~EMILY\EMILY.TP2~ #0 #2 // Choose an alternate class for Emily? -> Arcane Archer/Mage (Fighter/Mage Kit): 1.65
~RECORDER\SETUP-RECORDER.TP2~ #0 #0 // Recorder NPC MoD: 1.48
~FINCHNPC\FINCHNPC.TP2~ #0 #0 // Finch NPC: v6.0
~VIENXAY\VIENXAY.TP2~ #0 #0 // Vienxay NPC for BG1EE: 1.62
~SKITIANPCS\SETUP-SKITIANPCS.TP2~ #0 #0 // Skitia NPCs for Baldur's Gate 2: 1.007
~SKITIANPCS\SETUP-SKITIANPCS.TP2~ #0 #2 // Emily Alternate Class: Arcane Archer Kit -> Arcane Archer/Mage (Fighter/Mage Kit)): 1.007
~SKITIANPCS\SETUP-SKITIANPCS.TP2~ #0 #4 // Skitia NPCs: Romance Theme Soundtrack -> No Romance Theme Music: 1.007
~BG1NPCSOA\BG1NPCSOA.TP2~ #0 #0 // Water Gardens. New Athkatla's district & new quests: 13.1
~BRANWEN\BRANWEN.TP2~ #0 #0 // Branwen BG2 NPC mod for players and modders: v7
~EVANDRA\SETUP-EVANDRA.TP2~ #0 #0 // Evandra NPC: v2.2
~EVANDRA\SETUP-EVANDRA.TP2~ #0 #1 // Crossmod Content: v2.2
~ALLTHINGSMAZZY\SETUP-ALLTHINGSMAZZY.TP2~ #0 #0 // All Things Mazzy: Version 3.04
~ALLTHINGSMAZZY\SETUP-ALLTHINGSMAZZY.TP2~ #0 #1 // For the Evil: Additional content that might disturb a truly good player.: Version 3.04
~ALLTHINGSMAZZY\SETUP-ALLTHINGSMAZZY.TP2~ #0 #2 // For the Good: Additional content that might annoy a truly evil player.: Version 3.04
~ALLTHINGSMAZZY\SETUP-ALLTHINGSMAZZY.TP2~ #0 #4 // Optional Soundset for Clara NPC: Version 3.04
~HERTHIMONEY\HERTHIMONEY.TP2~ #1 #0 // Component 1. Interjections & Mini-quests (by Austin & Arcanecoast Team): 3.6.1
~HERTHIMONEY\HERTHIMONEY.TP2~ #1 #10 // Component 2. First Calimport Bank Pack (by Scheele & Austin & Arcanecoast Team): 3.6.1
~HERTHIMONEY\HERTHIMONEY.TP2~ #1 #20 // Component 3. Shadow-Covered Love & Death (by Alisia & Austin): 3.6.1
~HERTHIMONEY\HERTHIMONEY.TP2~ #1 #30 // Component 4. The Missing Troll Case (by Alisia & Austin): 3.6.1
~IWDIFICATION\SETUP-IWDIFICATION.TP2~ #0 #60 // Two Handed Axe Item Pack: Release Candidate 2
~IWDIFICATION\SETUP-IWDIFICATION.TP2~ #0 #140 // Randomized Enemy Equipment -> Add High Quality Items: Release Candidate 2
~BUTCHERY\BUTCHERY.TP2~ #0 #10 // DrAzTiK's revisited fight against Tazok and DigDag [install before Stratagems]: v5.0.0
~BUTCHERY\BUTCHERY.TP2~ #0 #11 // Rebalancing some generic creatures [install before Stratagems]: v5.0.0
~BUTCHERY\BUTCHERY.TP2~ #0 #12 // Rebalancing Tazok and DigDag [install before Stratagems]: v5.0.0
~BUTCHERY\BUTCHERY.TP2~ #0 #20 // Groumf and Bourrinos Encounter at Firkraag's Hideout entrance [install before Stratagems]: v5.0.0
~BUTCHERY\BUTCHERY.TP2~ #0 #21 // Groumf and Bourrinos Encounter at Brynnlaw [install before Stratagems]: v5.0.0
~BUTCHERY\BUTCHERY.TP2~ #0 #22 // Groumf and Bourrinos Encounter in the Underdark [install before Stratagems]: v5.0.0
~BUTCHERY\BUTCHERY.TP2~ #0 #30 // Revisited fight against Wraith Sarevok in the Abyss [install before Stratagems]: v5.0.0
~BUTCHERY\BUTCHERY.TP2~ #0 #32 // Add battle songs in some areas that do not have any [install before or after Stratagems]: v5.0.0
~BUTCHERY\BUTCHERY.TP2~ #0 #40 // DrAzTiK's Creatures [install before Stratagems, some following components need it]: v5.0.0
~SETUP-D0QUESTPACK.TP2~ #0 #1 // Creature & Area Improvements -> All Creature & Area Improvements: v3.4
~SETUP-D0QUESTPACK.TP2~ #0 #4 // Miscellaneous Enhancements -> With Additional Random Encounters: v3.4
~MIH_EQ\SETUP-MIH_EQ.TP2~ #0 #0 // Revised Corporal Undead: v5.1
~MIH_EQ\SETUP-MIH_EQ.TP2~ #0 #1 // Revised Dragons: v5.1
~MIH_EQ\SETUP-MIH_EQ.TP2~ #0 #2 // Revised Golems: v5.1
~MIH_EQ\SETUP-MIH_EQ.TP2~ #0 #3 // Revised Liches: v5.1
~MIH_EQ\SETUP-MIH_EQ.TP2~ #0 #5 // Revised Magical Beasts: v5.1
~MIH_EQ\SETUP-MIH_EQ.TP2~ #0 #6 // Revised Monstrous Spiders: v5.1
~MIH_EQ\SETUP-MIH_EQ.TP2~ #0 #7 // Revised Oozes, Slimes & Jellies: v5.1
~MIH_EQ\SETUP-MIH_EQ.TP2~ #0 #8 // Revised Vampires: v5.1
~MIH_EQ\SETUP-MIH_EQ.TP2~ #0 #9 // Enhanced Battles: Ankheg Pit: v5.1
~MIH_EQ\SETUP-MIH_EQ.TP2~ #0 #10 // Enhanced Battles: Candlekeep Catacombs: v5.1
~MIH_EQ\SETUP-MIH_EQ.TP2~ #0 #11 // Enhanced Battles: Mutamin's Garden: v5.1
~MIH_EQ\SETUP-MIH_EQ.TP2~ #0 #12 // Enhanced Battles: Ramazith's Tower: v5.1
~MIH_EQ\SETUP-MIH_EQ.TP2~ #0 #13 // Enhanced Battles: The Spider Plague: v5.1
~MIH_EQ\SETUP-MIH_EQ.TP2~ #0 #14 // Enhanced Battles: Thieves' Maze & Undercity: v5.1
~MIH_EQ\SETUP-MIH_EQ.TP2~ #0 #15 // Enhanced Battles: Ulcaster Ruins: v5.1
~MIH_EQ\SETUP-MIH_EQ.TP2~ #0 #16 // Enhanced Battles: Xvart Village: v5.1
~MIH_EQ\SETUP-MIH_EQ.TP2~ #0 #17 // Enhanced Battles: Zombie Farm: v5.1
~MIH_EQ\SETUP-MIH_EQ.TP2~ #0 #18 // Enhanced Battles: Durlag's Tower: v5.1
~MIH_EQ\SETUP-MIH_EQ.TP2~ #0 #19 // The Surgeon's Plight: v5.1
~MIH_EQ\SETUP-MIH_EQ.TP2~ #0 #22 // Minor Quest Tweaks (BG1): v5.1
~MIH_EQ\SETUP-MIH_EQ.TP2~ #0 #23 // Enhanced Battles: Bridgefort: v5.1
~MIH_EQ\SETUP-MIH_EQ.TP2~ #0 #24 // Enhanced Battles: Cyric's Temple: v5.1
~MIH_EQ\SETUP-MIH_EQ.TP2~ #0 #25 // Enhanced Battles: Dwarven Dig Site: v5.1
~MIH_EQ\SETUP-MIH_EQ.TP2~ #0 #26 // Enhanced Battles: Korlasz' Tomb: v5.1
~MIH_EQ\SETUP-MIH_EQ.TP2~ #0 #27 // Enhanced Battles: Vampire Encounters: v5.1
~MIH_EQ\SETUP-MIH_EQ.TP2~ #0 #28 // Complete more/all Vision Quest encounters: v5.1
~MIH_EQ\SETUP-MIH_EQ.TP2~ #0 #29 // Increase Enemy Group Size: v5.1
~MIH_EQ\SETUP-MIH_EQ.TP2~ #0 #30 // Enhanced Battles: Athkatla Liches: v5.1
~MIH_EQ\SETUP-MIH_EQ.TP2~ #0 #31 // Enhanced Battles: Firkraag's Lair: v5.1
~MIH_EQ\SETUP-MIH_EQ.TP2~ #0 #32 // Enhanced Battles: Graveyard Catacombs: v5.1
~MIH_EQ\SETUP-MIH_EQ.TP2~ #0 #33 // Enhanced Battles: Lower Reaches: v5.1
~MIH_EQ\SETUP-MIH_EQ.TP2~ #0 #34 // Enhanced Battles: Slum Sewers: v5.1
~MIH_EQ\SETUP-MIH_EQ.TP2~ #0 #35 // Enhanced Battles: Spellhold: v5.1
~MIH_EQ\SETUP-MIH_EQ.TP2~ #0 #36 // Enhanced Battles: Suldanessenar: v5.1
~MIH_EQ\SETUP-MIH_EQ.TP2~ #0 #37 // Enhanced Battles: Temple Ruins: v5.1
~MIH_EQ\SETUP-MIH_EQ.TP2~ #0 #38 // Enhanced Battles: Trademeet: v5.1
~MIH_EQ\SETUP-MIH_EQ.TP2~ #0 #39 // Enhanced Battles: Underdark: v5.1
~MIH_EQ\SETUP-MIH_EQ.TP2~ #0 #40 // Enhanced Battles: Amkethran: v5.1
~MIH_EQ\SETUP-MIH_EQ.TP2~ #0 #41 // Enhanced Battles: Forest of Mir: v5.1
~MIH_EQ\SETUP-MIH_EQ.TP2~ #0 #42 // Enhanced Battles: Pocket Plane: v5.1
~MIH_EQ\SETUP-MIH_EQ.TP2~ #0 #43 // Enhanced Battles: Saradush: v5.1
~MIH_EQ\SETUP-MIH_EQ.TP2~ #0 #44 // Enhanced Battles: Sendai's Enclave: v5.1
~MIH_EQ\SETUP-MIH_EQ.TP2~ #0 #45 // Enhanced Battles: Watcher's Keep: v5.1
~MIH_EQ\SETUP-MIH_EQ.TP2~ #0 #46 // Enhanced Battles: Yaga-Shura's Army: v5.1
~MIH_EQ\SETUP-MIH_EQ.TP2~ #0 #47 // Minor Quest Tweaks (ToB): v5.1
~IMOENFRIENDSHIP\IMOENFRIENDSHIP.TP2~ #0 #0 // Imoen Friendship: v3.6
~CHATTYIMOEN\SETUP-CHATTYIMOEN.TP2~ #0 #0 // Chatty Imoen: Expanded Character Sounds: v1.3
~CHATTYIMOEN\SETUP-CHATTYIMOEN.TP2~ #0 #1 // Chatty Imoen: Add NPC Interactions: v1.3
~NEERABANTERS\NEERABANTERS.TP2~ #0 #10 // Neera Banters: Dialogue Banters and Interjections: v0.9.1
~NEERABANTERS\NEERABANTERS.TP2~ #0 #20 // Neera Banters: Interaction Banters: v0.9.1
~NEERA\NEERA.TP2~ #0 #0 // Neera Expansion: v1.3.0
~NEERA\NEERA.TP2~ #0 #2 // How much time would you like between talks (approximately)? -> 30 minutes: v1.3.0
~SODBANTER\SODBANTER.TP2~ #0 #0 // SoD Banter Restoration: v0.6
~BANTERPACK\SETUP-BANTERPACK.TP2~ #0 #0 // Pocket Plane Banter Pack for BG2: Shadows of Amn: v18
~BANTERPACK\SETUP-BANTERPACK.TP2~ #0 #1 // Install SOA Banter Accelerator script? (Increases the frequency of interparty banter): v18
~BANTERPACK\SETUP-BANTERPACK.TP2~ #0 #2 // Pocket Plane Banter Pack for BG2: Throne of Bhaal: v18
~BANTERPACK\SETUP-BANTERPACK.TP2~ #0 #3 // Install TOB Banter Accelerator script? (Increases the frequency of interparty banter): v18
~IEPBANTERS\IEPBANTERS.TP2~ #0 #0 // Extended NPC-NPC Interaction SoA: v5.8
~IEPBANTERS\IEPBANTERS.TP2~ #0 #1 // Extended Minsc/Aerie Interaction ToB: v5.8
~IEPBANTERS\IEPBANTERS.TP2~ #0 #2 // Imoen "Retrospection" dialogue for BGII: ToB: v5.8
~IEPBANTERS\IEPBANTERS.TP2~ #0 #3 // Wake-Up dialogue for Anomen Romance (By David Gaider with additions from Kulyok): v5.8
~IEPBANTERS\IEPBANTERS.TP2~ #0 #5 // Restored Aerie/Jaheira/Anomen interjection in Underdark: v5.8
~CROSSMODBG2\SETUP-CROSSMODBG2.TP2~ #0 #0 // Crossmod Banter Pack for Shadows of Amn: v21
~CROSSMODBG2\SETUP-CROSSMODBG2.TP2~ #0 #1 // Crossmod Banter Pack for Throne of Bhaal: v21
~CROSSMODBG2\SETUP-CROSSMODBG2.TP2~ #0 #2 // Crossmod Romance Conflicts: v21
~KLATU\SETUP-KLATU.TP2~ #0 #1040 // Give Hexxat an Inactive Fighter Class: 1.7
~NPC_EE\NPC_EE.TP2~ #0 #104 // Choose a class for Imoen -> Make Imoen a bard: v4.4.3
~DRUIDGROVEMAKEOVER\SETUP-DRUIDGROVEMAKEOVER.TP2~ #0 #0 // Druid Grove Area Visual Makeover
~HAMMERS\SETUP-HAMMERS.TP2~ #0 #0 // Thrown Hammers: v6.1.0
~HAMMERS\SETUP-HAMMERS.TP2~ #0 #15 // Thrown Spiritual Hammers: v6.1.0
~HAMMERS\SETUP-HAMMERS.TP2~ #0 #25 // Normal throwing hammers: v6.1.0
~HAMMERS\SETUP-HAMMERS.TP2~ #0 #35 // +1 throwing weapons: v6.1.0
~HAMMERS\SETUP-HAMMERS.TP2~ #0 #50 // Additional magic items: v6.1.0
~BGEEARWE\SETUP-BGEEARWE.TP2~ #0 #0 // TeamBG's Armours for EET: 3.2
~BGEEARWE\SETUP-BGEEARWE.TP2~ #0 #1 // TeamBG's Weapons for EET: 3.2
~MIH_IP\SETUP-MIH_IP.TP2~ #0 #0 // Made in Heaven: Item Pack: v6
~SPSTUFF\SETUP-SPSTUFF.TP2~ #0 #4 // Creslyn's BG2 Item Pack: v12
~ITEMUPGRADE\ITEMUPGRADE.TP2~ #0 #10 // Shadows Of Amn Item Upgrades -> Revised Version (new upgrades presented in the same style as existing upgrades): v47
~ITEMUPGRADE\ITEMUPGRADE.TP2~ #0 #11 // Throne Of Bhaal Item Upgrades -> Revised Version (new upgrades presented in the same style as existing upgrades): v47
~UNDERREP\SETUP-UNDERREP.TP2~ #0 #0 // Underrepresented Items From Icewind Dale 2: v8
~MIH_SP\SETUP-MIH_SP.TP2~ #0 #0 // Made in Heaven: Spell Restorations: v5
~MIH_SP\SETUP-MIH_SP.TP2~ #0 #1 // Made in Heaven: Arcane Spellpack: v5
~MIH_SP\SETUP-MIH_SP.TP2~ #0 #2 // Made in Heaven: Divine Spellpack: v5
~MIH_SP\SETUP-MIH_SP.TP2~ #0 #3 // Made in Heaven: Epic Spellpack: v5
~MIH_SP\SETUP-MIH_SP.TP2~ #0 #4 // Revised Paladin Powers: v5
~MIH_SP\SETUP-MIH_SP.TP2~ #0 #9 // No Elemental Mind Battle: v5
~MIH_SP\SETUP-MIH_SP.TP2~ #0 #10 // True Meteor Swarm (EXPERIMENTAL): v5
~MIH_SP\SETUP-MIH_SP.TP2~ #0 #13 // Spell Improvements (see readme): v5
~MIH_SP\SETUP-MIH_SP.TP2~ #0 #15 // Expanded Temple Services: v5
~MIH_SP\SETUP-MIH_SP.TP2~ #0 #16 // Thalantyr the *Conjurer*: v5
~MIH_SP\SETUP-MIH_SP.TP2~ #0 #17 // Sixth Circle Spell Scrolls in Siege of Dragonspear: v5
~STRATAGEMS\SETUP-STRATAGEMS.TP2~ #0 #3551 // Increase the power of Cure Wounds and Cause Wounds spells to the level found in 3rd Edition D&D -> Spells heal or inflict the maximum amount of damage in this range: 34.3
~STRATAGEMS\SETUP-STRATAGEMS.TP2~ #0 #3580 // Restoration and Lesser Restoration spells heal ability-score damage: 34.3
~D5_RANDOM_TWEAKS\D5_RANDOM_TWEAKS.TP2~ #0 #2105 // Add 1-Round Blindness Effect to Color Spray: 1.3.1
~D5_RANDOM_TWEAKS\D5_RANDOM_TWEAKS.TP2~ #0 #1152 // Improve Faerie Fire: 1.3.1
~D5_RANDOM_TWEAKS\D5_RANDOM_TWEAKS.TP2~ #0 #2209 // Make Luck Affect Whole Party: 1.3.1
~D5_RANDOM_TWEAKS\D5_RANDOM_TWEAKS.TP2~ #0 #2217 // Change Agannazar's Scorcher to Melf's Fiery Missiles: 1.3.1
~D5_RANDOM_TWEAKS\D5_RANDOM_TWEAKS.TP2~ #0 #2224 // Improve Glitterdust: 1.3.1
~D5_RANDOM_TWEAKS\D5_RANDOM_TWEAKS.TP2~ #0 #2251 // Add Deafening Effect On Hit to Decastave: 1.3.1
~D5_RANDOM_TWEAKS\D5_RANDOM_TWEAKS.TP2~ #0 #1202 // Make Barkskin Block One Attack Each Round: 1.3.1
~D5_RANDOM_TWEAKS\D5_RANDOM_TWEAKS.TP2~ #0 #1207 // Make Goodberry an Out-of-Combat Mass Regeneration: 1.3.1
~D5_RANDOM_TWEAKS\D5_RANDOM_TWEAKS.TP2~ #0 #1212 // Tweak Slow Poison: 1.3.1
~D5_RANDOM_TWEAKS\D5_RANDOM_TWEAKS.TP2~ #0 #1251 // Improve Damage and Damage Type of Alicorn Lance: 1.3.1
~D5_RANDOM_TWEAKS\D5_RANDOM_TWEAKS.TP2~ #0 #2324 // Make Hold Undead and Control Undead Bypass MR: 1.3.1
~D5_RANDOM_TWEAKS\D5_RANDOM_TWEAKS.TP2~ #0 #1323 // Improve Casting Time of Exaltation and Spiritual Clarity: 1.3.1
~D5_RANDOM_TWEAKS\D5_RANDOM_TWEAKS.TP2~ #0 #1451 // Make Smashing Wave Party-Friendly: 1.3.1
~D5_RANDOM_TWEAKS\D5_RANDOM_TWEAKS.TP2~ #0 #2451 // Make Shadow Monster Summons More Illusionary: 1.3.1
~D5_RANDOM_TWEAKS\D5_RANDOM_TWEAKS.TP2~ #0 #1404 // Change Neutralize Poison into 'Remove Afflictions': 1.3.1
~D5_RANDOM_TWEAKS\D5_RANDOM_TWEAKS.TP2~ #0 #1611 // Make Wondrous Recall Restore all 1st- and 2nd-level Spells: 1.3.1
~D5_RANDOM_TWEAKS\D5_RANDOM_TWEAKS.TP2~ #0 #1614 // Make Sol's Searing Orb Easier to Throw: 1.3.1
~D5_RANDOM_TWEAKS\D5_RANDOM_TWEAKS.TP2~ #0 #2708 // Change Mantle into 'Iron Skin': 1.3.1
~D5_RANDOM_TWEAKS\D5_RANDOM_TWEAKS.TP2~ #0 #5010 // Cure and Similar Spells Bypass Spell Protections: 1.3.1
~D5_RANDOM_TWEAKS\D5_RANDOM_TWEAKS.TP2~ #0 #1710 // Add Slow Effect to Holy Word: 1.3.1
~D5_RANDOM_TWEAKS\D5_RANDOM_TWEAKS.TP2~ #0 #3010 // Add Backstab Immunity to the Ring of Danger Sense: 1.3.1
~D5_RANDOM_TWEAKS\D5_RANDOM_TWEAKS.TP2~ #0 #3020 // Proper Missile Deflection for the Gloves of Missile Snaring: 1.3.1
~D5_RANDOM_TWEAKS\D5_RANDOM_TWEAKS.TP2~ #0 #3030 // Improve Detonating Weapons: 1.3.1
~D5_RANDOM_TWEAKS\D5_RANDOM_TWEAKS.TP2~ #0 #3040 // Add Revised Barkskin to 'Skin of the Forest' Armor: 1.3.1
~D5_RANDOM_TWEAKS\D5_RANDOM_TWEAKS.TP2~ #0 #3080 // Improve Azlaer's Harp and Methild's Harp: 1.3.1
~D5_RANDOM_TWEAKS\D5_RANDOM_TWEAKS.TP2~ #0 #4010 // Add a Saving Throw Against Level Drain Effects: 1.3.1
~IWDIFICATION\SETUP-IWDIFICATION.TP2~ #0 #50 // IWD Class Updates: Bard: Add IWD Bard Songs: Release Candidate 2
~A7-CHAOSSORCERER\A7-CHAOSSORCERER.TP2~ #0 #0 // "Chaos Sorcerer" kit: 2.6
~A7-CHAOSSORCERER\A7-CHAOSSORCERER.TP2~ #0 #30 // Add "Primordial Artifacts": 2.6
~A7-CONVENIENTEENPCS\A7-CONVENIENTEENPCS.TP2~ #0 #542 // Change class/kit: Neera -> Chaos Sorcerer: v4.3
~BARDICWONDERS\SETUP-BARDICWONDERS.TP2~ #0 #0 // Bardic Wonders: Abettor of Mask Kit
~BARDICWONDERS\SETUP-BARDICWONDERS.TP2~ #0 #1 // Bardic Wonders: Dancer Kit
~BARDICWONDERS\SETUP-BARDICWONDERS.TP2~ #0 #2 // Bardic Wonders: Storm Drummer Kit
~BARDICWONDERS\SETUP-BARDICWONDERS.TP2~ #0 #3 // Bardic Wonders: Troubadour Kit
~BARDICWONDERS\SETUP-BARDICWONDERS.TP2~ #0 #4 // Bardic Wonders: Deathsinger Kit
~BARDICWONDERS\SETUP-BARDICWONDERS.TP2~ #0 #5 // Bardic Wonders: Items
~SONG_AND_SILENCE\SETUP-SONG_AND_SILENCE.TP2~ #0 #0 // Changes to trueclass bards and thieves, and unmodded game kits (required for other components): v13
~SONG_AND_SILENCE\SETUP-SONG_AND_SILENCE.TP2~ #0 #1 // Add new bardic store and thief items: v13
~SONG_AND_SILENCE\SETUP-SONG_AND_SILENCE.TP2~ #0 #2 // Install Acrobat bard kit: v13
~SONG_AND_SILENCE\SETUP-SONG_AND_SILENCE.TP2~ #0 #3 // Install Chorister bard kit: v13
~SONG_AND_SILENCE\SETUP-SONG_AND_SILENCE.TP2~ #0 #4 // Install Dirgesinger bard kit: v13
~SONG_AND_SILENCE\SETUP-SONG_AND_SILENCE.TP2~ #0 #5 // Install Luring Piper bard kit: v13
~RR\SETUP-RR.TP2~ #0 #0 // Proper dual-wielding implementation for Thieves and Bards: v4.92
~RR\SETUP-RR.TP2~ #0 #1 // Thief kit revisions: v4.92
~RR\SETUP-RR.TP2~ #0 #2 // Thief High Level Ability revisions: v4.92
~RR\SETUP-RR.TP2~ #0 #3 // Proper racial adjustments for thieving skills: v4.92
~RR\SETUP-RR.TP2~ #0 #5 // Bard High Level Ability revisions: v4.92
~RR\SETUP-RR.TP2~ #0 #7 // Additional equipment for Thieves and Bards: v4.92
~RR\SETUP-RR.TP2~ #0 #8 // Upgradeable Equipment: v4.92
~RR\SETUP-RR.TP2~ #0 #11 // Chosen of Cyric encounter: v4.92
~RR\SETUP-RR.TP2~ #0 #12 // Shadow Thief Improvements: v4.92
~A7#IMPROVEDARCHER\A7#IMPROVEDARCHER.TP2~ #0 #10 // Add fighter kit: Marksman: v4.0
~A7#IMPROVEDARCHER\A7#IMPROVEDARCHER.TP2~ #0 #20 // Add paladin kit: Bow Knight: v4.0
~A7#IMPROVEDARCHER\A7#IMPROVEDARCHER.TP2~ #0 #30 // Add thief kit: Sharpshooter: v4.0
~A7#IMPROVEDARCHER\A7#IMPROVEDARCHER.TP2~ #0 #100 // Add +4 arrows, bolts and powerful bows to the game: v4.0
~IHATEUNDEAD\IHATEUNDEAD.TP2~ #0 #0 // Undead Predator (Ranger Kit): 3.8.1
~IHATEUNDEAD\IHATEUNDEAD.TP2~ #0 #1 // Holy Redeemer (Cleric Kit): 3.8.1
~IHATEUNDEAD\IHATEUNDEAD.TP2~ #0 #2 // Deathslayer (Wizard Kit): 3.8.1
~IHATEUNDEAD\IHATEUNDEAD.TP2~ #0 #3 // Undead Hunter Revision (Paladin Kit): 3.8.1
~IHATEUNDEAD\IHATEUNDEAD.TP2~ #0 #4 // Death Tricker (Thief Kit): 3.8.1
~IHATEUNDEAD\IHATEUNDEAD.TP2~ #0 #5 // Burial Defender (Fighter Kit): 3.8.1
~IHATEUNDEAD\IHATEUNDEAD.TP2~ #0 #6 // Grave Mourner (Bard Kit): 3.8.1
~IHATEUNDEAD\IHATEUNDEAD.TP2~ #0 #7 // Circle Enforcer (Druid Kit): 3.8.1
~IHATEUNDEAD\IHATEUNDEAD.TP2~ #0 #8 // Jaheira, the Circle Enforcer: 3.8.1
~IHATEUNDEAD\IHATEUNDEAD.TP2~ #0 #9 // Pallid Mask (Monk Kit): 3.8.1
~IHATEUNDEAD\IHATEUNDEAD.TP2~ #0 #10 // Dreadful Witch (Shaman Kit): 3.8.1
~IHATEUNDEAD\IHATEUNDEAD.TP2~ #0 #11 // Imprisoned Soul (Sorcerer Kit): 3.8.1
~CDTWEAKS\SETUP-CDTWEAKS.TP2~ #0 #2250 // Un-Nerfed Sorcerer Spell Progression Table: v10 Release Candidate 1
~CDTWEAKS\SETUP-CDTWEAKS.TP2~ #0 #2261 // Alter Mage Spell Progression Table -> PnP table: v10 Release Candidate 1
~TOMEANDBLOOD\TOMEANDBLOOD.TP2~ #0 #1201 // Rebalanced Arcane Opposition Schools -> No Opposition Schools: 0.9.19
~TOMEANDBLOOD\TOMEANDBLOOD.TP2~ #0 #25 // Sorcerer: Magus: 0.9.19
~TOMEANDBLOOD\TOMEANDBLOOD.TP2~ #0 #33 // Sorcerer: Sylvan Disciple: 0.9.19
~TOMEANDBLOOD\TOMEANDBLOOD.TP2~ #0 #35 // Sorcerer: Revenant Disciple: 0.9.19
~TOMEANDBLOOD\TOMEANDBLOOD.TP2~ #0 #37 // Sorcerer: Amorphous Disciple: 0.9.19
~TOMEANDBLOOD\TOMEANDBLOOD.TP2~ #0 #66 // Innate Find Familiar: 0.9.19
~TOMEANDBLOOD\TOMEANDBLOOD.TP2~ #0 #67 // Choose-Your-Own Familiar: 0.9.19
~TOMEANDBLOOD\TOMEANDBLOOD.TP2~ #0 #68 // Pooky's Mod: Imbue Familiars: 0.9.19
~TOMEANDBLOOD\TOMEANDBLOOD.TP2~ #0 #71 // Sorcerer Spell Switching -> Change spells every level: 0.9.19
~TOMEANDBLOOD\TOMEANDBLOOD.TP2~ #0 #80 // Multiclass Sorcerers: 0.9.19
~TOMEANDBLOOD\TOMEANDBLOOD.TP2~ #0 #82 // Mage Kit: Arcanist: 0.9.19
~MIGHT_AND_GUILE\MIGHT_AND_GUILE.TP2~ #0 #205 // Revised Archery: 4.13
~MIGHT_AND_GUILE\MIGHT_AND_GUILE.TP2~ #0 #220 // Revised Multiclassing and Multiclass Kits: 4.13
~MIGHT_AND_GUILE\MIGHT_AND_GUILE.TP2~ #0 #230 // Revised Stalker: 4.13
~MIGHT_AND_GUILE\MIGHT_AND_GUILE.TP2~ #0 #235 // Revised Beastmaster: 4.13
~MIGHT_AND_GUILE\MIGHT_AND_GUILE.TP2~ #0 #240 // Improved Rangers: 4.13
~MIGHT_AND_GUILE\MIGHT_AND_GUILE.TP2~ #0 #245 // Revised Movement Bonuses (Quickstride): 4.13
~MIGHT_AND_GUILE\MIGHT_AND_GUILE.TP2~ #0 #250 // Revised Berserker and Rage: 4.13
~MIGHT_AND_GUILE\MIGHT_AND_GUILE.TP2~ #0 #265 // Revised Monk Fists: 4.13
~MIGHT_AND_GUILE\MIGHT_AND_GUILE.TP2~ #0 #275 // Revised Shadowdancer: 4.13
~MIGHT_AND_GUILE\MIGHT_AND_GUILE.TP2~ #0 #310 // Add the Corsair (fighter kit): 4.13
~MIGHT_AND_GUILE\MIGHT_AND_GUILE.TP2~ #0 #350 // Add the Mage Hunter (ranger kit): 4.13
~MIGHT_AND_GUILE\MIGHT_AND_GUILE.TP2~ #0 #420 // Add the Scout (thief kit) and revise the Swashbuckler: 4.13
~MIGHT_AND_GUILE\MIGHT_AND_GUILE.TP2~ #0 #450 // Add the Jongleur (bard kit): 4.13
~MIGHT_AND_GUILE\MIGHT_AND_GUILE.TP2~ #0 #460 // Add the Loremaster (bard kit): 4.13
~MIGHT_AND_GUILE\MIGHT_AND_GUILE.TP2~ #0 #470 // Add the Gallant (bard kit): 4.13
~MIGHT_AND_GUILE\MIGHT_AND_GUILE.TP2~ #0 #480 // Add the Meistersinger (bard kit): 4.13
~MIGHT_AND_GUILE\MIGHT_AND_GUILE.TP2~ #0 #490 // Add the Loresinger (bard kit): 4.13
~ZGKITS\ZGKITS.TP2~ #0 #0 // Install Graion kits.: 0.01
~CD_APPRAISER\CD_APPRAISER.TP2~ #0 #0 // Bardic Appraising: v2
~THIEVING-SKILLS-FOR-BARDS\THIEVING-SKILLS-FOR-BARDS.TP2~ #0 #1 // Install Thieving Skills for Bards: v1.0
~EET_TWEAKS\EET_TWEAKS.TP2~ #0 #2002 // Total XP CAP -> Disabled: 1.12
~EET_TWEAKS\EET_TWEAKS.TP2~ #0 #2042 // XP for Traps, Spells and Lockpicking -> Vanilla friendly progressive: 1.12
~MIH_SP\SETUP-MIH_SP.TP2~ #0 #14 // Revised Spell Learning XP: v5
~EET_TWEAKS\EET_TWEAKS.TP2~ #0 #2051 // XP for killing creatures -> Decrease to 75%: 1.12
~EET_TWEAKS\EET_TWEAKS.TP2~ #0 #4020 // Higher framerates support: 1.12
~EET_TWEAKS\EET_TWEAKS.TP2~ #0 #4040 // Import party items to SoA: 1.12
~EET_TWEAKS\EET_TWEAKS.TP2~ #0 #4060 // Wand Case: 1.12
~EET_TWEAKS\EET_TWEAKS.TP2~ #0 #4070 // Key Ring: 1.12
~EEUITWEAKS\EEUITWEAKS.TP2~ #0 #1000 // Mods Options: 3.7.1
~EEUITWEAKS\EEUITWEAKS.TP2~ #0 #1010 // Hidden Game Options: 3.7.1
~EEUITWEAKS\EEUITWEAKS.TP2~ #0 #1070 // Faydark's Abilities Auto-Roller/GrimLefourbe's BG2 UI: 3.7.1
~NOSTALGIAPACK\NOSTALGIAPACK.TP2~ #0 #60 // Restore BG1 Flaming Fist appearance: RC4
~NOSTALGIAPACK\NOSTALGIAPACK.TP2~ #0 #80 // Restore BG1 Amnian Guard appearance: RC4
~NOSTALGIAPACK\NOSTALGIAPACK.TP2~ #0 #70 // Restore BG1 Dimension Door Effect: RC4
~MISCELLANEOUS\MISCELLANEOUS.TP2~ #0 #100 // Miscellaneous Tweaks: v1.0
~MISCELLANEOUS\MISCELLANEOUS.TP2~ #0 #300 // Use original portraits for EE NPCs: v1.0
~MISCELLANEOUS\MISCELLANEOUS.TP2~ #0 #1700 // SoD soundset for BG:EE -> Mixed SoD/BG:EE soundset: v1.0
~MISCELLANEOUS\MISCELLANEOUS.TP2~ #0 #600 // BG-style archery for SoA/ToB: v1.0
~MISCELLANEOUS\MISCELLANEOUS.TP2~ #0 #1500 // Revenant Animation Fix: v1.0
~JAHEIRARECAST\JAHEIRARECAST.TP2~ #0 #1 // Jaheira Recast: Character Sounds -> Use BG1+BG2 Character Sounds: v3.0
~JAHEIRARECAST\JAHEIRARECAST.TP2~ #0 #2 // Jaheira Recast: Dialog Voiceover: v3.0
~CDTWEAKS\SETUP-CDTWEAKS.TP2~ #0 #182 // Unique Containers [Miloch] -> Unique icons and names: v10 Release Candidate 1
~CDTWEAKS\SETUP-CDTWEAKS.TP2~ #0 #1080 // Add Bags of Holding: v10 Release Candidate 1
~KLATU\SETUP-KLATU.TP2~ #0 #2080 // Drop Equipment on Disintegration: 1.7
~KLATU\SETUP-KLATU.TP2~ #0 #2090 // Drop Equipment on Petrification: 1.7
~KLATU\SETUP-KLATU.TP2~ #0 #2100 // Drop Equipment on Imprisonment: 1.7
~IWDIFICATION\SETUP-IWDIFICATION.TP2~ #0 #150 // IWD Class Updates: Bard: Use IWD Spell Progression: Release Candidate 2
~IWDIFICATION\SETUP-IWDIFICATION.TP2~ #0 #70 // IWD Class Updates: Druid: Use IWD Shapeshifting and Ability Progression: Release Candidate 2
~IWDIFICATION\SETUP-IWDIFICATION.TP2~ #0 #71 // IWD Class Updates: Druid: Allow Elves to be Druids: Release Candidate 2
~IWDIFICATION\SETUP-IWDIFICATION.TP2~ #0 #100 // IWD Class Updates: Paladin: IWD Abilities and Skills: Release Candidate 2
~IWDIFICATION\SETUP-IWDIFICATION.TP2~ #0 #160 // IWD Class Updates: Paladin: Use IWD Spell Progression: Release Candidate 2
~IWDIFICATION\SETUP-IWDIFICATION.TP2~ #0 #170 // IWD Class Updates: Ranger: Use IWD Spell Progression: Release Candidate 2
~IWDIFICATION\SETUP-IWDIFICATION.TP2~ #0 #120 // IWD Class Updates: Thief: Evasion: Release Candidate 2
~CDTWEAKS\SETUP-CDTWEAKS.TP2~ #0 #20 // Change Imoen's Avatar to Mage: v10 Release Candidate 1
~CDTWEAKS\SETUP-CDTWEAKS.TP2~ #0 #30 // Change Nalia's Avatar to Thief: v10 Release Candidate 1
~CDTWEAKS\SETUP-CDTWEAKS.TP2~ #0 #50 // Avatar Morphing Script: v10 Release Candidate 1
~CDTWEAKS\SETUP-CDTWEAKS.TP2~ #0 #60 // Weapon Animation Tweaks: v10 Release Candidate 1
~CDTWEAKS\SETUP-CDTWEAKS.TP2~ #0 #110 // Icon Improvements: v10 Release Candidate 1
~CDTWEAKS\SETUP-CDTWEAKS.TP2~ #0 #130 // Force All Dialogue to Pause Game: v10 Release Candidate 1
~CDTWEAKS\SETUP-CDTWEAKS.TP2~ #0 #140 // Fix Boo's Squeak: v10 Release Candidate 1
~CDTWEAKS\SETUP-CDTWEAKS.TP2~ #0 #170 // Unique Icons: v10 Release Candidate 1
~CDTWEAKS\SETUP-CDTWEAKS.TP2~ #0 #191 // Use Character Colors Instead of Item Colors -> For non-magical shields and helmets: v10 Release Candidate 1
~CDTWEAKS\SETUP-CDTWEAKS.TP2~ #0 #200 // Remove Annoying Visual Effects from Equipped Items -> Remove blur effect: v10 Release Candidate 1
~CDTWEAKS\SETUP-CDTWEAKS.TP2~ #0 #2010 // Separate Resist Fire/Cold Icon into Separate Icons [Angel]: v10 Release Candidate 1
~CDTWEAKS\SETUP-CDTWEAKS.TP2~ #0 #1010 // More Interjections: v10 Release Candidate 1
~CDTWEAKS\SETUP-CDTWEAKS.TP2~ #0 #1020 // Alter HP Triggers for NPC Wounded Dialogues: v10 Release Candidate 1
~CDTWEAKS\SETUP-CDTWEAKS.TP2~ #0 #1040 // Improved Athkatlan City Guard: v10 Release Candidate 1
~CDTWEAKS\SETUP-CDTWEAKS.TP2~ #0 #1050 // Gradual Drow Item Disintegration: v10 Release Candidate 1
~CDTWEAKS\SETUP-CDTWEAKS.TP2~ #0 #1060 // Breakable Iron Non-Magical Shields, Helms, and Armor: v10 Release Candidate 1
~CDTWEAKS\SETUP-CDTWEAKS.TP2~ #0 #1070 // Improved Multi-Player Kick-Out Dialogues: v10 Release Candidate 1
~CDTWEAKS\SETUP-CDTWEAKS.TP2~ #0 #1075 // Send BioWare NPCs to an Inn [DavidW/Zed Nocear]: v10 Release Candidate 1
~CDTWEAKS\SETUP-CDTWEAKS.TP2~ #0 #1101 // Do Not Reveal City Maps When Entering Area: v10 Release Candidate 1
~CDTWEAKS\SETUP-CDTWEAKS.TP2~ #0 #1120 // Stores Sell Higher Stacks of Items: v10 Release Candidate 1
~CDTWEAKS\SETUP-CDTWEAKS.TP2~ #0 #1160 // Multiple Strongholds [Sabre, Baldurdash, Weimer] -> No restrictions: v10 Release Candidate 1
~CDTWEAKS\SETUP-CDTWEAKS.TP2~ #0 #1180 // Female Edwina [Davide Carte, Wendy Yung, Weimer]: v10 Release Candidate 1
~CDTWEAKS\SETUP-CDTWEAKS.TP2~ #0 #1220 // Allow Cromwell to Upgrade Watcher's Keep Items: v10 Release Candidate 1
~CDTWEAKS\SETUP-CDTWEAKS.TP2~ #0 #1230 // Allow Cespenar to Use Cromwell Recipes: v10 Release Candidate 1
~CDTWEAKS\SETUP-CDTWEAKS.TP2~ #0 #1251 // Move NPCs to Convenient Locations: Move Alora to Gullykin: v10 Release Candidate 1
~CDTWEAKS\SETUP-CDTWEAKS.TP2~ #0 #1270 // Change Cloakwood Mine Chapter End Change Trigger to Non-TotSC Behavior [plainab]: v10 Release Candidate 1
~CDTWEAKS\SETUP-CDTWEAKS.TP2~ #0 #2090 // Change Experience Point Cap -> Remove experience cap: v10 Release Candidate 1
~CDTWEAKS\SETUP-CDTWEAKS.TP2~ #0 #2140 // Expanded Dual-Class Options: v10 Release Candidate 1
~CDTWEAKS\SETUP-CDTWEAKS.TP2~ #0 #2151 // Wear Multiple Protection Items -> No restrictions: v10 Release Candidate 1
~CDTWEAKS\SETUP-CDTWEAKS.TP2~ #0 #2161 // Alter Weapon Proficiency System -> BG-style weapon proficiencies, with weapon styles [the bigg]: v10 Release Candidate 1
~CDTWEAKS\SETUP-CDTWEAKS.TP2~ #0 #2170 // Cast Spells from Scrolls (and Other Items) at Character Level: v10 Release Candidate 1
~CDTWEAKS\SETUP-CDTWEAKS.TP2~ #0 #2192 // Limit Ability of Storekeepers to Identify Items -> Hybrid of both methods: v10 Release Candidate 1
~CDTWEAKS\SETUP-CDTWEAKS.TP2~ #0 #2200 // Multi-Class Grandmastery [Weimer]: v10 Release Candidate 1
~CDTWEAKS\SETUP-CDTWEAKS.TP2~ #0 #2210 // Change Grandmastery Bonuses -> True grandmastery [Baldurdash]: v10 Release Candidate 1
~CDTWEAKS\SETUP-CDTWEAKS.TP2~ #0 #2220 // Change Magically Created Weapons to Zero Weight: v10 Release Candidate 1
~CDTWEAKS\SETUP-CDTWEAKS.TP2~ #0 #2240 // Un-Nerfed THAC0 Table: v10 Release Candidate 1
~CDTWEAKS\SETUP-CDTWEAKS.TP2~ #0 #2281 // Alter Cleric Spell Progression Table -> PnP table: v10 Release Candidate 1
~CDTWEAKS\SETUP-CDTWEAKS.TP2~ #0 #2294 // Alter Druid Spell and Level Progression Tables -> Use cleric level progression changes with pnp druid/cleric spell table: v10 Release Candidate 1
~CDTWEAKS\SETUP-CDTWEAKS.TP2~ #0 #2312 // Add Save Penalties for Spells Cast by High-Level Casters -> Arcane and divine magic: v10 Release Candidate 1
~CDTWEAKS\SETUP-CDTWEAKS.TP2~ #0 #2339 // Remove Summoning Cap for Regular Summons: v10 Release Candidate 1
~CDTWEAKS\SETUP-CDTWEAKS.TP2~ #0 #2340 // Remove Summoning Cap for Celestials [Ardanis/GeN1e]: v10 Release Candidate 1
~CDTWEAKS\SETUP-CDTWEAKS.TP2~ #0 #2358 // Alter Multi-Class Restrictions -> Install options one and three (everyone can multi-class anything they can single-class): v10 Release Candidate 1
~CDTWEAKS\SETUP-CDTWEAKS.TP2~ #0 #2372 // Alter Dual-Class Restrictions -> Both options: *only* non-humans can dual-class: v10 Release Candidate 1
~CDTWEAKS\SETUP-CDTWEAKS.TP2~ #0 #2410 // Druids Use 3E Alignment Restrictions: v10 Release Candidate 1
~CDTWEAKS\SETUP-CDTWEAKS.TP2~ #0 #2420 // Loosen Equipment Restrictions for Cleric Multi- and Dual-Classes: v10 Release Candidate 1
~CDTWEAKS\SETUP-CDTWEAKS.TP2~ #0 #2430 // Change Equipment Restrictions for Druid Multi- and Dual-Classes -> Loosen equipment restrictions for druid multi- and dual-classes: v10 Release Candidate 1
~CDTWEAKS\SETUP-CDTWEAKS.TP2~ #0 #2440 // Everyone Gets Bonus APR from Specialization [subtledoctor]: v10 Release Candidate 1
~CDTWEAKS\SETUP-CDTWEAKS.TP2~ #0 #2520 // Allow Mages to Use Bucklers and Thieves to Use Small Shields [Angel]: v10 Release Candidate 1
~CDTWEAKS\SETUP-CDTWEAKS.TP2~ #0 #2540 // Speed Up de'Arnise Keep Stronghold Quests: v10 Release Candidate 1
~CDTWEAKS\SETUP-CDTWEAKS.TP2~ #0 #2999 // Max HP at Level One: v10 Release Candidate 1
~CDTWEAKS\SETUP-CDTWEAKS.TP2~ #0 #3000 // Higher HP on Level Up -> Maximum: v10 Release Candidate 1
~CDTWEAKS\SETUP-CDTWEAKS.TP2~ #0 #3008 // Allow HP Rolls Through Level 20 [Angel]: v10 Release Candidate 1
~CDTWEAKS\SETUP-CDTWEAKS.TP2~ #0 #3010 // Maximum HP Creatures [the bigg] -> For all creatures in game: v10 Release Candidate 1
~CDTWEAKS\SETUP-CDTWEAKS.TP2~ #0 #3031 // Easy Spell Learning -> 100% learn spells and no maximum cap: v10 Release Candidate 1
~CDTWEAKS\SETUP-CDTWEAKS.TP2~ #0 #3040 // Make Bags of Holding Bottomless: v10 Release Candidate 1
~CDTWEAKS\SETUP-CDTWEAKS.TP2~ #0 #3050 // Remove Fatigue from Restoration Spells: v10 Release Candidate 1
~CDTWEAKS\SETUP-CDTWEAKS.TP2~ #0 #3070 // Change Effect of Reputation on Store Prices -> Low Reputation Store Discount [Sabre]: v10 Release Candidate 1
~CDTWEAKS\SETUP-CDTWEAKS.TP2~ #0 #3083 // Increase Ammo Stack Size -> Stacks of 120: v10 Release Candidate 1
~CDTWEAKS\SETUP-CDTWEAKS.TP2~ #0 #3093 // Increase Jewelry, Gem, and Miscellaneous Item Stacks -> Stacks of 120: v10 Release Candidate 1
~CDTWEAKS\SETUP-CDTWEAKS.TP2~ #0 #3103 // Increase Potion Stacking -> Stacks of 120: v10 Release Candidate 1
~CDTWEAKS\SETUP-CDTWEAKS.TP2~ #0 #3113 // Increase Scroll Stacking -> Stacks of 120: v10 Release Candidate 1
~CDTWEAKS\SETUP-CDTWEAKS.TP2~ #0 #3124 // Stop Haer'Dalis-Aerie Romance from Starting: v10 Release Candidate 1
~CDTWEAKS\SETUP-CDTWEAKS.TP2~ #0 #3125 // Neutral Characters Make Happy Comments at Mid-Range Reputation [Luiz]: v10 Release Candidate 1
~CDTWEAKS\SETUP-CDTWEAKS.TP2~ #0 #3170 // No Drow Avatars On Party In Underdark [Weimer]: v10 Release Candidate 1
~CDTWEAKS\SETUP-CDTWEAKS.TP2~ #0 #3197 // Alter Hostile Rest Spawns -> Double frequency: v10 Release Candidate 1
~CDTWEAKS\SETUP-CDTWEAKS.TP2~ #0 #3200 // Sellable Items [icelus]: v10 Release Candidate 1
~CDTWEAKS\SETUP-CDTWEAKS.TP2~ #0 #3230 // Taerom Makes Additional Ankheg Armor [Icendoan/grogerson]: v10 Release Candidate 1
~CDTWEAKS\SETUP-CDTWEAKS.TP2~ #0 #3280 // Give Every Class/Kit Four Weapon Slots: v10 Release Candidate 1
~CDTWEAKS\SETUP-CDTWEAKS.TP2~ #0 #3290 // Personalize Automatic Save Names -> Use scheme: 000000000-Protagonist-Save-Name: v10 Release Candidate 1
~CDTWEAKS\SETUP-CDTWEAKS.TP2~ #0 #3320 // No Depreciation in Stores: v10 Release Candidate 1
~CDTWEAKS\SETUP-CDTWEAKS.TP2~ #0 #3330 // Make Party Members Less Likely to Die Irreversibly: v10 Release Candidate 1
~CDTWEAKS\SETUP-CDTWEAKS.TP2~ #0 #4031 // Consistent Stats: Edwin -> Use BG2 values: v10 Release Candidate 1
~CDTWEAKS\SETUP-CDTWEAKS.TP2~ #0 #4041 // Consistent Stats: Jaheira -> Use BG2 values: v10 Release Candidate 1
~CDTWEAKS\SETUP-CDTWEAKS.TP2~ #0 #4050 // Change Jaheira to Neutral Good Alignment: v10 Release Candidate 1
~CDTWEAKS\SETUP-CDTWEAKS.TP2~ #0 #4061 // Consistent Stats: Minsc -> Use BG2 values: v10 Release Candidate 1
~CDTWEAKS\SETUP-CDTWEAKS.TP2~ #0 #4071 // Consistent Stats: Viconia -> Use BG2 values: v10 Release Candidate 1
~CDTWEAKS\SETUP-CDTWEAKS.TP2~ #0 #4100 // Change Korgan to Neutral Evil Alignment: v10 Release Candidate 1
~CDTWEAKS\SETUP-CDTWEAKS.TP2~ #0 #4150 // Move Boo Into Minsc's Pack: v10 Release Candidate 1
~CDTWEAKS\SETUP-CDTWEAKS.TP2~ #0 #4170 // Ensure Shar-Teel Doesn't Die in the Original Challenge: v10 Release Candidate 1
~ATWEAKS\SETUP-ATWEAKS.TP2~ #0 #100 // Restore innate infravision to Half-Orc characters: v4.53
~ATWEAKS\SETUP-ATWEAKS.TP2~ #0 #101 // Prevent skeletal and incorporeal undead from being affected by Illithids' Devour Brain attack: v4.53
~ATWEAKS\SETUP-ATWEAKS.TP2~ #0 #102 // Change Spiritual Hammer into a ranged force weapon: v4.53
~ATWEAKS\SETUP-ATWEAKS.TP2~ #0 #103 // Allow Dispel/Remove Magic to take down Globes of Invulnerability: v4.53
~ATWEAKS\SETUP-ATWEAKS.TP2~ #0 #110 // Magical arrows and bolts deal bonus damage equal to their enchantment level: v4.53
~ATWEAKS\SETUP-ATWEAKS.TP2~ #0 #120 // Restore innate disease immunity to Paladins: v4.53
~ATWEAKS\SETUP-ATWEAKS.TP2~ #0 #125 // Rangers' Animal Empathy improves with experience: v4.53
~ATWEAKS\SETUP-ATWEAKS.TP2~ #0 #130 // Additional racial traits for Dwarves: v4.53
~ATWEAKS\SETUP-ATWEAKS.TP2~ #0 #140 // Additional racial traits for Gnomes: v4.53
~ATWEAKS\SETUP-ATWEAKS.TP2~ #0 #160 // PnP Undead: v4.53
~ATWEAKS\SETUP-ATWEAKS.TP2~ #0 #180 // PnP Mephits: v4.53
~ATWEAKS\SETUP-ATWEAKS.TP2~ #0 #185 // PnP Fey creatures: v4.53
~ATWEAKS\SETUP-ATWEAKS.TP2~ #0 #186 // Revised Call Woodland Beings spell: v4.53
~ATWEAKS\SETUP-ATWEAKS.TP2~ #0 #190 // PnP Elementals: v4.53
~ATWEAKS\SETUP-ATWEAKS.TP2~ #0 #191 // Increase the Hit Dice of Elemental Princes: v4.53
~ATWEAKS\SETUP-ATWEAKS.TP2~ #0 #310 // Distinctive creature coloring: v4.53
~ATWEAKS\SETUP-ATWEAKS.TP2~ #0 #315 // Distinctive creature soundsets: v4.53
~METWEAKS\METWEAKS.TP2~ #0 #600 // Allow Shamans to move while dancing
~METWEAKS\METWEAKS.TP2~ #0 #900 // Let Rangers and Paladins cast spells at their full caster level
~METWEAKS\METWEAKS.TP2~ #0 #2000 // Allow cursed scrolls to be used on enemies
~METWEAKS\METWEAKS.TP2~ #0 #3100 // Make it so the Jacil and Wiven encounters aren't replaced by other quests
~SCALES_OF_BALANCE\SCALES_OF_BALANCE.TP2~ #0 #100 // IWO - Yet Another Revised Armor System: v5.34
~SCALES_OF_BALANCE\SCALES_OF_BALANCE.TP2~ #0 #102 // IWO - Functional Weapon Tweaks: v5.34
~SCALES_OF_BALANCE\SCALES_OF_BALANCE.TP2~ #0 #124 // WPO - Fighting Style Changes: v5.34
~SCALES_OF_BALANCE\SCALES_OF_BALANCE.TP2~ #0 #200 // SBO - Stat Bonus Overhaul: v5.34
~SCALES_OF_BALANCE\SCALES_OF_BALANCE.TP2~ #0 #201 // SBO - Stat-based Bonus Spells: v5.34
~CDTWEAKS\SETUP-CDTWEAKS.TP2~ #0 #2060 // Weapon Styles for All: v10 Release Candidate 1
~HOUSETWEAKS\HOUSETWEAKS.TP2~ #0 #9 // House Tweaks: Good-Aligned Roleplay Rewards (BG2:EE): 1.91
~HOUSETWEAKS\HOUSETWEAKS.TP2~ #0 #10 // House Tweaks: Cloak of Dragomir only decreases stats in daylight: 1.91
~HOUSETWEAKS\HOUSETWEAKS.TP2~ #0 #13 // House Tweaks: Faster Troll Unconsciousness: 1.91
~KLATU\SETUP-KLATU.TP2~ #0 #1020 // Prepared Wishes: 1.7
~KLATU\SETUP-KLATU.TP2~ #0 #1050 // Appropriate XP Rewards for Cowled Enforcers: 1.7
~KLATU\SETUP-KLATU.TP2~ #0 #2110 // Treat all Innate Abilities as Non-Magical (Unaffected by Wild/Dead Magic and Silence): 1.7
~KLATU\SETUP-KLATU.TP2~ #0 #2120 // Treat all Psionic Abilities as Non-Magical (Unaffected by Wild/Dead Magic and Silence): 1.7
~KLATU\SETUP-KLATU.TP2~ #0 #2130 // Treat all Bardsong Effects as Non-Magical (Unaffected by Wild/Dead Magic): 1.7
~MIH_TWEAKS\SETUP-MIH_TWEAKS.TP2~ #0 #2 // Spell Level affects Saving Throws: v1
~HQ_SOUNDCLIPS_BG2EE\HQ_SOUNDCLIPS_BG2EE.TP2~ #0 #0 // Install high quality soundclips for new BG2EE content: 1.2
~ZG_IWD_VOICES\ZG_IWD_VOICES.TP2~ #0 #0 // Icewind Dale Voice Pack for EE 2.6+: 1.0.0
~ZG_BGNPC_VOICES\ZG_BGNPC_VOICES.TP2~ #0 #0 // Baldur's Gate NPC Voice Pack for EE 2.6+: 0.2.0
~ZG_PST_VOICES\ZG_PST_VOICES.TP2~ #0 #0 // Planescape Torment Voice Pack for EE 2.6+: 1.1.1
~ZG_IWD2_VOICES\ZG_IWD2_VOICES.TP2~ #0 #0 // Icewind Dale II Voice Pack for EE 2.6+: 1.0.3
~BGEECLASSICMOVIES\BGEECLASSICMOVIES.TP2~ #0 #0 // Restore BG1 movies to BG:EE -> Replace all movies: v2.3.1
~BGEECLASSICMOVIES\BGEECLASSICMOVIES.TP2~ #0 #3 // Restore BG1 Chapter and Dream Screens: v2.3.1
~STRATAGEMS\SETUP-STRATAGEMS.TP2~ #0 #3505 // Wider selection of random scrolls: 34.3
~STRATAGEMS\SETUP-STRATAGEMS.TP2~ #0 #4050 // Decrease the rate at which reputation improves -> Reputation increases at about 2/3 the normal rate: 34.3
~STRATAGEMS\SETUP-STRATAGEMS.TP2~ #0 #4145 // Skip the Candlekeep tutorial sections -> Remove the tutorial NPCs from Candlekeep: 34.3
~STRATAGEMS\SETUP-STRATAGEMS.TP2~ #0 #4150 // Allow the Cowled Wizards to detect spellcasting in most indoor, above-ground areas in Athkatla: 34.3
~STRATAGEMS\SETUP-STRATAGEMS.TP2~ #0 #4161 // Increase the price of a license to practise magic in Athkatla -> License costs 15,000 gp: 34.3
~STRATAGEMS\SETUP-STRATAGEMS.TP2~ #0 #4171 // Increase the price asked by Gaelan Bayle -> Gaelan wants 60,000 gold pieces: 34.3
~STRATAGEMS\SETUP-STRATAGEMS.TP2~ #0 #5080 // Improved textscreens in Tales of the Sword Coast: 34.3
~STRATAGEMS\SETUP-STRATAGEMS.TP2~ #0 #5900 // Initialise AI components (required for all tactical and AI components): 34.3
~STRATAGEMS\SETUP-STRATAGEMS.TP2~ #0 #6000 // Smarter general AI: 34.3
~STRATAGEMS\SETUP-STRATAGEMS.TP2~ #0 #6010 // Better calls for help: 34.3
~STRATAGEMS\SETUP-STRATAGEMS.TP2~ #0 #6030 // Smarter Mages: 34.3
~STRATAGEMS\SETUP-STRATAGEMS.TP2~ #0 #6040 // Smarter Priests: 34.3
~STRATAGEMS\SETUP-STRATAGEMS.TP2~ #0 #6100 // Potions for NPCs: 34.3
~STRATAGEMS\SETUP-STRATAGEMS.TP2~ #0 #6200 // Improved Spiders: 34.3
~STRATAGEMS\SETUP-STRATAGEMS.TP2~ #0 #6300 // Smarter sirines and dryads: 34.3
~STRATAGEMS\SETUP-STRATAGEMS.TP2~ #0 #6310 // Slightly smarter carrion crawlers: 34.3
~STRATAGEMS\SETUP-STRATAGEMS.TP2~ #0 #6320 // Smarter basilisks: 34.3
~STRATAGEMS\SETUP-STRATAGEMS.TP2~ #0 #6500 // Improved golems: 34.3
~STRATAGEMS\SETUP-STRATAGEMS.TP2~ #0 #6510 // Improved fiends and celestials: 34.3
~STRATAGEMS\SETUP-STRATAGEMS.TP2~ #0 #6520 // Smarter genies: 34.3
~STRATAGEMS\SETUP-STRATAGEMS.TP2~ #0 #6540 // Smarter dragons: 34.3
~STRATAGEMS\SETUP-STRATAGEMS.TP2~ #0 #6550 // Smarter beholders: 34.3
~STRATAGEMS\SETUP-STRATAGEMS.TP2~ #0 #6560 // Smarter mind flayers: 34.3
~STRATAGEMS\SETUP-STRATAGEMS.TP2~ #0 #6570 // Smarter githyanki: 34.3
~STRATAGEMS\SETUP-STRATAGEMS.TP2~ #0 #6580 // Improved Vampires: 34.3
~STRATAGEMS\SETUP-STRATAGEMS.TP2~ #0 #6590 // Smarter Throne of Bhaal final villain: 34.3
~STRATAGEMS\SETUP-STRATAGEMS.TP2~ #0 #6800 // Smarter Illasera: 34.3
~STRATAGEMS\SETUP-STRATAGEMS.TP2~ #0 #6810 // Smarter Gromnir: 34.3
~STRATAGEMS\SETUP-STRATAGEMS.TP2~ #0 #6820 // Smarter Yaga-Shura: 34.3
~STRATAGEMS\SETUP-STRATAGEMS.TP2~ #0 #6830 // Smarter Abazigal: 34.3
~STRATAGEMS\SETUP-STRATAGEMS.TP2~ #0 #6840 // Ascension versions of Irenicus and Sendai use SCS abilities and AI: 34.3
~STRATAGEMS\SETUP-STRATAGEMS.TP2~ #0 #6850 // Ascension demons use SCS abilities and AI: 34.3
~STRATAGEMS\SETUP-STRATAGEMS.TP2~ #0 #7000 // Improved doppelgangers: 34.3
~STRATAGEMS\SETUP-STRATAGEMS.TP2~ #0 #7010 // Tougher Black Talons and Iron Throne guards: 34.3
~STRATAGEMS\SETUP-STRATAGEMS.TP2~ #0 #7020 // Improved deployment for parties of assassins: 34.3
~STRATAGEMS\SETUP-STRATAGEMS.TP2~ #0 #7030 // Improved kobolds: 34.3
~STRATAGEMS\SETUP-STRATAGEMS.TP2~ #0 #7040 // Relocated bounty hunters: 34.3
~STRATAGEMS\SETUP-STRATAGEMS.TP2~ #0 #7050 // Improved Ulcaster: 34.3
~STRATAGEMS\SETUP-STRATAGEMS.TP2~ #0 #7060 // Improved Balduran's Isle: 34.3
~STRATAGEMS\SETUP-STRATAGEMS.TP2~ #0 #7070 // Improved Durlag's Tower: 34.3
~STRATAGEMS\SETUP-STRATAGEMS.TP2~ #0 #7080 // Improved Demon Cultists: 34.3
~STRATAGEMS\SETUP-STRATAGEMS.TP2~ #0 #7090 // Improved Cloakwood Druids: 34.3
~STRATAGEMS\SETUP-STRATAGEMS.TP2~ #0 #7100 // Improved Bassilus: 34.3
~STRATAGEMS\SETUP-STRATAGEMS.TP2~ #0 #7110 // Improved Drasus party: 34.3
~STRATAGEMS\SETUP-STRATAGEMS.TP2~ #0 #7130 // Improved Red Wizards: 34.3
~STRATAGEMS\SETUP-STRATAGEMS.TP2~ #0 #7140 // Improved Undercity assassins: 34.3
~STRATAGEMS\SETUP-STRATAGEMS.TP2~ #0 #7150 // Improved Carsa/Kahrk interaction: 34.3
~STRATAGEMS\SETUP-STRATAGEMS.TP2~ #0 #7200 // Tougher chapter-two end battle: 34.3
~STRATAGEMS\SETUP-STRATAGEMS.TP2~ #0 #7210 // Tougher chapter-three end battle: 34.3
~STRATAGEMS\SETUP-STRATAGEMS.TP2~ #0 #7220 // Tougher chapter-four end battle: 34.3
~STRATAGEMS\SETUP-STRATAGEMS.TP2~ #0 #7230 // Tougher chapter-five end battle: 34.3
~STRATAGEMS\SETUP-STRATAGEMS.TP2~ #0 #7250 // Improved final battle: 34.3
~STRATAGEMS\SETUP-STRATAGEMS.TP2~ #0 #7900 // Improved minor encounters: 34.3
~STRATAGEMS\SETUP-STRATAGEMS.TP2~ #0 #8000 // Make the starting dungeon slightly harder: 34.3
~STRATAGEMS\SETUP-STRATAGEMS.TP2~ #0 #8010 // Improved Shade Lord: 34.3
~STRATAGEMS\SETUP-STRATAGEMS.TP2~ #0 #8020 // Spellcasting Demiliches: 34.3
~STRATAGEMS\SETUP-STRATAGEMS.TP2~ #0 #8040 // Tie difficulty of level-dependent monster groupings to the difficulty slider: 34.3
~STRATAGEMS\SETUP-STRATAGEMS.TP2~ #0 #8050 // Improved Random Encounters: 34.3
~STRATAGEMS\SETUP-STRATAGEMS.TP2~ #0 #8060 // Improved de'Arnise Keep ("Tactics Remix"): 34.3
~STRATAGEMS\SETUP-STRATAGEMS.TP2~ #0 #8070 // Improved Unseeing Eye: 34.3
~STRATAGEMS\SETUP-STRATAGEMS.TP2~ #0 #8080 // Improved Bodhi: 34.3
~STRATAGEMS\SETUP-STRATAGEMS.TP2~ #0 #8085 // Ascension version of Bodhi uses Improved-Bodhi abilities: 34.3
~STRATAGEMS\SETUP-STRATAGEMS.TP2~ #0 #8100 // Improved battle with Irenicus in Spellhold: 34.3
~STRATAGEMS\SETUP-STRATAGEMS.TP2~ #0 #8110 // Improved Sahuagin: 34.3
~STRATAGEMS\SETUP-STRATAGEMS.TP2~ #0 #8120 // Improved Beholder hive: 34.3
~STRATAGEMS\SETUP-STRATAGEMS.TP2~ #0 #8130 // Rebalanced troll regeneration: 34.3
~STRATAGEMS\SETUP-STRATAGEMS.TP2~ #0 #8140 // Improved Drow: 34.3
~STRATAGEMS\SETUP-STRATAGEMS.TP2~ #0 #8150 // Improved Watcher's Keep: 34.3
~STRATAGEMS\SETUP-STRATAGEMS.TP2~ #0 #8160 // Improved Fire Giant temple: 34.3
~STRATAGEMS\SETUP-STRATAGEMS.TP2~ #0 #8170 // Improved Sendai's Enclave: 34.3
~STRATAGEMS\SETUP-STRATAGEMS.TP2~ #0 #8180 // Improved Abazigal's Lair: 34.3
~STRATAGEMS\SETUP-STRATAGEMS.TP2~ #0 #8190 // Improved Minor Encounters: 34.3
~BUTCHERY\BUTCHERY.TP2~ #0 #41 // Butchery in Irenicus Dungeon (Dwarves) [install after Stratagems]: v5.0.0
~BUTCHERY\BUTCHERY.TP2~ #0 #43 // Butchery in the Forest of Tethyr (Animals and Druids) [install after Stratagems]: v5.0.0
~BUTCHERY\BUTCHERY.TP2~ #0 #44 // Butchery in the planar sphere (Demonic creatures) [install after Stratagems]: v5.0.0
~BUTCHERY\BUTCHERY.TP2~ #0 #45 // 3 butcheries in Spellhold (Golems, Vampires and Trolls) [install after Stratagems]: v5.0.0
~BUTCHERY\BUTCHERY.TP2~ #0 #46 // Butchery outside de'Arnise Keep (Trolls) [install after Stratagems]: v5.0.0
~BUTCHERY\BUTCHERY.TP2~ #0 #47 // Butchery in Windspear Hills (Orcs) [install after Stratagems]: v5.0.0
~BUTCHERY\BUTCHERY.TP2~ #0 #48 // Butchery in Umar Hills (Wolves) [install after Stratagems]: v5.0.0
~BUTCHERY\BUTCHERY.TP2~ #0 #49 // 2 butcheries in Trademeet and outside Watcher's Keep (Animals) [install) after Stratagems]: v5.0.0
~BUTCHERY\BUTCHERY.TP2~ #0 #50 // 2 butcheries of Golems in Suldanessellar and Watcher's Keep (Machine of Lum the Mad floor) [install after Stratagems]: v5.0.0
~BUTCHERY\BUTCHERY.TP2~ #0 #51 // Butchery of Yaga-Shura revisited [install after Ascension and Stratagems]: v5.0.0
~BUTCHERY\BUTCHERY.TP2~ #0 #52 // Butchery in the Druid Grove area (Animals and Druids) [install after Stratagems]: v5.0.0
~BUTCHERY\BUTCHERY.TP2~ #0 #53 // Butchery in the Beholder Hideout (Fanatics) [install after Stratagems]: v5.0.0
~BUTCHERY\BUTCHERY.TP2~ #0 #54 // Butchery in Bodhi's Hideout (chapter 2, before Underdark) - Vampires [install after Stratagems]: v5.0.0
~BUTCHERY\BUTCHERY.TP2~ #0 #55 // Butchery in Bodhi's Hideout (chapter 6, after Underdark) - Vampires [install after Stratagems]: v5.0.0
~BUTCHERY\BUTCHERY.TP2~ #0 #56 // 2 butcheries of Sahuagins in Sahuagin City and Watcher's Keep (Githyanki Encampment) [install after Stratagems]: v5.0.0
~BUTCHERY\BUTCHERY.TP2~ #0 #57 // 4 butcheries of spiders in Pai'Na's Hideout entrance, Temple City (Unseeing Eye Plot), Watcher's Keep first floor (Altar level) and in the area outside Sendai's Hideout [install after Stratagems]: v5.0.0
~BUTCHERY\BUTCHERY.TP2~ #0 #58 // 6 butcheries of skeletons in the lower tombs of Athkatla, Shadow Temple Land, Spellhold, Watcher's Keep (Last Seals), and 2 in Nyalee's Hideout [install after Stratagems]: v5.0.0
~BUTCHERY\BUTCHERY.TP2~ #0 #80 // More enemies scattered throughout the game [install after Stratagems]: v5.0.0
~TRAP_OVERHAUL\TRAP_OVERHAUL.TP2~ #0 #110 // Trap Overhaul -> Monk Trap Evasion, Fast Trap Detection: 0.15
~EET_END\EET_END.TP2~ #0 #0 // EET end (last mod in install order) -> Standard installation
~NPC_EE\NPC_EE.TP2~ #0 #302 // Make Xzar a necromancer/cleric: v4.4.3
~NPC_EE\NPC_EE.TP2~ #0 #464 // Make Alora a cleric/thief: v4.4.3
~NPC_EE\NPC_EE.TP2~ #0 #762 // Choose a class for Mazzy -> Make Mazzy a paladin: v4.4.3
~NPC_EE\NPC_EE.TP2~ #0 #902 // Make Fade a multiclass mage/thief: v4.4.3
~NPC_EE\NPC_EE.TP2~ #0 #2000 // NPC kit choices: v4.4.3
~DUAL_TO_KIT\SETUP-DUAL_TO_KIT.TP2~ #0 #0 // DUAL_TO_KIT_MENU -> Enable Dualclassing into Kits: 0.34
~DUAL_TO_KIT\SETUP-DUAL_TO_KIT.TP2~ #0 #1 // Grant second-class Specialists their Bonus Spell Slots: 0.34
~ENHANCED-POWERGAMING-SCRIPTS\ENHANCED-POWERGAMING-SCRIPTS.TP2~ #0 #15 // Install Enhanced Powergaming Scripts -> Accelerated Pre-Buffing Speed: v6.0
~ENHANCED-POWERGAMING-SCRIPTS\ENHANCED-POWERGAMING-SCRIPTS.TP2~ #0 #9 // Install Enhanced Scripts for Summoned Celestials: v6.0
~ENHANCED-POWERGAMING-SCRIPTS\ENHANCED-POWERGAMING-SCRIPTS.TP2~ #0 #10 // Install Enhanced Scripts for Simulacrum: v6.0
