// Log of Currently Installed WeiDU Mods
// The top of the file is the 'oldest' mod
// ~TP2_File~ #language_number #component_number // [Subcomponent Name -> ] Component Name [ : Version]
~BG1NPC/BG1NPC.TP2~ #0 #0 // The BG1 NPC Project: Required Modifications: v30
~BG1NPC/BG1NPC.TP2~ #0 #10 // The BG1 NPC Project: Banters, Quests, and Interjections: v30
~BG1NPC/BG1NPC.TP2~ #0 #21 // The BG1 NPC Project: Ajantis Romance Core (teen content) -> Speed: 45 minutes real time minimum between LoveTalks: v30
~BG1NPC/BG1NPC.TP2~ #0 #31 // The BG1 NPC Project: Branwen's Romance Core (teen content) -> Speed: 45 minutes real time minimum between LoveTalks: v30
~BG1NPC/BG1NPC.TP2~ #0 #41 // The BG1 NPC Project: Coran's Romance Core (adult content) -> Speed: 45 minutes real time minimum between LoveTalks: v30
~BG1NPC/BG1NPC.TP2~ #0 #51 // The BG1 NPC Project: Dynaheir's Romance Core (teen content) -> Speed: 45 minutes real time minimum between LoveTalks: v30
~BG1NPC/BG1NPC.TP2~ #0 #61 // The BG1 NPC Project: Shar-Teel Relationship Core (adult content) -> Speed: 45 minutes real time minimum between LoveTalks: v30
~BG1NPC/BG1NPC.TP2~ #0 #71 // The BG1 NPC Project: Xan's Romance Core (teen content) -> Speed: 45 minutes real time minimum between LoveTalks: v30
~BG1NPC/BG1NPC.TP2~ #0 #80 // The BG1 NPC Project: Female Romance Challenges, Ajantis vs Xan vs Coran: v30
~BG1NPC/BG1NPC.TP2~ #0 #90 // The BG1 NPC Project: NPCs can be sent to wait in an inn: v30
~BG1NPC/BG1NPC.TP2~ #0 #111 // BGEE Banter Timing Tweak -> Banter Timing: Fast (about 20 minutes between banter dialogs): v30
~BG1NPC/BG1NPC.TP2~ #0 #120 // The BG1 NPC Project: Bardic Reputation Adjustment: v30
~BG1NPC/BG1NPC.TP2~ #0 #130 // The BG1 NPC Project: Sarevok's Diary Adjustments -> SixofSpades Extended Sarevok's Diary: v30
~BG1NPC/BG1NPC.TP2~ #0 #240 // The BG1 NPC Project: Kivan's Proficiency -> Kivan uses spears: v30
~BG1NPC/BG1NPC.TP2~ #0 #150 // The BG1 NPC Project: Kivan's "Kivan and Deheriana Companions" portrait: v30
~BG1NPC/BG1NPC.TP2~ #0 #155 // The BG1 NPC Project: Give Coran his "Murder in Baldur's Gate" portrait: v30
~BG1NPC/BG1NPC.TP2~ #0 #160 // The BG1 NPC Project: Add Non-Joinable NPC portraits to quests and dialogues: v30
~BG1NPC/BG1NPC.TP2~ #0 #200 // The BG1 NPC Project: Player-Initiated Dialogues: v30
~BG1NPCMUSIC/SETUP-BG1NPCMUSIC.TP2~ #0 #0 // The BG1 NPC Project Music Pack -> Install All Audio: v6
~DRIZZTSAGA/DRIZZTSAGA.TP2~ #0 #0 // The Drizzt Saga for BGEE/Tutu/BGT -> Default version: areas connected by travel triggers: v3.02
~SETUP-DARKHORIZONSBGEE.TP2~ #0 #0 //  "Dark Horizons" Mod for Baldur's Gate: Enhanced Edition: BG:EE v213
~SOA/SETUP-SOA.TP2~ #0 #0 // The Stone of Askavar for TotSC/Tutu/BGT/BGEE -> Default version: areas connected by travel triggers: 2.2
~GARRICK-TT/SETUP-GARRICK-TT.TP2~ #1 #0 // Garrick: Tales of a Troubadour: 1.26
~DRAKE/SETUP-DRAKE.TP2~ #0 #0 // Drake NPC for Baldur's Gate: Enhanced Edition: 1.6
~SIRENE/SETUP-SIRENE.TP2~ #0 #0 // Sirene NPC for Baldur's Gate: Enhanced Edition
~SIRENE/SETUP-SIRENE.TP2~ #0 #1 // Choose an alternate class for Sirene? -> True Paladin
~K9SHARTEELNPC/SETUP-K9SHARTEELNPC.TP2~ #0 #0 // Install Shar-Teel NPC Mod: v1.4
~WHITE/WHITE.TP2~ #0 #0 // White NPC for BG:EE, BGT and TuTu: 2.3
~VERRSZA/VERRSZA.TP2~ #0 #0 // Verr'Sza - the rakshasa NPC for BG1EE: 5.4
~MARGARITA/SETUP-MARGARITA.TP2~ #0 #0 // Margarita for Baldur's Gate: Enhanced Edition
~BG1UB/SETUP-BG1UB.TP2~ #0 #0 // Ice Island Level Two Restoration: v16.4
~BG1UB/SETUP-BG1UB.TP2~ #0 #11 // Scar and the Sashenstar's Daughter: v16.4
~BG1UB/SETUP-BG1UB.TP2~ #0 #12 // Quoningar, the Cleric: v16.4
~BG1UB/SETUP-BG1UB.TP2~ #0 #13 // Shilo Chen and the Ogre-Magi: v16.4
~BG1UB/SETUP-BG1UB.TP2~ #0 #14 // Edie, the Merchant League Applicant: v16.4
~BG1UB/SETUP-BG1UB.TP2~ #0 #16 // Creature Corrections: v16.4
~BG1UB/SETUP-BG1UB.TP2~ #0 #17 // Creature Restorations: v16.4
~BG1UB/SETUP-BG1UB.TP2~ #0 #18 // Creature Name Restorations: v16.4
~BG1UB/SETUP-BG1UB.TP2~ #0 #19 // Minor Dialogue Restorations: v16.4
~BG1UB/SETUP-BG1UB.TP2~ #0 #21 // Store, Tavern and Inn Fixes and Restorations: v16.4
~BG1UB/SETUP-BG1UB.TP2~ #0 #22 // Item Corrections and Restorations: v16.4
~BG1UB/SETUP-BG1UB.TP2~ #0 #29 // Duke Eltan in the Harbor Master's Building: v16.4
~BG1UB/SETUP-BG1UB.TP2~ #0 #30 // Nim Furlwing Encounter: v16.4
~BG1UB/SETUP-BG1UB.TP2~ #0 #32 // Svlast, the Fallen Paladin Encounter: v16.4
~BG1UB/SETUP-BG1UB.TP2~ #0 #33 // Mal-Kalen, the Ulcaster Ghost: v16.4
~BG1UB/SETUP-BG1UB.TP2~ #0 #34 // Chapter 6 Dialogue Restorations: v16.4
