// Log of Currently Installed WeiDU Mods
// The top of the file is the 'oldest' mod
// ~TP2_File~ #language_number #component_number // [Subcomponent Name -> ] Component Name [ : Version]
~DLCMERGER/DLCMERGER.TP2~ #0 #3 // Merge DLC into game -> Merge all available DLCs: 1.4
~SETUP-DARKHORIZONSBGEE.TP2~ #0 #0 //  "Dark Horizons" Mod for Baldur's Gate: Enhanced Edition: BG:EE v213
~BG1UB/SETUP-BG1UB.TP2~ #0 #0 // Ice Island Level Two Restoration: v16.0
~BG1UB/SETUP-BG1UB.TP2~ #0 #11 // Scar and the Sashenstar's Daughter: v16.0
~BG1UB/SETUP-BG1UB.TP2~ #0 #12 // Quoningar, the Cleric: v16.0
~BG1UB/SETUP-BG1UB.TP2~ #0 #13 // Shilo Chen and the Ogre-Magi: v16.0
~BG1UB/SETUP-BG1UB.TP2~ #0 #14 // Edie, the Merchant League Applicant: v16.0
~BG1UB/SETUP-BG1UB.TP2~ #0 #16 // Creature Corrections: v16.0
~BG1UB/SETUP-BG1UB.TP2~ #0 #17 // Creature Restorations: v16.0
~BG1UB/SETUP-BG1UB.TP2~ #0 #18 // Creature Name Restorations: v16.0
~BG1UB/SETUP-BG1UB.TP2~ #0 #19 // Minor Dialogue Restorations: v16.0
~BG1UB/SETUP-BG1UB.TP2~ #0 #21 // Store, Tavern and Inn Fixes and Restorations: v16.0
~BG1UB/SETUP-BG1UB.TP2~ #0 #22 // Item Corrections and Restorations: v16.0
~BG1UB/SETUP-BG1UB.TP2~ #0 #29 // Duke Eltan in the Harbor Master's Building: v16.0
~BG1UB/SETUP-BG1UB.TP2~ #0 #30 // Nim Furlwing Encounter: v16.0
~BG1UB/SETUP-BG1UB.TP2~ #0 #32 // Svlast, the Fallen Paladin Encounter: v16.0
~BG1UB/SETUP-BG1UB.TP2~ #0 #33 // Mal-Kalen, the Ulcaster Ghost: v16.0
~BG1UB/SETUP-BG1UB.TP2~ #0 #34 // Chapter 6 Dialogue Restorations: v16.0
// Recently Uninstalled: ~SOA/SETUP-SOA.TP2~ #0 #1 // The Stone of Askavar for TotSC/Tutu/BGT/BGEE -> BP-BGT Worldmap version: all areas added to worldmap (requires BP-BGT Worldmap): 2.2
~SOA/SETUP-SOA.TP2~ #0 #0 // The Stone of Askavar for TotSC/Tutu/BGT/BGEE -> Default version: areas connected by travel triggers: 2.2