// Log of Currently Installed WeiDU Mods
// The top of the file is the 'oldest' mod
// ~TP2_File~ #language_number #component_number // [Subcomponent Name -> ] Component Name [ : Version]
~EET/EET.TP2~ #0 #0 // EET core (resource importation): V13.4
~IWDIFICATION/SETUP-IWDIFICATION.TP2~ #0 #10 // Icewind Dale Casting Graphics (Andyr): v5
~IWDIFICATION/SETUP-IWDIFICATION.TP2~ #0 #130 // Use IWD Damage Animations: v5
~IWDIFICATION/SETUP-IWDIFICATION.TP2~ #0 #150 // IWD Class Updates: Bard: Use IWD Spell Progression: v5
~IWDIFICATION/SETUP-IWDIFICATION.TP2~ #0 #160 // IWD Class Updates: Paladin: Use IWD Spell Progression: v5
~IWDIFICATION/SETUP-IWDIFICATION.TP2~ #0 #170 // IWD Class Updates: Ranger: Use IWD Spell Progression: v5
~IWDIFICATION/SETUP-IWDIFICATION.TP2~ #0 #30 // IWD Arcane Spell Pack: v5
~IWDIFICATION/SETUP-IWDIFICATION.TP2~ #0 #40 // IWD Divine Spell Pack: v5
~NTOTSC/NTOTSC.TP2~ #0 #0 // Northern Tales of the Sword Coast (NTotSC) for BGT-Weidu, BG:EE, and EET: 5.0.0
~NTOTSC/NTOTSC.TP2~ #0 #2 // Keelor the Dwarf: 5.0.0
~NTOTSC/NTOTSC.TP2~ #0 #3 // Llindellyn's Lucky Arrow: 5.0.0
~NTOTSC/NTOTSC.TP2~ #0 #5 // Pilar and Gheldehar: 5.0.0
~NTOTSC/NTOTSC.TP2~ #0 #7 // Will O'Hara NPC: 5.0.0
~NTOTSC/NTOTSC.TP2~ #0 #8 // Will O'Hara: Install English Soundset: 5.0.0
~NTOTSC/NTOTSC.TP2~ #0 #9 // Fighting Encounters: 5.0.0
~GORGON/SETUP-GORGON.TP2~ #0 #0 // Install The Gorgon's Eye: v4.4
~GORGON/SETUP-GORGON.TP2~ #0 #1 // Add More Pickpocketable Items: v4.4
~ASCENSION/ASCENSION.TP2~ #0 #0 // Rewritten Final Chapter of Throne of Bhaal: 2.0.28
~ASCENSION/ASCENSION.TP2~ #0 #10 // Balthazar can be redeemed: 2.0.28
~ASCENSION/ASCENSION.TP2~ #0 #20 // Improved Sarevok-Player Interactions: 2.0.28
~ASCENSION/ASCENSION.TP2~ #0 #30 // Improved Imoen-Player Interactions in Throne of Bhaal: 2.0.28
~ASCENSION/ASCENSION.TP2~ #0 #40 // Restored Bhaalspawn Powers: 2.0.28
~ASCENSION/ASCENSION.TP2~ #0 #50 // Improved Slayer Transformation: 2.0.28
~ASCENSION/ASCENSION.TP2~ #0 #1000 // Tougher Abazigal: 2.0.28
~ASCENSION/ASCENSION.TP2~ #0 #1100 // Tougher Balthazar: 2.0.28
~ASCENSION/ASCENSION.TP2~ #0 #1200 // Tougher Demogorgon: 2.0.28
~ASCENSION/ASCENSION.TP2~ #0 #1300 // Tougher Gromnir: 2.0.28
~ASCENSION/ASCENSION.TP2~ #0 #1400 // Tougher Illasera: 2.0.28
~ASCENSION/ASCENSION.TP2~ #0 #1500 // Tougher Yaga-Shura: 2.0.28
~ASCENSION/ASCENSION.TP2~ #0 #2000 // Full-body portrait for Bodhi: 2.0.28
~ASCENSION/ASCENSION.TP2~ #0 #2300 // Sharper portraits of Abazigal and Gromnir for the Enhanced Edition, by DavidW: 2.0.28
~ASCENSION/ASCENSION.TP2~ #0 #2400 // Slightly improved cutscenes, by DavidW: 2.0.28
~ARESTORATIONP/ARESTORATIONP.TP2~ #1 #0 // Restored Locations: v8.4
~ARESTORATIONP/ARESTORATIONP.TP2~ #1 #1 // Restored Characters and Dialogs: v8.4
~ARESTORATIONP/ARESTORATIONP.TP2~ #1 #2 // Restored Sounds: v8.4
~ARESTORATIONP/ARESTORATIONP.TP2~ #1 #3 // Restored Items: v8.4
~ARESTORATIONP/ARESTORATIONP.TP2~ #1 #5 // Restored XP for Minor Things: v8.4
~ARESTORATIONP/ARESTORATIONP.TP2~ #1 #6 // Lich Deril: v8.4
~ARESTORATIONP/ARESTORATIONP.TP2~ #1 #7 // Restored Random Encounters: v8.4
~ARESTORATIONP/ARESTORATIONP.TP2~ #1 #8 // Minor Restorations: v8.4
~ARESTORATIONP/ARESTORATIONP.TP2~ #1 #11 // Restored Final Slayer Dream: v8.4
~ARESTORATIONP/ARESTORATIONP.TP2~ #1 #13 // Restored Waukeen's Promenade Cutscene: v8.4
~UB/SETUP-UB.TP2~ #0 #0 // The Kidnapping of Boo by Cliffette: v29
~UB/SETUP-UB.TP2~ #0 #1 // The Suna Seni/Valygar Relationship: v29
~UB/SETUP-UB.TP2~ #0 #2 // Kalah and What He Was Promised: v29
~UB/SETUP-UB.TP2~ #0 #3 // "Cat and Mouse" (Bodhi hunts you in Spellhold) by Ghreyfain: v29
~UB/SETUP-UB.TP2~ #0 #4 // Gorje Hilldark and the Extended Illithium Quest: v29
~UB/SETUP-UB.TP2~ #0 #5 // The Pai'Na/Spider's Bane Quest: v29
~UB/SETUP-UB.TP2~ #0 #6 // Restored Crooked Crane Inn: v29
~UB/SETUP-UB.TP2~ #0 #7 // Restored Encounters: v29
~UB/SETUP-UB.TP2~ #0 #8 // Artemis Entreri in Bodhi's Lair: v29
~UB/SETUP-UB.TP2~ #0 #9 // Corrected "Xzar's Creations": v29
~UB/SETUP-UB.TP2~ #0 #10 // Restored Hell Minions, by SimDing0: v29
~UB/SETUP-UB.TP2~ #0 #12 // Item Restorations: v29
~UB/SETUP-UB.TP2~ #0 #17 // Corrected Character Names and Biographies: v29
~UB/SETUP-UB.TP2~ #0 #18 // Restored Minor Dialogs: v29
~UB/SETUP-UB.TP2~ #0 #20 // Extended ToB Item Descriptions: v29
~UB/SETUP-UB.TP2~ #0 #21 // Throne of Bhaal Minor Restorations: v29
~UB/SETUP-UB.TP2~ #0 #24 // Sarevok's Remorse: v29
~UB/SETUP-UB.TP2~ #0 #25 // The Murder of Acton Balthis, by Kulyok: v29
~RR/SETUP-RR.TP2~ #0 #0 // Proper dual-wielding implementation for Thieves and Bards: v4.92
~RR/SETUP-RR.TP2~ #0 #1 // Thief kit revisions: v4.92
~RR/SETUP-RR.TP2~ #0 #2 // Thief High Level Ability revisions: v4.92
~RR/SETUP-RR.TP2~ #0 #3 // Proper racial adjustments for thieving skills: v4.92
~RR/SETUP-RR.TP2~ #0 #4 // Bard kit revisions: v4.92
~RR/SETUP-RR.TP2~ #0 #5 // Bard High Level Ability revisions: v4.92
~RR/SETUP-RR.TP2~ #0 #6 // Proper spell progression for Bards: v4.92
~RR/SETUP-RR.TP2~ #0 #7 // Additional equipment for Thieves and Bards: v4.92
~RR/SETUP-RR.TP2~ #0 #8 // Upgradeable Equipment: v4.92
~RR/SETUP-RR.TP2~ #0 #11 // Chosen of Cyric encounter: v4.92
~RR/SETUP-RR.TP2~ #0 #12 // Shadow Thief Improvements: v4.92
~EILISTRAEE/SETUP-EILISTRAEE.TP2~ #0 #0 // Eilistraee's Song -> Yes, but don't patch the existing save games: 7.3
~A7#IMPROVEDARCHER/A7#IMPROVEDARCHER.TP2~ #0 #100 // Add +4 arrows, bolts and powerful bows to the game: v4.2
~EET_TWEAKS/EET_TWEAKS.TP2~ #0 #2041 // XP for Traps, Spells and Lockpicking -> BG2 values: 1.12
~EET_TWEAKS/EET_TWEAKS.TP2~ #0 #4020 // Higher framerates support: 1.12
~EET_TWEAKS/EET_TWEAKS.TP2~ #0 #4040 // Import party items to SoA: 1.12
~EET_TWEAKS/EET_TWEAKS.TP2~ #0 #4060 // Wand Case: 1.12
~EET_TWEAKS/EET_TWEAKS.TP2~ #0 #4070 // Key Ring: 1.12
~JANQUEST/SETUP-JANQUEST.TP2~ #1 #0 // Jan's Extended Quest
~C#SB_SILBER/SETUP-C#SB_SILBER.TP2~ #0 #0 // Adalon's Blood - Modification for BGII by Gandalf the white: 15
~ALLTHINGSMAZZY/SETUP-ALLTHINGSMAZZY.TP2~ #0 #0 // All Things Mazzy: Version 3.13
~ALLTHINGSMAZZY/SETUP-ALLTHINGSMAZZY.TP2~ #0 #1 // For the Evil: Additional content that might disturb a truly good player.: Version 3.13
~ALLTHINGSMAZZY/SETUP-ALLTHINGSMAZZY.TP2~ #0 #2 // For the Good: Additional content that might annoy a truly evil player.: Version 3.13
~ALLTHINGSMAZZY/SETUP-ALLTHINGSMAZZY.TP2~ #0 #4 // Optional Soundset for Clara NPC: Version 3.13
~ALLTHINGSMAZZY/SETUP-ALLTHINGSMAZZY.TP2~ #0 #5 // Optional Hi-Res Portrait for Mazzy created by Edvin.: Version 3.13
~SKIECOST/SKIECOST.TP2~ #0 #0 // Skie: The Cost of One Girl's Soul - New quest for Baldur's Gate 2 EE: v6.0
~SKIECOST/SKIECOST.TP2~ #0 #1 // Skie: The Cost of One Girl's Soul - Allow Skie to return as a joinable NPC: v6.0
~SKIECOST/SKIECOST.TP2~ #0 #2 // Skie: The Cost of One Girl's Soul - Add Player-Initiated Dialogue (PID) for Skie: v6.0
~SKIECOST/SKIECOST.TP2~ #0 #3 // Skie: The Cost of One Girl's Soul - The Return of Eddard Silvershield (quest & a joinable NPC): v6.0
~SKIECOST/SKIECOST.TP2~ #0 #4 // Skie: The Cost of One Girl's Soul - Add Player-Initiated Dialogue (PID) for Eddard: v6.0
~SKIECOST/SKIECOST.TP2~ #0 #5 // Skie: The Cost of One Girl's Soul - Add brand new SoD-oriented items to BG2: v6.0
~BACKBRYNNLAW/BACKBRYNNLAW.TP2~ #0 #0 // Back to Brynnlaw mod for Baldur's Gate II: v9
~C#SOLAUFEIN/C#SOLAUFEIN.TP2~ #1 #0 // Solaufein's Rescue: Jastey's Solaufein NPC for BGII: 4.2
~YOSHIMOSREMORSE/YOSHIMOSREMORSE.TP2~ #0 #0 // Yoshimo's Remorse: v3.1.1
~ISHLILKAMOD/SETUP-ISHLILKAMOD.TP2~ #0 #500 // Ishlilka mod for BGSoD and EET
~EHLASTRA/EHLASTRA.TP2~ #0 #0 // Ehlastra ToB: v0.6
~PAINA/PAINA.TP2~ #0 #0 // Pai'Na NPC for BG:EE
~SIMENPC/SIMENPC.TP2~ #0 #0 // Sime NPC: v0.5
~LCA/LCA.TP2~ #0 #0 // Love Conquers All (LCA)
~SLANDOR/SLANDOR.TP2~ #1 #0 // The Minotaur and Lilacor: 2.1
~MNKOVERHAUL/MNKOVERHAUL.TP2~ #0 #0 // Monk High Level Abilities by Kish
~MNKOVERHAUL/MNKOVERHAUL.TP2~ #0 #1 // Monk Fist Overhaul -> 3:+1 9:+2 12:+3 15:+4 25:+5
~ARTISANSKITPACK/ARTISANSKITPACK.TP2~ #0 #1000 // Artisan's Kitpack: Arcane Archer Fighter Kit: 4.7
~ARTISANSKITPACK/ARTISANSKITPACK.TP2~ #0 #5001 // Artisan's Kitpack: Elementalist Druid Kit: 4.7
~ARTISANSKITPACK/ARTISANSKITPACK.TP2~ #0 #5002 // Artisan's Kitpack: Hivemaster Druid Kit: 4.7
~ARTISANSKITPACK/ARTISANSKITPACK.TP2~ #0 #7001 // Artisan's Kitpack: Rogue Archer Thief Kit: 4.7
~ARTISANSKITPACK/ARTISANSKITPACK.TP2~ #0 #8001 // Artisan's Kitpack: Pale Master Sorcerer Kit: 4.7
~ARTISANSKITPACK/ARTISANSKITPACK.TP2~ #0 #8003 // Artisan's Kitpack: 3e-accurate Dragon Disciple -> Nerfed stat bonuses (net +2 to STR): 4.7
~DIVINE_REMIX/SETUP-DIVINE_REMIX.TP2~ #0 #403 // Install Bowslinger Ranger Kit: 8.1
~DIVINE_REMIX/SETUP-DIVINE_REMIX.TP2~ #0 #406 // Install Feralan Ranger Kit: 8.1
~DIVINE_REMIX/SETUP-DIVINE_REMIX.TP2~ #0 #409 // Install Forest Runner Ranger Kit: 8.1
~DIVINE_REMIX/SETUP-DIVINE_REMIX.TP2~ #0 #412 // Install Justifier Ranger Kit: 8.1
~DIVINE_REMIX/SETUP-DIVINE_REMIX.TP2~ #0 #415 // Install Wilderness Runner Ranger Kit: 8.1
~STRATAGEMS/SETUP-STRATAGEMS.TP2~ #0 #3505 // Wider selection of random scrolls: 34.3
~STRATAGEMS/SETUP-STRATAGEMS.TP2~ #0 #3540 // Reduce the power of Inquisitors' Dispel Magic -> Inquisitors dispel at 1.5 x their level (not twice their level): 34.3
~STRATAGEMS/SETUP-STRATAGEMS.TP2~ #0 #3550 // Increase the power of Cure Wounds and Cause Wounds spells to the level found in 3rd Edition D&D -> Spells heal or inflict a random amount of damage (1d8 per level of the spell, plus 1 point per caster level, to a maximum of 5 points per spell level): 34.3
~STRATAGEMS/SETUP-STRATAGEMS.TP2~ #0 #3580 // Restoration and Lesser Restoration spells heal ability-score damage: 34.3
~STRATAGEMS/SETUP-STRATAGEMS.TP2~ #0 #4000 // Faster Bears: 34.3
~STRATAGEMS/SETUP-STRATAGEMS.TP2~ #0 #4030 // Improved shapeshifting: 34.3
~STRATAGEMS/SETUP-STRATAGEMS.TP2~ #0 #4115 // Thieves assign skill points in multiples of five: 34.3
~STRATAGEMS/SETUP-STRATAGEMS.TP2~ #0 #4240 // Treat mages' and priests' High-Level Abilities as innate abilities rather than memorisable spells (each may be taken only once): 34.3
~STRATAGEMS/SETUP-STRATAGEMS.TP2~ #0 #5900 // Initialise AI components (required for all tactical and AI components): 34.3
~STRATAGEMS/SETUP-STRATAGEMS.TP2~ #0 #6000 // Smarter general AI: 34.3
~STRATAGEMS/SETUP-STRATAGEMS.TP2~ #0 #6010 // Better calls for help: 34.3
~STRATAGEMS/SETUP-STRATAGEMS.TP2~ #0 #6030 // Smarter Mages: 34.3
~STRATAGEMS/SETUP-STRATAGEMS.TP2~ #0 #6040 // Smarter Priests: 34.3
~STRATAGEMS/SETUP-STRATAGEMS.TP2~ #0 #6100 // Potions for NPCs: 34.3
~STRATAGEMS/SETUP-STRATAGEMS.TP2~ #0 #6200 // Improved Spiders: 34.3
~STRATAGEMS/SETUP-STRATAGEMS.TP2~ #0 #6500 // Improved golems: 34.3
~STRATAGEMS/SETUP-STRATAGEMS.TP2~ #0 #6510 // Improved fiends and celestials: 34.3
~STRATAGEMS/SETUP-STRATAGEMS.TP2~ #0 #6520 // Smarter genies: 34.3
~STRATAGEMS/SETUP-STRATAGEMS.TP2~ #0 #6540 // Smarter dragons: 34.3
~STRATAGEMS/SETUP-STRATAGEMS.TP2~ #0 #6550 // Smarter beholders: 34.3
~STRATAGEMS/SETUP-STRATAGEMS.TP2~ #0 #6560 // Smarter mind flayers: 34.3
~STRATAGEMS/SETUP-STRATAGEMS.TP2~ #0 #6570 // Smarter githyanki: 34.3
~STRATAGEMS/SETUP-STRATAGEMS.TP2~ #0 #6580 // Improved Vampires: 34.3
~STRATAGEMS/SETUP-STRATAGEMS.TP2~ #0 #6590 // Smarter Throne of Bhaal final villain: 34.3
~STRATAGEMS/SETUP-STRATAGEMS.TP2~ #0 #6800 // Smarter Illasera: 34.3
~STRATAGEMS/SETUP-STRATAGEMS.TP2~ #0 #6810 // Smarter Gromnir: 34.3
~STRATAGEMS/SETUP-STRATAGEMS.TP2~ #0 #6820 // Smarter Yaga-Shura: 34.3
~STRATAGEMS/SETUP-STRATAGEMS.TP2~ #0 #6830 // Smarter Abazigal: 34.3
~STRATAGEMS/SETUP-STRATAGEMS.TP2~ #0 #6840 // Ascension versions of Irenicus and Sendai use SCS abilities and AI: 34.3
~STRATAGEMS/SETUP-STRATAGEMS.TP2~ #0 #6850 // Ascension demons use SCS abilities and AI: 34.3
~STRATAGEMS/SETUP-STRATAGEMS.TP2~ #0 #8010 // Improved Shade Lord: 34.3
~STRATAGEMS/SETUP-STRATAGEMS.TP2~ #0 #8020 // Spellcasting Demiliches: 34.3
~STRATAGEMS/SETUP-STRATAGEMS.TP2~ #0 #8040 // Tie difficulty of level-dependent monster groupings to the difficulty slider: 34.3
~STRATAGEMS/SETUP-STRATAGEMS.TP2~ #0 #8050 // Improved Random Encounters: 34.3
~STRATAGEMS/SETUP-STRATAGEMS.TP2~ #0 #8060 // Improved de'Arnise Keep ("Tactics Remix"): 34.3
~STRATAGEMS/SETUP-STRATAGEMS.TP2~ #0 #8070 // Improved Unseeing Eye: 34.3
~STRATAGEMS/SETUP-STRATAGEMS.TP2~ #0 #8080 // Improved Bodhi: 34.3
~STRATAGEMS/SETUP-STRATAGEMS.TP2~ #0 #8085 // Ascension version of Bodhi uses Improved-Bodhi abilities: 34.3
~STRATAGEMS/SETUP-STRATAGEMS.TP2~ #0 #8100 // Improved battle with Irenicus in Spellhold: 34.3
~STRATAGEMS/SETUP-STRATAGEMS.TP2~ #0 #8110 // Improved Sahuagin: 34.3
~STRATAGEMS/SETUP-STRATAGEMS.TP2~ #0 #8120 // Improved Beholder hive: 34.3
~STRATAGEMS/SETUP-STRATAGEMS.TP2~ #0 #8130 // Rebalanced troll regeneration: 34.3
~STRATAGEMS/SETUP-STRATAGEMS.TP2~ #0 #8140 // Improved Drow: 34.3
~STRATAGEMS/SETUP-STRATAGEMS.TP2~ #0 #8150 // Improved Watcher's Keep: 34.3
~STRATAGEMS/SETUP-STRATAGEMS.TP2~ #0 #8160 // Improved Fire Giant temple: 34.3
~STRATAGEMS/SETUP-STRATAGEMS.TP2~ #0 #8170 // Improved Sendai's Enclave: 34.3
~STRATAGEMS/SETUP-STRATAGEMS.TP2~ #0 #8180 // Improved Abazigal's Lair: 34.3
~STRATAGEMS/SETUP-STRATAGEMS.TP2~ #0 #8190 // Improved Minor Encounters: 34.3
~CDTWEAKS/SETUP-CDTWEAKS.TP2~ #0 #10 // Remove Helmet Animations: v16
~CDTWEAKS/SETUP-CDTWEAKS.TP2~ #0 #20 // Change Imoen's Avatar to Mage: v16
~CDTWEAKS/SETUP-CDTWEAKS.TP2~ #0 #30 // Change Nalia's Avatar to Thief: v16
~CDTWEAKS/SETUP-CDTWEAKS.TP2~ #0 #40 // Change Viconia's Skin Color to Dark Blue: v16
~CDTWEAKS/SETUP-CDTWEAKS.TP2~ #0 #60 // Weapon Animation Tweaks: v16
~CDTWEAKS/SETUP-CDTWEAKS.TP2~ #0 #110 // Icon Improvements: v16
~CDTWEAKS/SETUP-CDTWEAKS.TP2~ #0 #130 // Force All Dialogue to Pause Game: v16
~CDTWEAKS/SETUP-CDTWEAKS.TP2~ #0 #171 // Unique Icons [Lava] -> Replace all icons: v16
~CDTWEAKS/SETUP-CDTWEAKS.TP2~ #0 #182 // Unique Containers [Miloch] -> Unique icons and names: v16
~CDTWEAKS/SETUP-CDTWEAKS.TP2~ #0 #190 // Use Character Colors Instead of Item Colors -> For all shields and helmets: v16
~CDTWEAKS/SETUP-CDTWEAKS.TP2~ #0 #1010 // More Interjections: v16
~CDTWEAKS/SETUP-CDTWEAKS.TP2~ #0 #1020 // Alter HP Triggers for NPC Wounded Dialogues: v16
~CDTWEAKS/SETUP-CDTWEAKS.TP2~ #0 #1030 // Reveal Wilderness Areas Before Chapter Six: v16
~CDTWEAKS/SETUP-CDTWEAKS.TP2~ #0 #1040 // Improved Athkatlan City Guard: v16
~CDTWEAKS/SETUP-CDTWEAKS.TP2~ #0 #1070 // Improved Multi-Player Kick-Out Dialogues: v16
~CDTWEAKS/SETUP-CDTWEAKS.TP2~ #0 #1080 // Add Bags of Holding: v16
~CDTWEAKS/SETUP-CDTWEAKS.TP2~ #0 #1120 // Stores Sell Higher Stacks of Items: v16
~CDTWEAKS/SETUP-CDTWEAKS.TP2~ #0 #1036 // Make Cloakwood Areas Available Before Completing the Bandit Camp -> All of Cloakwood except the mines: v16
~CDTWEAKS/SETUP-CDTWEAKS.TP2~ #0 #1150 // Shapeshifter Rebalancing [Weimer]: v16
~CDTWEAKS/SETUP-CDTWEAKS.TP2~ #0 #1160 // Multiple Strongholds [Sabre, Baldurdash, Weimer] -> No restrictions: v16
~CDTWEAKS/SETUP-CDTWEAKS.TP2~ #0 #1075 // Send BioWare NPCs to an Inn [DavidW/Zed Nocear]: v16
~CDTWEAKS/SETUP-CDTWEAKS.TP2~ #0 #1100 // Reveal City Maps When Entering Area: v16
~CDTWEAKS/SETUP-CDTWEAKS.TP2~ #0 #1180 // Female Edwina [Davide Carte, Wendy Yung, Weimer]: v16
~CDTWEAKS/SETUP-CDTWEAKS.TP2~ #0 #1220 // Allow Cromwell to Upgrade Watcher's Keep Items: v16
~CDTWEAKS/SETUP-CDTWEAKS.TP2~ #0 #1230 // Allow Cespenar to Use Cromwell Recipes: v16
~CDTWEAKS/SETUP-CDTWEAKS.TP2~ #0 #1251 // Move NPCs to Convenient Locations: Move Alora to Gullykin: v16
~CDTWEAKS/SETUP-CDTWEAKS.TP2~ #0 #1252 // Move NPCs to Convenient Locations: Move Eldoth to the Coast Way: v16
~CDTWEAKS/SETUP-CDTWEAKS.TP2~ #0 #1253 // Move NPCs to Convenient Locations: Move Quayle to the Nashkel Carnival: v16
~CDTWEAKS/SETUP-CDTWEAKS.TP2~ #0 #1254 // Move NPCs to Convenient Locations: Move Shar-Teel to North Nashkel Road: v16
~CDTWEAKS/SETUP-CDTWEAKS.TP2~ #0 #1255 // Move NPCs to Convenient Locations: Move Tiax to Beregost: v16
~CDTWEAKS/SETUP-CDTWEAKS.TP2~ #0 #1256 // Move NPCs to Convenient Locations: Move Viconia to South Beregost Road: v16
~CDTWEAKS/SETUP-CDTWEAKS.TP2~ #0 #1270 // Change Cloakwood Mine Chapter End Change Trigger to Non-TotSC Behavior [plainab]: v16
~CDTWEAKS/SETUP-CDTWEAKS.TP2~ #0 #2010 // Separate Resist Fire/Cold Icon into Separate Icons [Angel]: v16
~CDTWEAKS/SETUP-CDTWEAKS.TP2~ #0 #2090 // Change Experience Point Cap -> Remove experience cap: v16
~CDTWEAKS/SETUP-CDTWEAKS.TP2~ #0 #2140 // Expanded Dual-Class Options: v16
~CDTWEAKS/SETUP-CDTWEAKS.TP2~ #0 #2152 // Wear Multiple Protection Items -> Allow armor plus one protection item [Angel]: v16
~CDTWEAKS/SETUP-CDTWEAKS.TP2~ #0 #2170 // Cast Spells from Scrolls (and Other Items) at Character Level: v16
~CDTWEAKS/SETUP-CDTWEAKS.TP2~ #0 #2210 // Change Grandmastery Bonuses -> True grandmastery [Baldurdash]: v16
~CDTWEAKS/SETUP-CDTWEAKS.TP2~ #0 #2240 // Un-Nerfed THAC0 Table: v16
~CDTWEAKS/SETUP-CDTWEAKS.TP2~ #0 #2250 // Un-Nerfed Sorcerer Spell Progression Table: v16
~CDTWEAKS/SETUP-CDTWEAKS.TP2~ #0 #2260 // Alter Mage Spell Progression Table -> Un-nerfed table [Blucher]: v16
~CDTWEAKS/SETUP-CDTWEAKS.TP2~ #0 #2270 // Alter Bard Spell Progression Table -> Un-nerfed table [Blucher]: v16
~CDTWEAKS/SETUP-CDTWEAKS.TP2~ #0 #2280 // Alter Cleric Spell Progression Table -> Un-nerfed table [Blucher]: v16
~CDTWEAKS/SETUP-CDTWEAKS.TP2~ #0 #2293 // Alter Druid Spell and Level Progression Tables -> Use cleric level progression changes with un-nerfed druid spell table [Blucher]: v16
~CDTWEAKS/SETUP-CDTWEAKS.TP2~ #0 #2300 // Triple-Class HLA Tables: v16
~CDTWEAKS/SETUP-CDTWEAKS.TP2~ #0 #2312 // Add Save Penalties for Spells Cast by High-Level Casters -> Arcane and divine magic: v16
~CDTWEAKS/SETUP-CDTWEAKS.TP2~ #0 #2330 // Remove Delay for Magical Traps [Ardanis/GeN1e]: v16
~CDTWEAKS/SETUP-CDTWEAKS.TP2~ #0 #2339 // Remove Summoning Cap for Regular Summons: v16
~CDTWEAKS/SETUP-CDTWEAKS.TP2~ #0 #2340 // Remove Summoning Cap for Celestials [Ardanis/GeN1e]: v16
~CDTWEAKS/SETUP-CDTWEAKS.TP2~ #0 #2371 // Alter Dual-Class Restrictions -> Allow non-humans to dual-class: v16
~CDTWEAKS/SETUP-CDTWEAKS.TP2~ #0 #2358 // Alter Multi-Class Restrictions -> Install options one and three (everyone can multi-class anything they can single-class): v16
~CDTWEAKS/SETUP-CDTWEAKS.TP2~ #0 #2410 // Druids Use 3E Alignment Restrictions: v16
~CDTWEAKS/SETUP-CDTWEAKS.TP2~ #0 #2540 // Speed Up de'Arnise Keep Stronghold Quests: v16
~CDTWEAKS/SETUP-CDTWEAKS.TP2~ #0 #2590 // Thieves Can Backstab With More Weapons With "Use Any Item" or as Dual- and Multi-Classes: v16
~CDTWEAKS/SETUP-CDTWEAKS.TP2~ #0 #2999 // Max HP at Level One: v16
~CDTWEAKS/SETUP-CDTWEAKS.TP2~ #0 #3000 // Higher HP on Level Up -> Maximum: v16
~CDTWEAKS/SETUP-CDTWEAKS.TP2~ #0 #3008 // Allow HP Rolls Through Level 20 [Angel]: v16
~CDTWEAKS/SETUP-CDTWEAKS.TP2~ #0 #3010 // Maximum HP Creatures [the bigg] -> For all creatures in game: v16
~CDTWEAKS/SETUP-CDTWEAKS.TP2~ #0 #3040 // Make Bags of Holding Bottomless: v16
~CDTWEAKS/SETUP-CDTWEAKS.TP2~ #0 #3050 // Remove Fatigue from Restoration Spells: v16
~CDTWEAKS/SETUP-CDTWEAKS.TP2~ #0 #3070 // Change Effect of Reputation on Store Prices -> Low Reputation Store Discount [Sabre]: v16
~CDTWEAKS/SETUP-CDTWEAKS.TP2~ #0 #3080 // Increase Ammo Stack Size -> Unlimited ammo stacking: v16
~CDTWEAKS/SETUP-CDTWEAKS.TP2~ #0 #3090 // Increase Jewelry, Gem, and Miscellaneous Item Stacks -> Unlimited jewelry, gem, and miscellaneous item stacking: v16
~CDTWEAKS/SETUP-CDTWEAKS.TP2~ #0 #3100 // Increase Potion Stacking -> Unlimited potion stacking: v16
~CDTWEAKS/SETUP-CDTWEAKS.TP2~ #0 #3110 // Increase Scroll Stacking -> Unlimited scroll stacking: v16
~CDTWEAKS/SETUP-CDTWEAKS.TP2~ #0 #3124 // Stop Haer'Dalis-Aerie Romance from Starting: v16
~CDTWEAKS/SETUP-CDTWEAKS.TP2~ #0 #3125 // Neutral Characters Make Happy Comments at Mid-Range Reputation [Luiz]: v16
~CDTWEAKS/SETUP-CDTWEAKS.TP2~ #0 #3141 // Faster Chapter One and Two Cutscenes and Dreams -> Non-silly version: v16
~CDTWEAKS/SETUP-CDTWEAKS.TP2~ #0 #3151 // Remove Annoying Visual Effects from Equipped Items -> Remove all of the above: v16
~CDTWEAKS/SETUP-CDTWEAKS.TP2~ #0 #3160 // Keep Drizzt's Loot, Disable Malchor Harpell [Weimer]: v16
~CDTWEAKS/SETUP-CDTWEAKS.TP2~ #0 #3176 // Accelerate/Decelerate Romances: v16
~CDTWEAKS/SETUP-CDTWEAKS.TP2~ #0 #3195 // Alter Hostile Rest Spawns -> Decrease frequency by 50%: v16
~CDTWEAKS/SETUP-CDTWEAKS.TP2~ #0 #3200 // Sellable Items [icelus]: v16
~CDTWEAKS/SETUP-CDTWEAKS.TP2~ #0 #3230 // Taerom Makes Additional Ankheg Armor [Icendoan/grogerson]: v16
~CDTWEAKS/SETUP-CDTWEAKS.TP2~ #0 #3294 // Personalize Automatic Save Names -> Use scheme: 000000000-[Protagonist]-Save-Name: v16
~CDTWEAKS/SETUP-CDTWEAKS.TP2~ #0 #3300 // Death Cam: v16
~CDTWEAKS/SETUP-CDTWEAKS.TP2~ #0 #3310 // Start New Games with Party AI Turned Off: v16
~CDTWEAKS/SETUP-CDTWEAKS.TP2~ #0 #3346 // Increase Party Movement Speed and/or Casting Speed Outside of Combat [argent77] -> Casting speed only: v16
~CDTWEAKS/SETUP-CDTWEAKS.TP2~ #0 #4020 // ToB-Style NPCs: v16
~CDTWEAKS/SETUP-CDTWEAKS.TP2~ #0 #4031 // Consistent Stats: Edwin -> Use BG2 values: v16
~CDTWEAKS/SETUP-CDTWEAKS.TP2~ #0 #4041 // Consistent Stats: Jaheira -> Use BG2 values: v16
~CDTWEAKS/SETUP-CDTWEAKS.TP2~ #0 #4050 // Change Jaheira to Neutral Good Alignment: v16
~CDTWEAKS/SETUP-CDTWEAKS.TP2~ #0 #4061 // Consistent Stats: Minsc -> Use BG2 values: v16
~CDTWEAKS/SETUP-CDTWEAKS.TP2~ #0 #4071 // Consistent Stats: Viconia -> Use BG2 values: v16
~CDTWEAKS/SETUP-CDTWEAKS.TP2~ #0 #4140 // Don't Auto-Assign Advanced AI Scripting to Party: v16
~CDTWEAKS/SETUP-CDTWEAKS.TP2~ #0 #4180 // Removable NPC Items: v16
~ATWEAKS/SETUP-ATWEAKS.TP2~ #0 #100 // Restore innate infravision to Half-Orc characters: v4.54
~ATWEAKS/SETUP-ATWEAKS.TP2~ #0 #101 // Prevent skeletal and incorporeal undead from being affected by Illithids' Devour Brain attack: v4.54
~ATWEAKS/SETUP-ATWEAKS.TP2~ #0 #104 // PnP Color Spray: v4.54
~ATWEAKS/SETUP-ATWEAKS.TP2~ #0 #105 // PnP Dimension Door: v4.54
~ATWEAKS/SETUP-ATWEAKS.TP2~ #0 #115 // Allow Mages to scribe memorized spells onto scrolls -> Scrolls can be scribed everywhere: v4.54
~ATWEAKS/SETUP-ATWEAKS.TP2~ #0 #120 // Restore innate disease immunity to Paladins: v4.54
~ATWEAKS/SETUP-ATWEAKS.TP2~ #0 #125 // Rangers' Animal Empathy improves with experience: v4.54
~ATWEAKS/SETUP-ATWEAKS.TP2~ #0 #130 // Additional racial traits for Dwarves: v4.54
~ATWEAKS/SETUP-ATWEAKS.TP2~ #0 #140 // Additional racial traits for Gnomes: v4.54
~ATWEAKS/SETUP-ATWEAKS.TP2~ #0 #160 // PnP Undead: v4.54
~ATWEAKS/SETUP-ATWEAKS.TP2~ #0 #180 // PnP Mephits: v4.54
~ATWEAKS/SETUP-ATWEAKS.TP2~ #0 #185 // PnP Fey creatures: v4.54
~ATWEAKS/SETUP-ATWEAKS.TP2~ #0 #201 // Instant casting for warrior innates: v4.54
~ATWEAKS/SETUP-ATWEAKS.TP2~ #0 #202 // Revised Bhaalpowers -> Enhance the Bhaalpowers and standardize their casting time: v4.54
~ATWEAKS/SETUP-ATWEAKS.TP2~ #0 #203 // Make druidic shapeshifting uninterruptable: v4.54
~ATWEAKS/SETUP-ATWEAKS.TP2~ #0 #213 // Expanded saving throw bonus tables for Dwarves, Gnomes and Halflings: v4.54
~ATWEAKS/SETUP-ATWEAKS.TP2~ #0 #302 // Change the appearance of the Robe of Vecna: v4.54
~ATWEAKS/SETUP-ATWEAKS.TP2~ #0 #310 // Distinctive creature coloring: v4.54
~ATWEAKS/SETUP-ATWEAKS.TP2~ #0 #315 // Distinctive creature soundsets: v4.54
~ATWEAKS/SETUP-ATWEAKS.TP2~ #0 #999 // BG2-style icons for aTweaks content: v4.54
~SUBRACE/SUBRACE.TP2~ #1 #200 // Subrace mod for Baldur's Gate Enhanced Edition (BG1, BG:SoD, BG2, EET) -> No change subrace colors (Hair and Skin): 0.3.2
~EET_END/EET_END.TP2~ #0 #0 // EET end (last mod in install order) -> Standard installation
~PPE/SETUP-PPE.TP2~ #0 #0 // Portraits Portraits Everywhere (PPE) - core component: 1.02
~PPE/SETUP-PPE.TP2~ #0 #100 // Category Portraits (Recommended) -> Sequenced: 1.02
~PPE/SETUP-PPE.TP2~ #0 #20 // Replace Low Quality TOB & SOA Portraits: 1.02
~PPE/SETUP-PPE.TP2~ #0 #30 // Ust Natha Drow NPCs: 1.02
~PPE/SETUP-PPE.TP2~ #0 #40 // Vampire NPCs: 1.02
~BMPP/BMPP.TP2~ #0 #0 // bg1: v0.1
~BMPP/BMPP.TP2~ #0 #1 // bg2: v0.1
