// Log of Currently Installed WeiDU Mods
// The top of the file is the 'oldest' mod
// ~TP2_File~ #language_number #component_number // [Subcomponent Name -> ] Component Name [ : Version]
~BG1NPC/BG1NPC.TP2~ #0 #0 // The BG1 NPC Project: Required Modifications: v32
~BG1NPC/BG1NPC.TP2~ #0 #10 // The BG1 NPC Project: Banters, Quests, and Interjections: v32
~BG1NPC/BG1NPC.TP2~ #0 #23 // The BG1 NPC Project: Ajantis Romance Core (teen content) -> Speed: 15 minutes real time minimum between LoveTalks: v32
~BG1NPC/BG1NPC.TP2~ #0 #33 // The BG1 NPC Project: Branwen's Romance Core (teen content) -> Speed: 15 minutes real time minimum between LoveTalks: v32
~BG1NPC/BG1NPC.TP2~ #0 #43 // The BG1 NPC Project: Coran's Romance Core (adult content) -> Speed: 15 minutes real time minimum between LoveTalks: v32
~BG1NPC/BG1NPC.TP2~ #0 #53 // The BG1 NPC Project: Dynaheir's Romance Core (teen content) -> Speed: 15 minutes real time minimum between LoveTalks: v32
~BG1NPC/BG1NPC.TP2~ #0 #63 // The BG1 NPC Project: Shar-Teel Relationship Core (adult content) -> Speed: 15 minutes real time minimum between LoveTalks: v32
~BG1NPC/BG1NPC.TP2~ #0 #73 // The BG1 NPC Project: Xan's Romance Core (teen content) -> Speed: 15 minutes real time minimum between LoveTalks: v32
~BG1NPC/BG1NPC.TP2~ #0 #80 // The BG1 NPC Project: Female Romance Challenges, Ajantis vs Xan vs Coran: v32
~BG1NPC/BG1NPC.TP2~ #0 #90 // The BG1 NPC Project: NPCs can be sent to wait in an inn: v32
~BG1NPC/BG1NPC.TP2~ #0 #113 // BGEE Banter Timing Tweak -> Banter Timing: Slow (about 40 minutes between banter dialogs): v32
~BG1NPC/BG1NPC.TP2~ #0 #130 // The BG1 NPC Project: Sarevok's Diary Adjustments -> SixofSpades Extended Sarevok's Diary: v32
~BG1UB/SETUP-BG1UB.TP2~ #0 #0 // Ice Island Level Two Restoration: v16.4
~BG1UB/SETUP-BG1UB.TP2~ #0 #11 // Scar and the Sashenstar's Daughter: v16.4
~BG1UB/SETUP-BG1UB.TP2~ #0 #12 // Quoningar, the Cleric: v16.4
~BG1UB/SETUP-BG1UB.TP2~ #0 #13 // Shilo Chen and the Ogre-Magi: v16.4
~BG1UB/SETUP-BG1UB.TP2~ #0 #14 // Edie, the Merchant League Applicant: v16.4
~BG1UB/SETUP-BG1UB.TP2~ #0 #16 // Creature Corrections: v16.4
~BG1UB/SETUP-BG1UB.TP2~ #0 #17 // Creature Restorations: v16.4
~BG1UB/SETUP-BG1UB.TP2~ #0 #18 // Creature Name Restorations: v16.4
~BG1UB/SETUP-BG1UB.TP2~ #0 #19 // Minor Dialogue Restorations: v16.4
~BG1UB/SETUP-BG1UB.TP2~ #0 #21 // Store, Tavern and Inn Fixes and Restorations: v16.4
~BG1UB/SETUP-BG1UB.TP2~ #0 #22 // Item Corrections and Restorations: v16.4
~BG1UB/SETUP-BG1UB.TP2~ #0 #29 // Duke Eltan in the Harbor Master's Building: v16.4
~BG1UB/SETUP-BG1UB.TP2~ #0 #30 // Nim Furlwing Encounter: v16.4
~BG1UB/SETUP-BG1UB.TP2~ #0 #32 // Svlast, the Fallen Paladin Encounter: v16.4
~BG1UB/SETUP-BG1UB.TP2~ #0 #33 // Mal-Kalen, the Ulcaster Ghost: v16.4
~BG1UB/SETUP-BG1UB.TP2~ #0 #34 // Chapter 6 Dialogue Restorations: v16.4
~BG1AERIE/SETUP-BG1AERIE.TP2~ #0 #5000 // Aerie for BG:EE: 2.5
