// Log of Currently Installed WeiDU Mods
// The top of the file is the 'oldest' mod
// ~TP2_File~ #language_number #component_number // [Subcomponent Name -> ] Component Name [ : Version]
~DLCMERGER/DLCMERGER.TP2~ #0 #1 // Merge DLC into game -> Merge "Siege of Dragonspear" DLC: 1.3
~DS/SETUP-DS.TP2~ #0 #0 // Dark Side of the Sword Coast For Baldur's Gate: Enhanced Edition Version 1.02: 1.02
~NTOTSC/NTOTSC.TP2~ #0 #0 // Northern Tales of the Sword Coast (NTotSC) for BGT-Weidu, BG:EE, and EET: 4.1.0
~NTOTSC/NTOTSC.TP2~ #0 #2 // Keelor the Dwarf: 4.1.0
~NTOTSC/NTOTSC.TP2~ #0 #3 // Llindellyn's Lucky Arrow: 4.1.0
~NTOTSC/NTOTSC.TP2~ #0 #4 // Nim Furlwing's Hunting Hounds: 4.1.0
~NTOTSC/NTOTSC.TP2~ #0 #5 // Pilar and Gheldehar: 4.1.0
~NTOTSC/NTOTSC.TP2~ #0 #6 // Svlast's Torment: 4.1.0
~NTOTSC/NTOTSC.TP2~ #0 #7 // Will O'Hara NPC: 4.1.0
~NTOTSC/NTOTSC.TP2~ #0 #8 // Will O'Hara: Install English Soundset: 4.1.0
~NTOTSC/NTOTSC.TP2~ #0 #9 // Fighting Encounters: 4.1.0
~AC_QUEST/AC_QUEST.TP2~ #1 #0 // A Job Well-Paid: 4.1
~AC_QUEST/AC_QUEST.TP2~ #1 #1 // A Feast for the Gnolls: 4.1
~AC_QUEST/AC_QUEST.TP2~ #1 #2 // Jumper: 4.1
~AC_QUEST/AC_QUEST.TP2~ #1 #3 // The Lost Son: 4.1
~AC_QUEST/AC_QUEST.TP2~ #1 #4 // Of Wolves and Men -> Quest uses hut near Thalantyr in High Hedge.: 4.1
~AC_QUEST/AC_QUEST.TP2~ #1 #6 // The Great Carlini: 4.1
~AC_QUEST/AC_QUEST.TP2~ #1 #7 // A Home for the Gibberlings: 4.1
~AC_QUEST/AC_QUEST.TP2~ #1 #8 // Fangirls: 4.1
~AC_QUEST/AC_QUEST.TP2~ #1 #9 // The Serpents of Abbathor: 4.1
~BGQE/SETUP-BGQE.TP2~ #0 #0 // Slime Quest: v25
~BGQE/SETUP-BGQE.TP2~ #0 #1 // Beregost Family Quest: v25
~BGQE/SETUP-BGQE.TP2~ #0 #2 // Babysitting Quest, including the Carnival Encounter...: v25
~BGQE/SETUP-BGQE.TP2~ #0 #3 // Nashkel Monster Quest: v25
~BGQE/SETUP-BGQE.TP2~ #0 #4 // Fallen Paladin Quest: v25
~BGQE/SETUP-BGQE.TP2~ #0 #5 // Undying Love Quest: v25
~BGQE/SETUP-BGQE.TP2~ #0 #6 // Lovesick Half-Orc: v25
~BGQE/SETUP-BGQE.TP2~ #0 #7 // Unexpected Help Quest: v25
~BGQE/SETUP-BGQE.TP2~ #0 #8 // Many Little Paws: v25
~BGQE/SETUP-BGQE.TP2~ #0 #9 // Drunk near Beregost Temple: v25
~BGQE/SETUP-BGQE.TP2~ #0 #10 // A Warm Place for Noober: v25
~BGQE/SETUP-BGQE.TP2~ #0 #11 // Brage's Sword: v25
~BGQE/SETUP-BGQE.TP2~ #0 #12 // Legal Sea Charts Sources: v25
~BGQE/SETUP-BGQE.TP2~ #0 #13 // Additions to the Lady's Hall and the Bitch Queen's Temple: v25
~BGQE/SETUP-BGQE.TP2~ #0 #14 // A Worried Farmer: v25
~BGQE/SETUP-BGQE.TP2~ #0 #15 // Bodies for a Good Cause: v25
~BGQE/SETUP-BGQE.TP2~ #0 #16 // Finish Cordyr's Quest without killing Sil: v25
~BST/SETUP-BST.TP2~ #0 #0 // The BS Company presents Balduran's Seatower: vEAOB.7
~C#ENDLESSBG1/C#ENDLESSBG1.TP2~ #0 #0 // Endless BG1: Main Component (Required): 9
~C#ENDLESSBG1/C#ENDLESSBG1.TP2~ #0 #1 // More Flavor to Hero of Baldur's Gate (Includes PC's Residence Inside Palace): 9
~C#ENDLESSBG1/C#ENDLESSBG1.TP2~ #0 #2 // Short Public Hero Tribute: 9
~C#ENDLESSBG1/C#ENDLESSBG1.TP2~ #0 #3 // Sarevok's Unique Items: 9
~C#ENDLESSBG1/C#ENDLESSBG1.TP2~ #0 #4 // Sarevok's Sword: 9
~C#ENDLESSBG1/C#ENDLESSBG1.TP2~ #0 #5 // Imoen and Duke Jannath (Imoen Gets Residence Inside Palace): 9
~C#ENDLESSBG1/C#ENDLESSBG1.TP2~ #0 #6 // Duke Eltan Is in the Palace: 9
~C#ENDLESSBG1/C#ENDLESSBG1.TP2~ #0 #7 // Flaming Fist After Final Fight: 9
~C#ENDLESSBG1/C#ENDLESSBG1.TP2~ #0 #8 // Elminster Makes an Appearance -> jastey's Version: 9
~C#ENDLESSBG1/C#ENDLESSBG1.TP2~ #0 #10 // First Refugees Come to Baldur's Gate: 9
~C#ENDLESSBG1/C#ENDLESSBG1.TP2~ #0 #11 // Ophyllis the Treasurer is Inside Palace Dungeon: 9
~C#ENDLESSBG1/C#ENDLESSBG1.TP2~ #0 #12 // Denkod in Thieves' Guild Comments on Sarevok's Death: 9
~C#ENDLESSBG1/C#ENDLESSBG1.TP2~ #0 #13 // Skip Thieves' Maze Once After Sarevok's Death: 9
~C#ENDLESSBG1/C#ENDLESSBG1.TP2~ #0 #14 // Korlasz' Dungeon is in BG1: 9
~C#ENDLESSBG1/C#ENDLESSBG1.TP2~ #0 #15 // Fenster the Palace Healer Is in the Palace: 9
~C#ENDLESSBG1/C#ENDLESSBG1.TP2~ #0 #16 // Captain Corwin Is in the Palace: 9
~GORIONSDREAM/SETUP-GORIONSDREAM.TP2~ #0 #0 // Gorion's Dream Restored: V0.9
~SOTSC/SOTSC.TP2~ #0 #0 // Shades of the Sword Coast - Expansion Pack for BGEE: 6.6
~SETUP-TGC1E.TP2~ #0 #0 // The Grey Clan Episode One: In Candlelight, BGT-WeiDU/EET/BG:EE edition v1.9 -> Normal edition: v1.9
~SIRINESCALL/SETUP-SIRINESCALL.TP2~ #0 #0 // The Lure of the Sirine's Call: v16.2
~SOA/SETUP-SOA.TP2~ #0 #0 // The Stone of Askavar for TotSC/Tutu/BGT/BGEE -> Default version: areas connected by travel triggers: 2.2
~BG1UB/SETUP-BG1UB.TP2~ #0 #0 // Ice Island Level Two Restoration: v16.4
~BG1UB/SETUP-BG1UB.TP2~ #0 #11 // Scar and the Sashenstar's Daughter: v16.4
~BG1UB/SETUP-BG1UB.TP2~ #0 #12 // Quoningar, the Cleric: v16.4
~BG1UB/SETUP-BG1UB.TP2~ #0 #13 // Shilo Chen and the Ogre-Magi: v16.4
~BG1UB/SETUP-BG1UB.TP2~ #0 #14 // Edie, the Merchant League Applicant: v16.4
~BG1UB/SETUP-BG1UB.TP2~ #0 #16 // Creature Corrections: v16.4
~BG1UB/SETUP-BG1UB.TP2~ #0 #17 // Creature Restorations: v16.4
~BG1UB/SETUP-BG1UB.TP2~ #0 #18 // Creature Name Restorations: v16.4
~BG1UB/SETUP-BG1UB.TP2~ #0 #19 // Minor Dialogue Restorations: v16.4
~BG1UB/SETUP-BG1UB.TP2~ #0 #21 // Store, Tavern and Inn Fixes and Restorations: v16.4
~BG1UB/SETUP-BG1UB.TP2~ #0 #22 // Item Corrections and Restorations: v16.4
~BG1UB/SETUP-BG1UB.TP2~ #0 #29 // Duke Eltan in the Harbor Master's Building: v16.4
~BG1UB/SETUP-BG1UB.TP2~ #0 #33 // Mal-Kalen, the Ulcaster Ghost: v16.4
~BG1UB/SETUP-BG1UB.TP2~ #0 #34 // Chapter 6 Dialogue Restorations: v16.4
~BG_TRAVEL/SETUP-BG_TRAVEL.TP2~ #0 #66 // New travel system between Baldur's Gate City areas -> Full version of component: v2.1
~MIH_IP/SETUP-MIH_IP.TP2~ #0 #10 // Miscellaneous Item Improvements (see readme): v6
~MIH_IP/SETUP-MIH_IP.TP2~ #0 #12 // Nerf BG1 easter egg items: v6
~MIH_IP/SETUP-MIH_IP.TP2~ #0 #13 // Sensible Shops (see readme): v6
~ITEM_REV/ITEM_REV.TP2~ #0 #0 // Item Revisions by Demivrgvs: V4 Beta 10 (Revised V1.3.800)
~SPELL_REV/SETUP-SPELL_REV.TP2~ #0 #0 // Spell Revisions: v4 Beta 18 (Revised v1.3.800)
~SPELL_REV/SETUP-SPELL_REV.TP2~ #0 #20 // Mirror Image Fix: v4 Beta 18 (Revised v1.3.800)
~SPELL_REV/SETUP-SPELL_REV.TP2~ #0 #30 // Dispel Magic Fix: v4 Beta 18 (Revised v1.3.800)
~SPELL_REV/SETUP-SPELL_REV.TP2~ #0 #55 // Spell Deflection blocks AoE spells: v4 Beta 18 (Revised v1.3.800)
~SPELL_REV/SETUP-SPELL_REV.TP2~ #0 #60 // Update Spellbooks of Joinable NPCs: v4 Beta 18 (Revised v1.3.800)
~SONG_AND_SILENCE/SETUP-SONG_AND_SILENCE.TP2~ #0 #0 // Changes to trueclass bards and thieves, and unmodded game kits (required for other components): v14
~ITEM_REV/ITEM_REV.TP2~ #0 #10 // Revised Shield Bonuses: V4 Beta 10 (Revised V1.3.800)
~ITEM_REV/ITEM_REV.TP2~ #0 #17 // Weapon Changes: V4 Beta 10 (Revised V1.3.800)
~ITEM_REV/ITEM_REV.TP2~ #0 #1080 // Enchantment Doesn't Affect Speed Factor of Weapons: V4 Beta 10 (Revised V1.3.800)
~ITEM_REV/ITEM_REV.TP2~ #0 #19 // Revised Backstabbing -> More Weapons Usable for Backstabbing: V4 Beta 10 (Revised V1.3.800)
~ITEM_REV/ITEM_REV.TP2~ #0 #1060 // Kensai Can Wear Bracers: V4 Beta 10 (Revised V1.3.800)
~MIGHT_AND_GUILE/MIGHT_AND_GUILE.TP2~ #0 #210 // Bard Overhaul: Multiclass Bards: 4.13
~MIGHT_AND_GUILE/MIGHT_AND_GUILE.TP2~ #0 #220 // Revised Multiclassing and Multiclass Kits: 4.13
~MIGHT_AND_GUILE/MIGHT_AND_GUILE.TP2~ #0 #230 // Revised Stalker: 4.13
~MIGHT_AND_GUILE/MIGHT_AND_GUILE.TP2~ #0 #235 // Revised Beastmaster: 4.13
~MIGHT_AND_GUILE/MIGHT_AND_GUILE.TP2~ #0 #240 // Improved Rangers: 4.13
~MIGHT_AND_GUILE/MIGHT_AND_GUILE.TP2~ #0 #245 // Revised Movement Bonuses (Quickstride): 4.13
~MIGHT_AND_GUILE/MIGHT_AND_GUILE.TP2~ #0 #250 // Revised Berserker and Rage: 4.13
~LOW_MAGIC/LOW_MAGIC.TP2~ #0 #402 // Increase Scroll Prices -> Increase Based on Spell Level: v0.5
~CDTWEAKS/SETUP-CDTWEAKS.TP2~ #0 #10 // Remove Helmet Animations: v10 Release Candidate 1
~CDTWEAKS/SETUP-CDTWEAKS.TP2~ #0 #40 // Change Viconia's Skin Color to Dark Blue: v10 Release Candidate 1
~CDTWEAKS/SETUP-CDTWEAKS.TP2~ #0 #110 // Icon Improvements: v10 Release Candidate 1
~CDTWEAKS/SETUP-CDTWEAKS.TP2~ #0 #130 // Force All Dialogue to Pause Game: v10 Release Candidate 1
~CDTWEAKS/SETUP-CDTWEAKS.TP2~ #0 #140 // Fix Boo's Squeak: v10 Release Candidate 1
~CDTWEAKS/SETUP-CDTWEAKS.TP2~ #0 #160 // Make Magic Shields Glow [plainab/grogerson]: v10 Release Candidate 1
~CDTWEAKS/SETUP-CDTWEAKS.TP2~ #0 #182 // Unique Containers [Miloch] -> Unique icons and names: v10 Release Candidate 1
~CDTWEAKS/SETUP-CDTWEAKS.TP2~ #0 #2010 // Separate Resist Fire/Cold Icon into Separate Icons [Angel]: v10 Release Candidate 1
~CDTWEAKS/SETUP-CDTWEAKS.TP2~ #0 #1010 // More Interjections: v10 Release Candidate 1
~CDTWEAKS/SETUP-CDTWEAKS.TP2~ #0 #1060 // Breakable Iron Non-Magical Shields, Helms, and Armor: v10 Release Candidate 1
~CDTWEAKS/SETUP-CDTWEAKS.TP2~ #0 #1100 // Reveal City Maps When Entering Area: v10 Release Candidate 1
~CDTWEAKS/SETUP-CDTWEAKS.TP2~ #0 #1140 // Gems and Potions Require Identification -> Gems and potions: v10 Release Candidate 1
~CDTWEAKS/SETUP-CDTWEAKS.TP2~ #0 #1270 // Change Cloakwood Mine Chapter End Change Trigger to Non-TotSC Behavior [plainab]: v10 Release Candidate 1
~CDTWEAKS/SETUP-CDTWEAKS.TP2~ #0 #2020 // Two-Handed Bastard Swords: v10 Release Candidate 1
~CDTWEAKS/SETUP-CDTWEAKS.TP2~ #0 #2030 // Two-Handed Katanas: v10 Release Candidate 1
~CDTWEAKS/SETUP-CDTWEAKS.TP2~ #0 #2035 // Two-Handed Axes: v10 Release Candidate 1
~CDTWEAKS/SETUP-CDTWEAKS.TP2~ #0 #2040 // Universal Clubs: v10 Release Candidate 1
~CDTWEAKS/SETUP-CDTWEAKS.TP2~ #0 #2090 // Change Experience Point Cap -> Remove experience cap: v10 Release Candidate 1
~CDTWEAKS/SETUP-CDTWEAKS.TP2~ #0 #2150 // Wear Multiple Protection Items -> PnP restrictions: v10 Release Candidate 1
~CDTWEAKS/SETUP-CDTWEAKS.TP2~ #0 #2160 // Alter Weapon Proficiency System -> Rebalanced weapon proficiencies: v10 Release Candidate 1
~CDTWEAKS/SETUP-CDTWEAKS.TP2~ #0 #2170 // Cast Spells from Scrolls (and Other Items) at Character Level: v10 Release Candidate 1
~CDTWEAKS/SETUP-CDTWEAKS.TP2~ #0 #2330 // Remove Delay for Magical Traps [Ardanis/GeN1e]: v10 Release Candidate 1
~CDTWEAKS/SETUP-CDTWEAKS.TP2~ #0 #2440 // Everyone Gets Bonus APR from Specialization [subtledoctor]: v10 Release Candidate 1
~CDTWEAKS/SETUP-CDTWEAKS.TP2~ #0 #2500 // Exceptional Strength Weight Limit Changes [sarevok57]: v10 Release Candidate 1
~CDTWEAKS/SETUP-CDTWEAKS.TP2~ #0 #2510 // Level-Lock Spell Scrolls [Angel]: v10 Release Candidate 1
~CDTWEAKS/SETUP-CDTWEAKS.TP2~ #0 #2520 // Allow Mages to Use Bucklers and Thieves to Use Small Shields [Angel]: v10 Release Candidate 1
~CDTWEAKS/SETUP-CDTWEAKS.TP2~ #0 #2530 // Lightning Bolts Don't Bounce [Angel]: v10 Release Candidate 1
~CDTWEAKS/SETUP-CDTWEAKS.TP2~ #0 #3123 // NPCs Don't Fight: v10 Release Candidate 1
~CDTWEAKS/SETUP-CDTWEAKS.TP2~ #0 #3230 // Taerom Makes Additional Ankheg Armor [Icendoan/grogerson]: v10 Release Candidate 1
~CDTWEAKS/SETUP-CDTWEAKS.TP2~ #0 #3276 // Recoverable Throwing Weapons [argent77] -> 75% chance to recover after a successful hit, vs. enemies only: v10 Release Candidate 1
~CDTWEAKS/SETUP-CDTWEAKS.TP2~ #0 #3280 // Give Every Class/Kit Four Weapon Slots: v10 Release Candidate 1
~CDTWEAKS/SETUP-CDTWEAKS.TP2~ #0 #3330 // Make Party Members Less Likely to Die Irreversibly: v10 Release Candidate 1
~CDTWEAKS/SETUP-CDTWEAKS.TP2~ #0 #3340 // Increase Party Movement Speed and/or Casting Speed Outside of Combat [argent77] -> Movement speed by 50 percent: v10 Release Candidate 1
~CDTWEAKS/SETUP-CDTWEAKS.TP2~ #0 #4000 // Adjust Evil Joinable NPC Reaction Rolls: v10 Release Candidate 1
~CDTWEAKS/SETUP-CDTWEAKS.TP2~ #0 #4025 // Allow NPC Pairs to Separate: v10 Release Candidate 1
~CDTWEAKS/SETUP-CDTWEAKS.TP2~ #0 #4061 // Consistent Stats: Minsc -> Use BG2 values: v10 Release Candidate 1
~CDTWEAKS/SETUP-CDTWEAKS.TP2~ #0 #4070 // Consistent Stats: Viconia -> Use BG values: v10 Release Candidate 1
~CDTWEAKS/SETUP-CDTWEAKS.TP2~ #0 #4150 // Move Boo Into Minsc's Pack: v10 Release Candidate 1
~CDTWEAKS/SETUP-CDTWEAKS.TP2~ #0 #4160 // Allow Yeslick to Use Axes: v10 Release Candidate 1
~CDTWEAKS/SETUP-CDTWEAKS.TP2~ #0 #4170 // Ensure Shar-Teel Doesn't Die in the Original Challenge: v10 Release Candidate 1
~MIH_EQ/SETUP-MIH_EQ.TP2~ #0 #0 // Revised Corporal Undead: v5
~MIH_EQ/SETUP-MIH_EQ.TP2~ #0 #1 // Revised Dragons: v5
~MIH_EQ/SETUP-MIH_EQ.TP2~ #0 #2 // Revised Golems: v5
~MIH_EQ/SETUP-MIH_EQ.TP2~ #0 #5 // Revised Magical Beasts: v5
~MIH_EQ/SETUP-MIH_EQ.TP2~ #0 #6 // Revised Monstrous Spiders: v5
~MIH_EQ/SETUP-MIH_EQ.TP2~ #0 #7 // Revised Oozes, Slimes & Jellies: v5
~MIH_EQ/SETUP-MIH_EQ.TP2~ #0 #8 // Revised Vampires: v5
~MIH_EQ/SETUP-MIH_EQ.TP2~ #0 #10 // Enhanced Battles: Candlekeep Catacombs: v5
~MIH_EQ/SETUP-MIH_EQ.TP2~ #0 #11 // Enhanced Battles: Mutamin's Garden: v5
~MIH_EQ/SETUP-MIH_EQ.TP2~ #0 #12 // Enhanced Battles: Ramazith's Tower: v5
~MIH_EQ/SETUP-MIH_EQ.TP2~ #0 #13 // Enhanced Battles: The Spider Plague: v5
~MIH_EQ/SETUP-MIH_EQ.TP2~ #0 #14 // Enhanced Battles: Thieves' Maze & Undercity: v5
~MIH_EQ/SETUP-MIH_EQ.TP2~ #0 #15 // Enhanced Battles: Ulcaster Ruins: v5
~MIH_EQ/SETUP-MIH_EQ.TP2~ #0 #16 // Enhanced Battles: Xvart Village: v5
~MIH_EQ/SETUP-MIH_EQ.TP2~ #0 #17 // Enhanced Battles: Zombie Farm: v5
~MIH_EQ/SETUP-MIH_EQ.TP2~ #0 #18 // Enhanced Battles: Durlag's Tower: v5
~MIH_EQ/SETUP-MIH_EQ.TP2~ #0 #19 // The Surgeon's Plight: v5
~MIH_EQ/SETUP-MIH_EQ.TP2~ #0 #20 // Sarevok's Assassins: v5
~MIH_EQ/SETUP-MIH_EQ.TP2~ #0 #21 // Prevent chapter 6 cutscene from moving party to Candlekeep: v5
~MIH_EQ/SETUP-MIH_EQ.TP2~ #0 #22 // Minor Quest Tweaks (BG1): v5
~MIH_EQ/SETUP-MIH_EQ.TP2~ #0 #23 // Enhanced Battles: Bridgefort: v5
~MIH_EQ/SETUP-MIH_EQ.TP2~ #0 #24 // Enhanced Battles: Cyric's Temple: v5
~MIH_EQ/SETUP-MIH_EQ.TP2~ #0 #25 // Enhanced Battles: Dwarven Dig Site: v5
~MIH_EQ/SETUP-MIH_EQ.TP2~ #0 #26 // Enhanced Battles: Korlasz' Tomb: v5
~MIH_EQ/SETUP-MIH_EQ.TP2~ #0 #27 // Enhanced Battles: Vampire Encounters: v5
~MIH_EQ/SETUP-MIH_EQ.TP2~ #0 #28 // Complete more/all Vision Quest encounters: v5
~MIH_EQ/SETUP-MIH_EQ.TP2~ #0 #29 // Increase Enemy Group Size: v5
~SCALES_OF_BALANCE/SCALES_OF_BALANCE.TP2~ #0 #100 // IWO - Yet Another Revised Armor System: v5.34
~SCALES_OF_BALANCE/SCALES_OF_BALANCE.TP2~ #0 #101 // IWO - Aesthetic & Enchantment Tweaks -> Standardize Enchanted Equipment: v5.34
~SCALES_OF_BALANCE/SCALES_OF_BALANCE.TP2~ #0 #102 // IWO - Functional Weapon Tweaks: v5.34
~SCALES_OF_BALANCE/SCALES_OF_BALANCE.TP2~ #0 #109 // IWO - All Potions Usable by Any Class: v5.34
~SCALES_OF_BALANCE/SCALES_OF_BALANCE.TP2~ #0 #121 // WPO - Weapon Category Collapse: v5.34
~SCALES_OF_BALANCE/SCALES_OF_BALANCE.TP2~ #0 #124 // WPO - Fighting Style Changes: v5.34
~SCALES_OF_BALANCE/SCALES_OF_BALANCE.TP2~ #0 #160 // STO - Saving Throw Overhaul: v5.34
~SCALES_OF_BALANCE/SCALES_OF_BALANCE.TP2~ #0 #200 // SBO - Stat Bonus Overhaul: v5.34
~SCALES_OF_BALANCE/SCALES_OF_BALANCE.TP2~ #0 #201 // SBO - Stat-based Bonus Spells: v5.34
~SCALES_OF_BALANCE/SCALES_OF_BALANCE.TP2~ #0 #202 // SBO - Full Strength for 2-Hand Weapons Only: v5.34
~SCALES_OF_BALANCE/SCALES_OF_BALANCE.TP2~ #0 #206 // SBO - Hit Dice Overhaul -> Generous (above-average) hit points: v5.34
~SCALES_OF_BALANCE/SCALES_OF_BALANCE.TP2~ #0 #210 // XPO - Slower, standardized XP Tables: v5.34
~STRATAGEMS/SETUP-STRATAGEMS.TP2~ #0 #3041 // Reduce the number of Arrows of Dispelling in stores -> Stores sell a maximum of 5 Arrows of Dispelling: 34.3
~STRATAGEMS/SETUP-STRATAGEMS.TP2~ #0 #3505 // Wider selection of random scrolls: 34.3
~STRATAGEMS/SETUP-STRATAGEMS.TP2~ #0 #3540 // Reduce the power of Inquisitors' Dispel Magic -> Inquisitors dispel at 1.5 x their level (not twice their level): 34.3
~STRATAGEMS/SETUP-STRATAGEMS.TP2~ #0 #3580 // Restoration and Lesser Restoration spells heal ability-score damage: 34.3
~STRATAGEMS/SETUP-STRATAGEMS.TP2~ #0 #4000 // Faster Bears: 34.3
~STRATAGEMS/SETUP-STRATAGEMS.TP2~ #0 #4020 // More realistic wolves and wild dogs: 34.3
~STRATAGEMS/SETUP-STRATAGEMS.TP2~ #0 #4030 // Improved shapeshifting: 34.3
~STRATAGEMS/SETUP-STRATAGEMS.TP2~ #0 #4051 // Decrease the rate at which reputation improves -> Reputation increases at about 1/2 the normal rate: 34.3
~STRATAGEMS/SETUP-STRATAGEMS.TP2~ #0 #4115 // Thieves assign skill points in multiples of five: 34.3
~STRATAGEMS/SETUP-STRATAGEMS.TP2~ #0 #4146 // Skip the Candlekeep tutorial sections -> Skip Candlekeep altogether (warning: breaks the 4th wall!): 34.3
~STRATAGEMS/SETUP-STRATAGEMS.TP2~ #0 #5080 // Improved textscreens in Tales of the Sword Coast: 34.3
~STRATAGEMS/SETUP-STRATAGEMS.TP2~ #0 #5900 // Initialise AI components (required for all tactical and AI components): 34.3
~STRATAGEMS/SETUP-STRATAGEMS.TP2~ #0 #6000 // Smarter general AI: 34.3
~STRATAGEMS/SETUP-STRATAGEMS.TP2~ #0 #6010 // Better calls for help: 34.3
~STRATAGEMS/SETUP-STRATAGEMS.TP2~ #0 #6030 // Smarter Mages: 34.3
~STRATAGEMS/SETUP-STRATAGEMS.TP2~ #0 #6040 // Smarter Priests: 34.3
~STRATAGEMS/SETUP-STRATAGEMS.TP2~ #0 #6100 // Potions for NPCs: 34.3
~STRATAGEMS/SETUP-STRATAGEMS.TP2~ #0 #6200 // Improved Spiders: 34.3
~STRATAGEMS/SETUP-STRATAGEMS.TP2~ #0 #6300 // Smarter sirines and dryads: 34.3
~STRATAGEMS/SETUP-STRATAGEMS.TP2~ #0 #6310 // Slightly smarter carrion crawlers: 34.3
~STRATAGEMS/SETUP-STRATAGEMS.TP2~ #0 #6320 // Smarter basilisks: 34.3
~STRATAGEMS/SETUP-STRATAGEMS.TP2~ #0 #7000 // Improved doppelgangers: 34.3
~STRATAGEMS/SETUP-STRATAGEMS.TP2~ #0 #7010 // Tougher Black Talons and Iron Throne guards: 34.3
~STRATAGEMS/SETUP-STRATAGEMS.TP2~ #0 #7020 // Improved deployment for parties of assassins: 34.3
~STRATAGEMS/SETUP-STRATAGEMS.TP2~ #0 #7030 // Improved kobolds: 34.3
~STRATAGEMS/SETUP-STRATAGEMS.TP2~ #0 #7040 // Relocated bounty hunters: 34.3
~STRATAGEMS/SETUP-STRATAGEMS.TP2~ #0 #7050 // Improved Ulcaster: 34.3
~STRATAGEMS/SETUP-STRATAGEMS.TP2~ #0 #7060 // Improved Balduran's Isle: 34.3
~STRATAGEMS/SETUP-STRATAGEMS.TP2~ #0 #7070 // Improved Durlag's Tower: 34.3
~STRATAGEMS/SETUP-STRATAGEMS.TP2~ #0 #7080 // Improved Demon Cultists: 34.3
~STRATAGEMS/SETUP-STRATAGEMS.TP2~ #0 #7090 // Improved Cloakwood Druids: 34.3
~STRATAGEMS/SETUP-STRATAGEMS.TP2~ #0 #7100 // Improved Bassilus: 34.3
~STRATAGEMS/SETUP-STRATAGEMS.TP2~ #0 #7110 // Improved Drasus party: 34.3
~STRATAGEMS/SETUP-STRATAGEMS.TP2~ #0 #7130 // Improved Red Wizards: 34.3
~STRATAGEMS/SETUP-STRATAGEMS.TP2~ #0 #7140 // Improved Undercity assassins: 34.3
~STRATAGEMS/SETUP-STRATAGEMS.TP2~ #0 #7150 // Improved Carsa/Kahrk interaction: 34.3
~STRATAGEMS/SETUP-STRATAGEMS.TP2~ #0 #7200 // Tougher chapter-two end battle: 34.3
~STRATAGEMS/SETUP-STRATAGEMS.TP2~ #0 #7210 // Tougher chapter-three end battle: 34.3
~STRATAGEMS/SETUP-STRATAGEMS.TP2~ #0 #7220 // Tougher chapter-four end battle: 34.3
~STRATAGEMS/SETUP-STRATAGEMS.TP2~ #0 #7230 // Tougher chapter-five end battle: 34.3
~STRATAGEMS/SETUP-STRATAGEMS.TP2~ #0 #7250 // Improved final battle: 34.3
~STRATAGEMS/SETUP-STRATAGEMS.TP2~ #0 #7900 // Improved minor encounters: 34.3
~ATWEAKS/SETUP-ATWEAKS.TP2~ #0 #120 // Restore innate disease immunity to Paladins: v4.53
~ATWEAKS/SETUP-ATWEAKS.TP2~ #0 #125 // Rangers' Animal Empathy improves with experience: v4.53
~ATWEAKS/SETUP-ATWEAKS.TP2~ #0 #261 // Altered XP rewards from locks, traps and scrolls -> Improved (lowered) XP rewards from locks, traps and scrolls: v4.53
~ATWEAKS/SETUP-ATWEAKS.TP2~ #0 #510 // Expanded temple services: v4.53
~SCALES_OF_BALANCE/SCALES_OF_BALANCE.TP2~ #0 #180 // MRO - Magic Resistance Overhaul: v5.34
~TNT/TNT.TP2~ #0 #2 // Improved trap detection: instant detection: v8.13
~TNT/TNT.TP2~ #0 #3 // Improved trap detection: increase trap sense range: v8.13
~TNT/TNT.TP2~ #0 #5 // Trap reminders -> generic: v8.13
~TNT/TNT.TP2~ #0 #14 // Improved trap detection: core (REQUIRED for any of previous traps components to work): v8.13
~TNT/TNT.TP2~ #0 #15 // Non-disarmable Davaeorn's Battle Horrors: v8.13
~TNT/TNT.TP2~ #0 #27 // Throwing weapons damage type -> Both of the above options: v8.13
~TNT/TNT.TP2~ #0 #30 // Effects of scrolls and potions do not stack with themselves: v8.13
~TNT/TNT.TP2~ #0 #31 // Sensible wand of frost -> Single target: v8.13
~TNT/TNT.TP2~ #0 #35 // Improved Shandalar's cloak: v8.13
~TNT/TNT.TP2~ #0 #36 // Algernon's cloak: usable once per day: v8.13
~TNT/TNT.TP2~ #0 #38 // Distinct quest items: v8.13
~TNT/TNT.TP2~ #0 #39 // Working protection from poison: v8.13
~TNT/TNT.TP2~ #0 #41 // Spider form ignores web: v8.13
~TNT/TNT.TP2~ #0 #45 // True True Sight: v8.13
~TNT/TNT.TP2~ #0 #48 // Working Non-Detection: v8.13
~TNT/TNT.TP2~ #0 #52 // Sensible Blade spins: v8.13
~TNT/TNT.TP2~ #0 #53 // Stores always buy goods at the same (low) price: v8.13
~TNT/TNT.TP2~ #0 #57 // Limited stock: v8.13
~TNT/TNT.TP2~ #0 #59 // Fair fights -> Also remove undroppable items granting unfair advantages from ALL enemies: v8.13
~TNT/TNT.TP2~ #0 #60 // No XP farming: v8.13
~TNT/TNT.TP2~ #0 #63 // Sensible multiclass restrictions: v8.13
~TNT/TNT.TP2~ #0 #66 // Save Melicamp: v8.13
~TNT/TNT.TP2~ #0 #68 // More map notes: v8.13
~TNT/TNT.TP2~ #0 #69 // Disable lightning during rain: v8.13
~LIGHTINGPACK/LIGHTINGPACK.TP2~ #0 #3 // Shader script files for lighting control -> Greatly increased contrast, brightness and gamma: v3.1
~LIM_REST/SETUP-LIM_REST.TP2~ #0 #0 // Rest Once per Day
~PPE/SETUP-PPE.TP2~ #0 #0 // Portraits Portraits Everywhere (PPE) - core component: 1.01
~PPE/SETUP-PPE.TP2~ #0 #100 // Category Portraits (Recommended) -> Sequenced: 1.01
~PPE/SETUP-PPE.TP2~ #0 #10 // Isandir's CHARNAME Portraits: 1.01
~EET_TWEAKS/EET_TWEAKS.TP2~ #0 #2052 // XP for killing creatures -> Decrease to 50%: 1.12
~EET_TWEAKS/EET_TWEAKS.TP2~ #0 #2062 // XP for quests -> Decrease to 50%: 1.12
~EET_TWEAKS/EET_TWEAKS.TP2~ #0 #3000 // Disable hostile reaction after charm: 1.12
~EET_TWEAKS/EET_TWEAKS.TP2~ #0 #3050 // One time area spawn points (no respawning): 1.12
~EET_TWEAKS/EET_TWEAKS.TP2~ #0 #4050 // Books/Scrolls categorization: 1.12
~EET_TWEAKS/EET_TWEAKS.TP2~ #0 #4060 // Wand Case: 1.12
~EET_TWEAKS/EET_TWEAKS.TP2~ #0 #4070 // Key Ring: 1.12
~EE_COSMETIC_ENHANCEMENTS/EE_COSMETIC_ENHANCEMENTS.TP2~ #0 #0 // Item cosmetic enhancements: Includes new icons, projectiles, recoloring, and addition of pulse and solid glows: v1.0.0
~EE_COSMETIC_ENHANCEMENTS/EE_COSMETIC_ENHANCEMENTS.TP2~ #0 #3 // Remove annoying visual effects from equipped items: blur, cloak of mirroring, reflection shield(does not affect spells with these effects).: v1.0.0
~EE_COSMETIC_ENHANCEMENTS/EE_COSMETIC_ENHANCEMENTS.TP2~ #0 #6 // Cosmetic on-hit audio-visual effect enhancements (fire, cold, acid, electricity) -> BG-style on-hit effects: v1.0.0
~EE_COSMETIC_ENHANCEMENTS/EE_COSMETIC_ENHANCEMENTS.TP2~ #0 #22 // Improved slime-type monster animations: v1.0.0
~BETTER_SPELL_VISUALS/BETTER_SPELL_VISUALS.TP2~ #0 #10 // Better Visual Feedback from Spell and Combat Protections: 1 